[2015.08.31-01.08.04:851][  0]Log file open, 08/30/15 21:08:04
[2015.08.31-01.08.04:851][  0]LogInit:Display: Running engine for game: RigerBigger
[2015.08.31-01.08.04:851][  0]LogInit:Display: RandInit(-289011228) SRandInit(-289011228).
[2015.08.31-01.08.04:851][  0]LogTaskGraph: Started task graph with 4 named threads and 7 total threads.
[2015.08.31-01.08.04:851][  0]LogStats: Stats thread started
[2015.08.31-01.08.04:851][  0]LogInit: Version: 4.8.3-2634408+++depot+UE4-Releases+4.8
[2015.08.31-01.08.04:851][  0]LogInit: API Version: 2579680
[2015.08.31-01.08.04:851][  0]LogInit: Compiled (64-bit): Jul 27 2015 16:24:33
[2015.08.31-01.08.04:851][  0]LogInit: Compiled with Visual C++: 18.00.21005.01
[2015.08.31-01.08.04:851][  0]LogInit: Build Configuration: Development
[2015.08.31-01.08.04:851][  0]LogInit: Branch Name: ++depot+UE4-Releases+4.8
[2015.08.31-01.08.04:851][  0]LogInit: Command line:  
[2015.08.31-01.08.04:851][  0]LogInit: Base directory: C:/Program Files/UE45/Epic Games/4.8/Engine/Binaries/Win64/
[2015.08.31-01.08.04:851][  0]LogInit: Rocket: 1
[2015.08.31-01.08.04:868][  0]LogInit: Using libcurl 7.41.0
[2015.08.31-01.08.04:868][  0]LogInit:  - built for x86_64-pc-win32
[2015.08.31-01.08.04:868][  0]LogInit:  - supports SSL with WinSSL
[2015.08.31-01.08.04:868][  0]LogInit:  - other features:
[2015.08.31-01.08.04:868][  0]LogInit:      CURL_VERSION_SSL
[2015.08.31-01.08.04:868][  0]LogInit:      CURL_VERSION_IPV6
[2015.08.31-01.08.04:868][  0]LogInit:      CURL_VERSION_ASYNCHDNS
[2015.08.31-01.08.04:868][  0]LogInit:      CURL_VERSION_LARGEFILE
[2015.08.31-01.08.04:868][  0]LogInit:      CURL_VERSION_IDN
[2015.08.31-01.08.04:868][  0]LogInit:  CurlRequestOptions (configurable via config and command line):
[2015.08.31-01.08.04:868][  0]LogInit:  - bVerifyPeer = true  - Libcurl will verify peer certificate
[2015.08.31-01.08.04:868][  0]LogInit:  - bUseHttpProxy = false  - Libcurl will NOT use HTTP proxy
[2015.08.31-01.08.04:868][  0]LogInit:  - bDontReuseConnections = false  - Libcurl will reuse connections
[2015.08.31-01.08.04:868][  0]LogInit:  - CertBundlePath = nullptr  - Libcurl will use whatever was configured at build time.
[2015.08.31-01.08.04:885][  0]LogOnline:Warning: No default platform service specified for OnlineSubsystem
[2015.08.31-01.08.04:903][  0]LogInit: Presizing for 0 objects not considered by GC, pre-allocating 0 bytes.
[2015.08.31-01.08.04:909][  0]LogInit: Object subsystem initialized
[2015.08.31-01.08.04:910][  0]LogConsoleResponse:Warning: Skipping Unknown console variable: 'TranslucentSortAxis = (X=0.000000,Y=-1.000000,Z=0.000000)'
[2015.08.31-01.08.04:910][  0]LogConsoleResponse:Warning:   Found in ini file 'C:/Users/Owner/Documents/Unreal Projects/RigerBigger/Saved/Config/Windows/Engine.ini', in section '[/Script/Engine.RendererSettings]'
[2015.08.31-01.08.04:910][  0]LogConsoleResponse:Warning: Skipping Unknown console variable: 'UIScaleRule = ShortestSide'
[2015.08.31-01.08.04:910][  0]LogConsoleResponse:Warning:   Found in ini file 'C:/Users/Owner/Documents/Unreal Projects/RigerBigger/Saved/Config/Windows/Engine.ini', in section '[/Script/Engine.RendererSettings]'
[2015.08.31-01.08.04:910][  0]LogConsoleResponse:Warning: Skipping Unknown console variable: 'UIScaleCurve = (EditorCurveData=(Keys=),ExternalCurve=None)'
[2015.08.31-01.08.04:910][  0]LogConsoleResponse:Warning:   Found in ini file 'C:/Users/Owner/Documents/Unreal Projects/RigerBigger/Saved/Config/Windows/Engine.ini', in section '[/Script/Engine.RendererSettings]'
[2015.08.31-01.08.04:910][  0]LogInit: Selected Device Profile: [Windows]
[2015.08.31-01.08.04:910][  0]LogInit: Applying CVar settings loaded from the selected device profile: [Windows]
[2015.08.31-01.08.04:918][  0]LogInit: Computer: ASUS
[2015.08.31-01.08.04:918][  0]LogInit: User: Owner
[2015.08.31-01.08.04:918][  0]LogInit: CPU Page size=4096, Cores=4
[2015.08.31-01.08.04:918][  0]LogInit: High frequency timer resolution =2.338342 MHz
[2015.08.31-01.08.04:918][  0]LogMemory: Memory total: Physical=15.9GB (16GB approx)
[2015.08.31-01.08.04:918][  0]LogMemory: Platform Memory Stats for Windows
[2015.08.31-01.08.04:918][  0]LogMemory: Process Physical Memory: 52.67 MB used, 52.67 MB peak
[2015.08.31-01.08.04:918][  0]LogMemory: Process Virtual Memory: 25.50 MB used, 25.50 MB peak
[2015.08.31-01.08.04:918][  0]LogMemory: Physical Memory: 4344.37 MB used, 16267.18 MB total
[2015.08.31-01.08.04:918][  0]LogMemory: Virtual Memory: 298.54 MB used, 134217728.00 MB total
[2015.08.31-01.08.04:980][  0]LogTextLocalizationManager: The requested culture ('en_US') has no localization data; parent culture's ('en') localization data will be used.
[2015.08.31-01.08.05:183][  0]LogTextLocalizationManager:Warning: Loaded localization resources contain conflicting entries for (Namespace:ContentBrowser, Key:ImportAssetToolTip):
Localization Resource: (C:/Program Files/UE45/Epic Games/4.8/Engine/Content/Localization/Editor/en/Editor.locres) Source String Hash: (-630476809) Localized String: (Import to {0}...)
Localization Resource: (C:/Program Files/UE45/Epic Games/4.8/Engine/Content/Localization/Editor/en/Editor.locres) Source String Hash: (1271782899) Localized String: (Imports an asset from file to this folder.)
[2015.08.31-01.08.05:605][  0]LogD3D11RHI: Found D3D11 adapter 0: Intel(R) HD Graphics 4600 (Feature Level 11_0)
[2015.08.31-01.08.05:605][  0]LogD3D11RHI: Adapter has 32MB of dedicated video memory, 0MB of dedicated system memory, and 1760MB of shared system memory, 1 output[s]
[2015.08.31-01.08.05:606][  0]LogD3D11RHI: Found D3D11 adapter 1: Microsoft Basic Render Driver (Feature Level 11_0)
[2015.08.31-01.08.05:606][  0]LogD3D11RHI: Adapter has 0MB of dedicated video memory, 0MB of dedicated system memory, and 256MB of shared system memory, 0 output[s]
[2015.08.31-01.08.05:606][  0]LogD3D11RHI: Chosen D3D11 Adapter Id = 0
[2015.08.31-01.08.05:610][  0]LogD3D11RHI: InitD3DDevice
[2015.08.31-01.08.05:610][  0]LogD3D11RHI: !Direct3DDevice
[2015.08.31-01.08.05:610][  0]LogRHI: Texture pool is 638 MB (70% of 912 MB)
[2015.08.31-01.08.05:617][  0]LogD3D11RHI: Async texture creation enabled
[2015.08.31-01.08.05:622][  0]LogShaderCompilers:Display: Using Local Shader Compiler.
[2015.08.31-01.08.06:560][  0]LogTemp:Display: Loaded TP DesktopTargetPlatform
[2015.08.31-01.08.06:579][  0]LogTemp:Display: Loaded TP WindowsClientTargetPlatform
[2015.08.31-01.08.06:597][  0]LogTemp:Display: Loaded TP WindowsNoEditorTargetPlatform
[2015.08.31-01.08.06:615][  0]LogTemp:Display: Loaded TP WindowsServerTargetPlatform
[2015.08.31-01.08.06:634][  0]LogTemp:Display: Loaded TP WindowsTargetPlatform
[2015.08.31-01.08.06:649][  0]LogTemp:Display: Loaded TP AndroidTargetPlatform
[2015.08.31-01.08.06:665][  0]LogTemp:Display: Loaded TP Android_ASTCTargetPlatform
[2015.08.31-01.08.06:680][  0]LogTemp:Display: Loaded TP Android_ATCTargetPlatform
[2015.08.31-01.08.06:699][  0]LogTemp:Display: Loaded TP Android_DXTTargetPlatform
[2015.08.31-01.08.06:716][  0]LogTemp:Display: Loaded TP Android_ETC1TargetPlatform
[2015.08.31-01.08.06:733][  0]LogTemp:Display: Loaded TP Android_ETC2TargetPlatform
[2015.08.31-01.08.06:750][  0]LogTemp:Display: Loaded TP Android_PVRTCTargetPlatform
[2015.08.31-01.08.06:812][  0]LogTemp:Display: Loaded TP IOSTargetPlatform
[2015.08.31-01.08.06:829][  0]LogTemp:Display: Loaded TP LinuxNoEditorTargetPlatform
[2015.08.31-01.08.06:846][  0]LogTemp:Display: Loaded TP LinuxServerTargetPlatform
[2015.08.31-01.08.06:865][  0]LogTemp:Display: Loaded TP LinuxTargetPlatform
[2015.08.31-01.08.06:865][  0]LogTargetPlatformManager:Display: Building Assets For Windows
[2015.08.31-01.08.07:143][  0]LogDerivedDataCache:Display: Max Cache Size: 512 MB
[2015.08.31-01.08.07:200][  0]LogDerivedDataCache: Loaded boot cache 0.06s 53MB C:/Users/Owner/AppData/Local/UnrealEngine/4.8/DerivedDataCache/Boot.ddc.
[2015.08.31-01.08.07:200][  0]LogDerivedDataCache:Display: Loaded Boot cache: C:/Users/Owner/AppData/Local/UnrealEngine/4.8/DerivedDataCache/Boot.ddc
[2015.08.31-01.08.07:200][  0]LogDerivedDataCache: FDerivedDataBackendGraph:  Pak pak cache file ../../../../../../../Users/Owner/Documents/Unreal Projects/RigerBigger/DerivedDataCache/DDC.ddp not found, will not use a pak cache.
[2015.08.31-01.08.07:200][  0]LogDerivedDataCache: Unable to find inner node Pak for hierarchical cache Hierarchy.
[2015.08.31-01.08.07:200][  0]LogDerivedDataCache: FDerivedDataBackendGraph:  CompressedPak pak cache file ../../../../../../../Users/Owner/Documents/Unreal Projects/RigerBigger/DerivedDataCache/Compressed.ddp not found, will not use a pak cache.
[2015.08.31-01.08.07:200][  0]LogDerivedDataCache: Unable to find inner node CompressedPak for hierarchical cache Hierarchy.
[2015.08.31-01.08.07:347][  0]LogDerivedDataCache:Display: Pak cache opened for reading ../../../Engine/DerivedDataCache/Compressed.ddp.
[2015.08.31-01.08.07:359][  0]LogDerivedDataCache: Using Local data cache path C:/Users/Owner/AppData/Local/UnrealEngine/Common/DerivedDataCache: Writable
[2015.08.31-01.08.07:592][  0]LogInit: Selected Device Profile: [Windows]
[2015.08.31-01.08.07:677][  0]ImportText (ComponentSweepMultiTests): Missing closing parenthesis: (RootShapeAsset="/Engine/BasicShapes/Cube.Cube",ShapeType="TriggerCapsule",HitResult=(Time=0.50,Location=(X=-100.000015,Y=0.0,Z=100.000015),ImpactPoint=(X=-50.0,Y=0.0,Z=50.0),Normal=(X=-1.0,Y=-0.0,Z=0.0),ImpactNormal=(X=0.0,Y=0.0,Z=1.0),TraceStart=(X=-200.0,Y=0.0,Z=200.0),TraceEnd=(X=0.0,Y=0.0,Z=0.0))
[2015.08.31-01.08.07:677][  0]ImportText (LineTraceSingleByChannelTests): Missing closing parenthesis: (RootShapeAsset="/Engine/BasicShapes/Cube.Cube",HitResult=(Time=0.50,Location=(X=-100.000015,Y=0.0,Z=100.000015),ImpactPoint=(X=-50.0,Y=0.0,Z=50.0),Normal=(X=-1.0,Y=-0.0,Z=0.0),ImpactNormal=(X=0.0,Y=0.0,Z=1.0),TraceStart=(X=-200.0,Y=0.0,Z=200.0),TraceEnd=(X=0.0,Y=0.0,Z=0.0))
[2015.08.31-01.08.07:715][  0]LogMeshUtilities: No automatic mesh reduction module available
[2015.08.31-01.08.07:715][  0]LogMeshUtilities: No automatic mesh merging module available
[2015.08.31-01.08.08:045][  0]LogInit: WinSock: version 1.1 (2.2), MaxSocks=32767, MaxUdp=65467
[2015.08.31-01.08.09:249][  0]UdpMessaging: Initializing bridge on interface 0.0.0.0:0 to multicast group 230.0.0.1:6666.
[2015.08.31-01.08.09:659][  0]SourceControl: Info Source control is disabled
[2015.08.31-01.08.09:668][  0]SourceControl: Info Source control is disabled
[2015.08.31-01.08.09:681][  0]SourceControl: Info Source control is disabled
[2015.08.31-01.08.09:694][  0]SourceControl: Info Source control is disabled
[2015.08.31-01.08.09:960][  0]LogObj: 26279 objects as part of root set at end of initial load.
[2015.08.31-01.08.09:960][  0]LogUObjectAllocator: 5411216 out of 0 bytes used by permanent object pool.
[2015.08.31-01.08.10:036][  0]LogEngine: Initializing Engine...
[2015.08.31-01.08.10:038][  0]OCULUS: Info: [CAPI] LibOVR module is located at C:\WINDOWS\SYSTEM32\LibOVRRT64_0_6.dll

[2015.08.31-01.08.10:640][  0]OCULUS: Error: [CAPI] ovrHmd_Create failed to complete within the timeout period.
[2015.08.31-01.08.10:747][  0]LogHMD:Warning: SteamVR failed to initialize.  Error: 108
[2015.08.31-01.08.10:900][  0]LogAIModule: Creating AISystem for world NewWorld
[2015.08.31-01.08.10:909][  0]LogInit: XAudio2 using 'Speakers (M-Audio Micro)' : 2 channels at 44.1 kHz using 16 bits per sample (channel mask 0x3)
[2015.08.31-01.08.10:922][  0]LogInit: FAudioDevice initialized.
[2015.08.31-01.08.10:951][  0]LogDerivedDataCache: Saved boot cache 0.03s 53MB C:/Users/Owner/AppData/Local/UnrealEngine/4.8/DerivedDataCache/Boot.ddc.
[2015.08.31-01.08.10:954][  0]LogInit: Texture streaming: Disabled
[2015.08.31-01.08.10:987][  0]LogAnalytics: Creating configured Analytics provider AnalyticsET
[2015.08.31-01.08.10:987][  0]LogAnalytics: [UEEditor.Rocket.Release] APIServer = http://et2.epicgames.com/ET2/. AppVersion = 4.8.3-2634408+++depot+UE4-Releases+4.8
[2015.08.31-01.08.10:987][  0]LogAnalytics: [UEEditor.Rocket.Release] SetUserId 35226550403f01e61bf75787a876a810|e8dad8564e6d4f898fb2f14da66fe74c|895c8296-c7c6-4d98-8220-90cf576083c0
[2015.08.31-01.08.10:987][  0]LogAnalytics: [UEEditor.Rocket.Release] AnalyticsET::StartSession
[2015.08.31-01.08.11:025][  0]LogInit: Transaction tracking system initialized
[2015.08.31-01.08.11:210][  0]BlueprintLog: New page: Editor Load
[2015.08.31-01.08.11:252][  0]LogAssetRegistry: FAssetRegistry took 0.0106 seconds to start up
[2015.08.31-01.08.11:252][  0]LogDirectoryWatcher:Warning: Failed to begin reading directory changes for ../../../Engine/Plugins/Experimental/CharacterAI/Content/. Error: 0
[2015.08.31-01.08.12:087][  0]LogConsoleManager:Warning: Console variable 'r.VSync' wasn't set ('GameSetting' has a lower priority than 'SystemSettingsIni')
[2015.08.31-01.08.12:087][  0]LogConsoleResponse:Display: 
[2015.08.31-01.08.12:205][  0]LogCook:Display: Done creating registry. It took  0.00s.
[2015.08.31-01.08.12:415][  0]SourceControl: Info Source control is disabled
[2015.08.31-01.08.12:415][  0]Cmd: MAP LOAD FILE="../../../../../../../Users/Owner/Documents/Unreal Projects/RigerBigger/Content/Bigger/Maps/MainMenu.umap" TEMPLATE=0 SHOWPROGRESS=1 FEATURELEVEL=3
[2015.08.31-01.08.12:416][  0]LightingResults: New page: Lighting Build
[2015.08.31-01.08.12:432][  0]MapCheck: New page: Map Check
[2015.08.31-01.08.12:432][  0]LightingResults: New page: Lighting Build
[2015.08.31-01.08.12:440][  0]LogParticles: Destroying 0 GPU particle simulations for FXSystem 0x0000002DE8430B80
[2015.08.31-01.08.16:792][  0]LogAIModule: Creating AISystem for world MainMenu
[2015.08.31-01.08.16:834][  0]LogEditorServer: Finished looking for orphan Actors (0.000 secs)
[2015.08.31-01.08.16:835][  0]Cmd: MAP CHECKDEP NOCLEARLOG
[2015.08.31-01.08.16:934][  0]MapCheck: Info Map check complete: 0 Error(s), 0 Warning(s), took 98.502ms to complete.
[2015.08.31-01.08.16:934][  0]LogFileHelpers: Loading map 'MainMenu' took 4.518
[2015.08.31-01.08.17:045][  0]LogCollectionManager: Loaded 0 collections in 0.002388 seconds
[2015.08.31-01.08.17:055][  0]LogContentBrowser: Native class hierarchy populated in 0.0100 seconds. Added 1793 classes and 304 folders.
[2015.08.31-01.08.17:110][  0]LogContentBrowser: Native class hierarchy updated for 'WidgetCarousel' in 0.0026 seconds. Added 0 classes and 0 folders.
[2015.08.31-01.08.17:149][  0]LogContentBrowser: Native class hierarchy updated for 'AddContentDialog' in 0.0025 seconds. Added 0 classes and 0 folders.
[2015.08.31-01.08.17:170][  0]LogContentBrowser: Native class hierarchy updated for 'SceneOutliner' in 0.0025 seconds. Added 1 classes and 2 folders.
[2015.08.31-01.08.17:265][  0]LogCrashTracker: Crashtracker disabled due to settings.
[2015.08.31-01.08.17:266][  0]LogD3D11RHI: InitD3DDevice
[2015.08.31-01.08.17:269][  0]LogUObjectGlobals:Warning: Failed to find object 'Class None.'
[2015.08.31-01.08.17:292][  0]LogLoad: Full Startup: 14.23 seconds (BP compile: 2.07 seconds)
[2015.08.31-01.08.17:309][  0]LogWindowsTextInputMethodSystem:Display: IME system now deactivated.
[2015.08.31-01.08.17:309][  0]LogWindowsTextInputMethodSystem:Display: IME system now deactivated.
[2015.08.31-01.08.17:471][  0]LogContentStreaming: Texture pool size is 0.000000MB
[2015.08.31-01.08.17:519][  0]LogContentStreaming: Texture pool size now 400 MB
[2015.08.31-01.08.17:722][  0]LogRenderer: Reallocating scene render targets to support 1240x624 (Frame:2).
[2015.08.31-01.08.18:859][ 18]LogAssetRegistry: Asset discovery search completed in 7.6187 seconds
[2015.08.31-01.08.32:281][315]LogD3D11RHI: InitD3DDevice
[2015.08.31-01.08.33:841][349]LogD3D11RHI: InitD3DDevice
[2015.08.31-01.08.34:993][374]LogActorComponent: UnregisterComponent: (/Engine/Transient.CharMoveComp) Not registered. Aborting.
[2015.08.31-01.08.35:334][374]Cmd: MAP LOAD FILE="../../../../../../../Users/Owner/Documents/Unreal Projects/RigerBigger/Content/Bigger/Maps/Race4.umap" TEMPLATE=0 SHOWPROGRESS=1 FEATURELEVEL=3
[2015.08.31-01.08.35:337][374]LogD3D11RHI: InitD3DDevice
[2015.08.31-01.08.35:357][374]LightingResults: New page: Lighting Build
[2015.08.31-01.08.35:391][374]LoadErrors: New page: Loading map: Race4.umap
[2015.08.31-01.08.35:391][374]MapCheck: New page: Map Check
[2015.08.31-01.08.35:391][374]LightingResults: New page: Lighting Build
[2015.08.31-01.08.35:405][374]LogParticles: Destroying 0 GPU particle simulations for FXSystem 0x0000002DF4B37EC0
[2015.08.31-01.08.35:563][374]LogAIModule: Creating AISystem for world Race4
[2015.08.31-01.08.35:612][374]LogEditorServer: Finished looking for orphan Actors (0.000 secs)
[2015.08.31-01.08.35:648][374]Cmd: MAP CHECKDEP NOCLEARLOG
[2015.08.31-01.08.35:750][374]MapCheck: Info Map check complete: 0 Error(s), 0 Warning(s), took 101.943ms to complete.
[2015.08.31-01.08.35:750][374]LogFileHelpers: Loading map 'Race4' took 0.418
[2015.08.31-01.08.39:934][501]LogPlayLevel: PIE:  No blueprints needed recompiling
[2015.08.31-01.08.39:936][501]PIE: New page: PIE session: Race4 (Aug 30, 2015, 5:08:39 PM)
[2015.08.31-01.08.39:937][501]LogPlayLevel: Creating play world package: /Game/Bigger/Maps/UEDPIE_0_Race4
[2015.08.31-01.08.39:956][501]LogPlayLevel: PIE: StaticDuplicateObject took: (0.019548s)
[2015.08.31-01.08.39:957][501]LogAIModule: Creating AISystem for world Race4
[2015.08.31-01.08.39:957][501]LogPlayLevel: PIE: World Init took: (0.001000s)
[2015.08.31-01.08.39:958][501]LogPlayLevel: PIE: Created PIE world by copying editor world from /Game/Bigger/Maps/Race4.Race4 to /Game/Bigger/Maps/UEDPIE_0_Race4.Race4 (0.020729s)
[2015.08.31-01.08.40:004][501]LogInit: XAudio2 using 'Speakers (M-Audio Micro)' : 2 channels at 44.1 kHz using 16 bits per sample (channel mask 0x3)
[2015.08.31-01.08.40:011][501]LogInit: FAudioDevice initialized.
[2015.08.31-01.08.40:014][501]LogD3D11RHI: InitD3DDevice
[2015.08.31-01.08.40:084][501]LogWorld: Game class is 'BiggerGameMode_C'
[2015.08.31-01.08.40:092][501]LogWorld: Bringing World /Game/Bigger/Maps/UEDPIE_0_Race4.Race4 up for play (max tick rate 60) at 2015.08.30-21.08.40
[2015.08.31-01.08.40:092][501]LogActor:Warning: GameSession /Game/Bigger/Maps/UEDPIE_0_Race4.Race4:PersistentLevel.GameSession_0 has natively added scene component(s), but none of them were set as the actor's RootComponent - picking one arbitrarily
[2015.08.31-01.08.40:093][501]LogActor:Warning: GameNetworkManager /Game/Bigger/Maps/UEDPIE_0_Race4.Race4:PersistentLevel.GameNetworkManager_0 has natively added scene component(s), but none of them were set as the actor's RootComponent - picking one arbitrarily
[2015.08.31-01.08.40:093][501]LogWorld: Bringing up level for play took: 0.006425
[2015.08.31-01.08.40:116][501]PIE: Info Play in editor start time for /Game/Bigger/Maps/UEDPIE_0_Race4 -0.602
[2015.08.31-01.08.40:161][501]LogAudio:Warning: Spatialisation on stereo and multichannel sounds is not supported. SoundWave: truck_sound SoundCue: truck_sound_Cue Actor: BiggerCharacter_C_0 AudioComponent: truck_sound_Cue
[2015.08.31-01.08.54:624][957]LogAudio:Warning: Spatialisation on stereo and multichannel sounds is not supported. SoundWave: EngineRev Actor: BiggerCharacter_C_0 AudioComponent: AudioComponent_0
[2015.08.31-01.09.07:193][359]LogAudio:Warning: Spatialisation on stereo and multichannel sounds is not supported. SoundWave: RB_checkpoint_sound
[2015.08.31-01.10.12:188][451]LogParticles: Destroying 0 GPU particle simulations for FXSystem 0x0000002DF639EE80
[2015.08.31-01.10.14:250][518]LogPlayLevel: PIE:  No blueprints needed recompiling
[2015.08.31-01.10.14:251][518]PIE: New page: PIE session: Race4 (Aug 30, 2015, 5:10:14 PM)
[2015.08.31-01.10.14:251][518]LogPlayLevel: Creating play world package: /Game/Bigger/Maps/UEDPIE_0_Race4
[2015.08.31-01.10.14:272][518]LogPlayLevel: PIE: StaticDuplicateObject took: (0.020771s)
[2015.08.31-01.10.14:272][518]LogAIModule: Creating AISystem for world Race4
[2015.08.31-01.10.14:273][518]LogPlayLevel: PIE: World Init took: (0.001095s)
[2015.08.31-01.10.14:273][518]LogPlayLevel: PIE: Created PIE world by copying editor world from /Game/Bigger/Maps/Race4.Race4 to /Game/Bigger/Maps/UEDPIE_0_Race4.Race4 (0.022044s)
[2015.08.31-01.10.14:311][518]LogInit: XAudio2 using 'Speakers (M-Audio Micro)' : 2 channels at 44.1 kHz using 16 bits per sample (channel mask 0x3)
[2015.08.31-01.10.14:318][518]LogInit: FAudioDevice initialized.
[2015.08.31-01.10.14:321][518]LogD3D11RHI: InitD3DDevice
[2015.08.31-01.10.14:352][518]LogWorld: Game class is 'BiggerGameMode_C'
[2015.08.31-01.10.14:359][518]LogWorld: Bringing World /Game/Bigger/Maps/UEDPIE_0_Race4.Race4 up for play (max tick rate 60) at 2015.08.30-21.10.14
[2015.08.31-01.10.14:359][518]LogActor:Warning: GameSession /Game/Bigger/Maps/UEDPIE_0_Race4.Race4:PersistentLevel.GameSession_1 has natively added scene component(s), but none of them were set as the actor's RootComponent - picking one arbitrarily
[2015.08.31-01.10.14:360][518]LogActor:Warning: GameNetworkManager /Game/Bigger/Maps/UEDPIE_0_Race4.Race4:PersistentLevel.GameNetworkManager_1 has natively added scene component(s), but none of them were set as the actor's RootComponent - picking one arbitrarily
[2015.08.31-01.10.14:360][518]LogWorld: Bringing up level for play took: 0.006242
[2015.08.31-01.10.14:382][518]PIE: Info Play in editor start time for /Game/Bigger/Maps/UEDPIE_0_Race4 -0.336
[2015.08.31-01.10.23:666][807]LogAudio:Warning: Spatialisation on stereo and multichannel sounds is not supported. SoundWave: MissleLaunch Actor: Rocket_C_0 AudioComponent: AudioComponent_24
[2015.08.31-01.10.36:571][210]LogAudio:Warning: Spatialisation on stereo and multichannel sounds is not supported. SoundWave: impact
[2015.08.31-01.11.34:031][ 48]LogParticles: Destroying 0 GPU particle simulations for FXSystem 0x0000002D81A777E0
[2015.08.31-01.11.43:784][354]LogEditorViewport: Clicking on Actor (LMB): BP_Sky_Sphere_C (Sky Sphere)
[2015.08.31-01.11.57:900][791]LogD3D11RHI: InitD3DDevice
[2015.08.31-01.11.58:082][791]LogSavePackage: Save=29.297682ms
[2015.08.31-01.11.58:082][791]LogSavePackage: Moving '../../../../../../../Users/Owner/Documents/Unreal Projects/RigerBigger/Saved/Race42A70B5EA4274D31AFCCF4BB12E9203C3.tmp' to '../../../../../../../Users/Owner/Documents/Unreal Projects/RigerBigger/Content/Bigger/Maps/Race4.umap'
[2015.08.31-01.11.58:112][791]LogFileHelpers: Saving map 'Race4' took 0.195
[2015.08.31-01.12.03:200][958]LogActorComponent: UnregisterComponent: (/Engine/Transient.CharMoveComp) Not registered. Aborting.
[2015.08.31-01.12.03:262][958]LogD3D11RHI: InitD3DDevice
[2015.08.31-01.12.03:433][958]LogSavePackage: Save=28.255491ms
[2015.08.31-01.12.03:433][958]LogSavePackage: Moving '../../../../../../../Users/Owner/Documents/Unreal Projects/RigerBigger/Saved/Race42DEE4DB14BCE20E9684DD891162DA05F.tmp' to '../../../../../../../Users/Owner/Documents/Unreal Projects/RigerBigger/Content/Bigger/Maps/Race4.umap'
[2015.08.31-01.12.03:462][958]LogFileHelpers: Saving map 'Race4' took 0.187
[2015.08.31-01.12.33:685][843]LogPhysics:Warning: FDerivedDataPhysXCooker::BuildTriMesh: Triangle data from '/Game/Bigger/Maps/Race4.Race4:PersistentLevel.ModelComponent_26' invalid (276 verts, 0 indices).
[2015.08.31-01.12.36:214][917]LogPhysics:Warning: FDerivedDataPhysXCooker::BuildTriMesh: Triangle data from '/Game/Bigger/Maps/Race4.Race4:PersistentLevel.ModelComponent_66' invalid (324 verts, 0 indices).
[2015.08.31-01.12.43:155][125]LogPhysics:Warning: FDerivedDataPhysXCooker::BuildTriMesh: Triangle data from '/Game/Bigger/Maps/Race4.Race4:PersistentLevel.ModelComponent_108' invalid (292 verts, 0 indices).
[2015.08.31-01.12.46:087][212]LogPhysics:Warning: FDerivedDataPhysXCooker::BuildTriMesh: Triangle data from '/Game/Bigger/Maps/Race4.Race4:PersistentLevel.ModelComponent_147' invalid (324 verts, 0 indices).
[2015.08.31-01.12.49:594][317]LogPhysics:Warning: FDerivedDataPhysXCooker::BuildTriMesh: Triangle data from '/Game/Bigger/Maps/Race4.Race4:PersistentLevel.ModelComponent_185' invalid (324 verts, 0 indices).
[2015.08.31-01.12.52:642][405]LogPhysics:Warning: FDerivedDataPhysXCooker::BuildTriMesh: Triangle data from '/Game/Bigger/Maps/Race4.Race4:PersistentLevel.ModelComponent_223' invalid (300 verts, 0 indices).
[2015.08.31-01.12.57:968][564]LogPhysics:Warning: FDerivedDataPhysXCooker::BuildTriMesh: Triangle data from '/Game/Bigger/Maps/Race4.Race4:PersistentLevel.ModelComponent_261' invalid (292 verts, 0 indices).
[2015.08.31-01.13.01:406][668]LogActorComponent: UnregisterComponent: (/Engine/Transient.CharMoveComp) Not registered. Aborting.
[2015.08.31-01.13.01:463][668]LogD3D11RHI: InitD3DDevice
[2015.08.31-01.13.01:642][668]LogSavePackage: Save=27.469036ms
[2015.08.31-01.13.01:642][668]LogSavePackage: Moving '../../../../../../../Users/Owner/Documents/Unreal Projects/RigerBigger/Saved/Race4FD47D64645D62FD542AFE4B6E3D2FA5C.tmp' to '../../../../../../../Users/Owner/Documents/Unreal Projects/RigerBigger/Content/Bigger/Maps/Race4.umap'
[2015.08.31-01.13.01:678][668]LogFileHelpers: Saving map 'Race4' took 0.196
[2015.08.31-01.13.56:823][323]LogPhysics:Warning: FDerivedDataPhysXCooker::BuildTriMesh: Triangle data from '/Game/Bigger/Maps/Race4.Race4:PersistentLevel.ModelComponent_300' invalid (292 verts, 0 indices).
[2015.08.31-01.13.56:841][323]LogPhysics:Warning: FDerivedDataPhysXCooker::BuildTriMesh: Triangle data from '/Game/Bigger/Maps/Race4.Race4:PersistentLevel.ModelComponent_333' invalid (292 verts, 0 indices).
[2015.08.31-01.13.58:591][375]LogPhysics:Warning: FDerivedDataPhysXCooker::BuildTriMesh: Triangle data from '/Game/Bigger/Maps/Race4.Race4:PersistentLevel.ModelComponent_357' invalid (388 verts, 0 indices).
[2015.08.31-01.14.01:619][466]LogPhysics:Warning: FDerivedDataPhysXCooker::BuildTriMesh: Triangle data from '/Game/Bigger/Maps/Race4.Race4:PersistentLevel.ModelComponent_406' invalid (332 verts, 0 indices).
[2015.08.31-01.14.03:809][532]LogPhysics:Warning: FDerivedDataPhysXCooker::BuildTriMesh: Triangle data from '/Game/Bigger/Maps/Race4.Race4:PersistentLevel.ModelComponent_443' invalid (332 verts, 0 indices).
[2015.08.31-01.14.09:421][699]LogPhysics:Warning: FDerivedDataPhysXCooker::BuildTriMesh: Triangle data from '/Game/Bigger/Maps/Race4.Race4:PersistentLevel.ModelComponent_480' invalid (332 verts, 0 indices).
[2015.08.31-01.14.12:852][798]Cmd: POLY SELECT ADJACENT COPLANARS
[2015.08.31-01.14.13:176][808]Cmd: POLY SELECT ADJACENT ALL
[2015.08.31-01.14.18:410][954]Cmd: POLY TEXSCALE  UU=0.100000 VV=0.100000
[2015.08.31-01.14.18:457][954]LogPhysics:Warning: FDerivedDataPhysXCooker::BuildTriMesh: Triangle data from '/Game/Bigger/Maps/Race4.Race4:PersistentLevel.ModelComponent_480' invalid (332 verts, 0 indices).
[2015.08.31-01.14.18:956][969]LogActorComponent: UnregisterComponent: (/Engine/Transient.CharMoveComp) Not registered. Aborting.
[2015.08.31-01.14.19:017][969]LogD3D11RHI: InitD3DDevice
[2015.08.31-01.14.19:203][969]LogSavePackage: Save=28.765253ms
[2015.08.31-01.14.19:204][969]LogSavePackage: Moving '../../../../../../../Users/Owner/Documents/Unreal Projects/RigerBigger/Saved/Race4B8DAB3CA49A8346C77E46D9D43A8BF09.tmp' to '../../../../../../../Users/Owner/Documents/Unreal Projects/RigerBigger/Content/Bigger/Maps/Race4.umap'
[2015.08.31-01.14.19:234][969]LogFileHelpers: Saving map 'Race4' took 0.193
[2015.08.31-01.14.27:828][234]LogActorComponent: UnregisterComponent: (/Engine/Transient.CharMoveComp) Not registered. Aborting.
[2015.08.31-01.14.28:580][258]LogPlayLevel: PIE:  No blueprints needed recompiling
[2015.08.31-01.14.28:580][258]PIE: New page: PIE session: Race4 (Aug 30, 2015, 5:14:28 PM)
[2015.08.31-01.14.28:580][258]LogPlayLevel: Creating play world package: /Game/Bigger/Maps/UEDPIE_0_Race4
[2015.08.31-01.14.28:601][258]LogPlayLevel: PIE: StaticDuplicateObject took: (0.020327s)
[2015.08.31-01.14.28:601][258]LogAIModule: Creating AISystem for world Race4
[2015.08.31-01.14.28:602][258]LogPlayLevel: PIE: World Init took: (0.001090s)
[2015.08.31-01.14.28:602][258]LogPlayLevel: PIE: Created PIE world by copying editor world from /Game/Bigger/Maps/Race4.Race4 to /Game/Bigger/Maps/UEDPIE_0_Race4.Race4 (0.021620s)
[2015.08.31-01.14.28:634][258]LogInit: XAudio2 using 'Speakers (M-Audio Micro)' : 2 channels at 44.1 kHz using 16 bits per sample (channel mask 0x3)
[2015.08.31-01.14.28:641][258]LogInit: FAudioDevice initialized.
[2015.08.31-01.14.28:644][258]LogD3D11RHI: InitD3DDevice
[2015.08.31-01.14.28:677][258]LogWorld: Game class is 'BiggerGameMode_C'
[2015.08.31-01.14.28:684][258]LogWorld: Bringing World /Game/Bigger/Maps/UEDPIE_0_Race4.Race4 up for play (max tick rate 60) at 2015.08.30-21.14.28
[2015.08.31-01.14.28:684][258]LogActor:Warning: GameSession /Game/Bigger/Maps/UEDPIE_0_Race4.Race4:PersistentLevel.GameSession_2 has natively added scene component(s), but none of them were set as the actor's RootComponent - picking one arbitrarily
[2015.08.31-01.14.28:684][258]LogActor:Warning: GameNetworkManager /Game/Bigger/Maps/UEDPIE_0_Race4.Race4:PersistentLevel.GameNetworkManager_2 has natively added scene component(s), but none of them were set as the actor's RootComponent - picking one arbitrarily
[2015.08.31-01.14.28:685][258]LogWorld: Bringing up level for play took: 0.006075
[2015.08.31-01.14.28:708][258]PIE: Info Play in editor start time for /Game/Bigger/Maps/UEDPIE_0_Race4 -0.01
[2015.08.31-01.15.12:064][618]LogParticles: Destroying 0 GPU particle simulations for FXSystem 0x0000002DF0665C60
[2015.08.31-01.15.23:472][957]LogPlayLevel: PIE:  No blueprints needed recompiling
[2015.08.31-01.15.23:472][957]PIE: New page: PIE session: Race4 (Aug 30, 2015, 5:15:23 PM)
[2015.08.31-01.15.23:472][957]LogPlayLevel: Creating play world package: /Game/Bigger/Maps/UEDPIE_0_Race4
[2015.08.31-01.15.23:492][957]LogPlayLevel: PIE: StaticDuplicateObject took: (0.019602s)
[2015.08.31-01.15.23:492][957]LogAIModule: Creating AISystem for world Race4
[2015.08.31-01.15.23:493][957]LogPlayLevel: PIE: World Init took: (0.001004s)
[2015.08.31-01.15.23:493][957]LogPlayLevel: PIE: Created PIE world by copying editor world from /Game/Bigger/Maps/Race4.Race4 to /Game/Bigger/Maps/UEDPIE_0_Race4.Race4 (0.020794s)
[2015.08.31-01.15.23:529][957]LogInit: XAudio2 using 'Speakers (M-Audio Micro)' : 2 channels at 44.1 kHz using 16 bits per sample (channel mask 0x3)
[2015.08.31-01.15.23:535][957]LogInit: FAudioDevice initialized.
[2015.08.31-01.15.23:539][957]LogD3D11RHI: InitD3DDevice
[2015.08.31-01.15.23:570][957]LogWorld: Game class is 'BiggerGameMode_C'
[2015.08.31-01.15.23:577][957]LogWorld: Bringing World /Game/Bigger/Maps/UEDPIE_0_Race4.Race4 up for play (max tick rate 60) at 2015.08.30-21.15.23
[2015.08.31-01.15.23:577][957]LogActor:Warning: GameSession /Game/Bigger/Maps/UEDPIE_0_Race4.Race4:PersistentLevel.GameSession_3 has natively added scene component(s), but none of them were set as the actor's RootComponent - picking one arbitrarily
[2015.08.31-01.15.23:577][957]LogActor:Warning: GameNetworkManager /Game/Bigger/Maps/UEDPIE_0_Race4.Race4:PersistentLevel.GameNetworkManager_3 has natively added scene component(s), but none of them were set as the actor's RootComponent - picking one arbitrarily
[2015.08.31-01.15.23:578][957]LogWorld: Bringing up level for play took: 0.005941
[2015.08.31-01.15.23:603][957]PIE: Info Play in editor start time for /Game/Bigger/Maps/UEDPIE_0_Race4 0.885
[2015.08.31-01.16.04:331][218]LogParticles: Destroying 0 GPU particle simulations for FXSystem 0x0000002DDF97FA60
[2015.08.31-01.16.08:492][341]LogPhysics:Warning: FDerivedDataPhysXCooker::BuildTriMesh: Triangle data from '/Game/Bigger/Maps/Race4.Race4:PersistentLevel.ModelComponent_516' invalid (332 verts, 0 indices).
[2015.08.31-01.16.18:618][648]LogEditorViewport: Clicking on Actor (LMB): BoostPad_C (BoostPad3)
[2015.08.31-01.16.24:670][827]LogD3D11RHI: InitD3DDevice
[2015.08.31-01.16.24:855][827]LogSavePackage: Save=28.525768ms
[2015.08.31-01.16.24:855][827]LogSavePackage: Moving '../../../../../../../Users/Owner/Documents/Unreal Projects/RigerBigger/Saved/Race45282D5D3474FBE52AD683FBE68D6A94C.tmp' to '../../../../../../../Users/Owner/Documents/Unreal Projects/RigerBigger/Content/Bigger/Maps/Race4.umap'
[2015.08.31-01.16.24:885][827]LogFileHelpers: Saving map 'Race4' took 0.196
[2015.08.31-01.16.26:213][868]LogPlayLevel: PIE:  No blueprints needed recompiling
[2015.08.31-01.16.26:213][868]PIE: New page: PIE session: Race4 (Aug 30, 2015, 5:16:26 PM)
[2015.08.31-01.16.26:214][868]LogPlayLevel: Creating play world package: /Game/Bigger/Maps/UEDPIE_0_Race4
[2015.08.31-01.16.26:235][868]LogPlayLevel: PIE: StaticDuplicateObject took: (0.021028s)
[2015.08.31-01.16.26:235][868]LogAIModule: Creating AISystem for world Race4
[2015.08.31-01.16.26:236][868]LogPlayLevel: PIE: World Init took: (0.001046s)
[2015.08.31-01.16.26:236][868]LogPlayLevel: PIE: Created PIE world by copying editor world from /Game/Bigger/Maps/Race4.Race4 to /Game/Bigger/Maps/UEDPIE_0_Race4.Race4 (0.022294s)
[2015.08.31-01.16.26:269][868]LogInit: XAudio2 using 'Speakers (M-Audio Micro)' : 2 channels at 44.1 kHz using 16 bits per sample (channel mask 0x3)
[2015.08.31-01.16.26:276][868]LogInit: FAudioDevice initialized.
[2015.08.31-01.16.26:279][868]LogD3D11RHI: InitD3DDevice
[2015.08.31-01.16.26:311][868]LogWorld: Game class is 'BiggerGameMode_C'
[2015.08.31-01.16.26:318][868]LogWorld: Bringing World /Game/Bigger/Maps/UEDPIE_0_Race4.Race4 up for play (max tick rate 60) at 2015.08.30-21.16.26
[2015.08.31-01.16.26:318][868]LogActor:Warning: GameSession /Game/Bigger/Maps/UEDPIE_0_Race4.Race4:PersistentLevel.GameSession_4 has natively added scene component(s), but none of them were set as the actor's RootComponent - picking one arbitrarily
[2015.08.31-01.16.26:319][868]LogActor:Warning: GameNetworkManager /Game/Bigger/Maps/UEDPIE_0_Race4.Race4:PersistentLevel.GameNetworkManager_4 has natively added scene component(s), but none of them were set as the actor's RootComponent - picking one arbitrarily
[2015.08.31-01.16.26:319][868]LogWorld: Bringing up level for play took: 0.006476
[2015.08.31-01.16.26:342][868]PIE: Info Play in editor start time for /Game/Bigger/Maps/UEDPIE_0_Race4 -0.377
[2015.08.31-01.17.19:526][621]LogAudio:Warning: Spatialisation on stereo and multichannel sounds is not supported. SoundWave: RB_Finish_Line
[2015.08.31-01.18.19:645][807]LogParticles: Destroying 0 GPU particle simulations for FXSystem 0x0000002DEF881080
[2015.08.31-01.18.29:358][ 85]LogD3D11RHI: InitD3DDevice
[2015.08.31-01.18.48:346][650]LogActorComponent: UnregisterComponent: (/Engine/Transient.CharMoveComp) Not registered. Aborting.
[2015.08.31-01.18.48:414][650]LogD3D11RHI: InitD3DDevice
[2015.08.31-01.18.48:416][650]LogUnrealMath: Expression Error : Unrecognized Operator
[2015.08.31-01.18.48:594][650]LogSavePackage: Save=30.889408ms
[2015.08.31-01.18.48:594][650]LogSavePackage: Moving '../../../../../../../Users/Owner/Documents/Unreal Projects/RigerBigger/Saved/Race4D8CFBFE148BED6D8AB463CA52E4642EE.tmp' to '../../../../../../../Users/Owner/Documents/Unreal Projects/RigerBigger/Content/Bigger/Maps/Race4.umap'
[2015.08.31-01.18.48:630][650]LogFileHelpers: Saving map 'Race4' took 0.205
[2015.08.31-01.18.58:685][946]LogActorComponent: UnregisterComponent: (/Engine/Transient.CharMoveComp) Not registered. Aborting.
[2015.08.31-01.18.58:743][946]LogD3D11RHI: InitD3DDevice
[2015.08.31-01.18.58:924][946]LogSavePackage: Save=29.641516ms
[2015.08.31-01.18.58:924][946]LogSavePackage: Moving '../../../../../../../Users/Owner/Documents/Unreal Projects/RigerBigger/Saved/Race4DE22FF834D3139C6539D879DDD58D0A2.tmp' to '../../../../../../../Users/Owner/Documents/Unreal Projects/RigerBigger/Content/Bigger/Maps/Race4.umap'
[2015.08.31-01.18.58:954][946]LogFileHelpers: Saving map 'Race4' took 0.195
[2015.08.31-01.19.01:858][ 36]LogD3D11RHI: InitD3DDevice
[2015.08.31-01.19.02:029][ 36]LogSavePackage: Save=29.348572ms
[2015.08.31-01.19.02:029][ 36]LogSavePackage: Moving '../../../../../../../Users/Owner/Documents/Unreal Projects/RigerBigger/Saved/Race42A7E96B947B69DD44FE11E89E20291A1.tmp' to '../../../../../../../Users/Owner/Documents/Unreal Projects/RigerBigger/Content/Bigger/Maps/Race4.umap'
[2015.08.31-01.19.02:059][ 36]LogFileHelpers: Saving map 'Race4' took 0.189
[2015.08.31-01.19.09:207][246]LogD3D11RHI: InitD3DDevice
[2015.08.31-01.19.18:976][534]LogActorComponent: UnregisterComponent: (/Engine/Transient.CharMoveComp) Not registered. Aborting.
[2015.08.31-01.19.19:035][534]LogD3D11RHI: InitD3DDevice
[2015.08.31-01.19.19:213][534]LogSavePackage: Save=31.193043ms
[2015.08.31-01.19.19:213][534]LogSavePackage: Moving '../../../../../../../Users/Owner/Documents/Unreal Projects/RigerBigger/Saved/Race4C624E33B4C9627C66A86479B096DDE55.tmp' to '../../../../../../../Users/Owner/Documents/Unreal Projects/RigerBigger/Content/Bigger/Maps/Race4.umap'
[2015.08.31-01.19.19:243][534]LogFileHelpers: Saving map 'Race4' took 0.195
[2015.08.31-01.19.21:106][591]LogD3D11RHI: InitD3DDevice
[2015.08.31-01.19.21:284][591]LogSavePackage: Save=30.427969ms
[2015.08.31-01.19.21:284][591]LogSavePackage: Moving '../../../../../../../Users/Owner/Documents/Unreal Projects/RigerBigger/Saved/Race444EEABC2458AE67606EC4F96E902541D.tmp' to '../../../../../../../Users/Owner/Documents/Unreal Projects/RigerBigger/Content/Bigger/Maps/Race4.umap'
[2015.08.31-01.19.21:313][591]LogFileHelpers: Saving map 'Race4' took 0.190
[2015.08.31-01.19.24:128][672]LogEditorViewport: Clicking on Actor (LMB): BP_Sky_Sphere_C (Sky Sphere)
[2015.08.31-01.19.24:622][685]LogEditorViewport: Clicking on Actor (LMB): FinishLine_C (FinishLine)
[2015.08.31-01.19.27:281][766]LogD3D11RHI: InitD3DDevice
[2015.08.31-01.19.27:457][766]LogSavePackage: Save=31.367525ms
[2015.08.31-01.19.27:457][766]LogSavePackage: Moving '../../../../../../../Users/Owner/Documents/Unreal Projects/RigerBigger/Saved/Race415361E7745D838DA0BA0F386D378D9EB.tmp' to '../../../../../../../Users/Owner/Documents/Unreal Projects/RigerBigger/Content/Bigger/Maps/Race4.umap'
[2015.08.31-01.19.27:487][766]LogFileHelpers: Saving map 'Race4' took 0.191
[2015.08.31-01.19.29:212][818]LogEditorViewport: Clicking on Actor (LMB): Checkpoint_C (Checkpoint3)
[2015.08.31-01.26.46:911][482]LogActorComponent: UnregisterComponent: (/Engine/Transient.CharMoveComp) Not registered. Aborting.
[2015.08.31-01.26.51:930][635]LogD3D11RHI: InitD3DDevice
[2015.08.31-01.26.52:113][635]LogSavePackage: Save=31.968805ms
[2015.08.31-01.26.52:113][635]LogSavePackage: Moving '../../../../../../../Users/Owner/Documents/Unreal Projects/RigerBigger/Saved/Race4D65D6416420CCC63FC4F00B9B1F048DF.tmp' to '../../../../../../../Users/Owner/Documents/Unreal Projects/RigerBigger/Content/Bigger/Maps/Race4.umap'
[2015.08.31-01.26.52:148][635]LogFileHelpers: Saving map 'Race4' took 0.198
[2015.08.31-01.26.54:238][698]LogPlayLevel: PIE:  No blueprints needed recompiling
[2015.08.31-01.26.54:238][698]PIE: New page: PIE session: Race4 (Aug 30, 2015, 5:26:54 PM)
[2015.08.31-01.26.54:239][698]LogPlayLevel: Creating play world package: /Game/Bigger/Maps/UEDPIE_0_Race4
[2015.08.31-01.26.54:260][698]LogPlayLevel: PIE: StaticDuplicateObject took: (0.020934s)
[2015.08.31-01.26.54:260][698]LogAIModule: Creating AISystem for world Race4
[2015.08.31-01.26.54:261][698]LogPlayLevel: PIE: World Init took: (0.001208s)
[2015.08.31-01.26.54:261][698]LogPlayLevel: PIE: Created PIE world by copying editor world from /Game/Bigger/Maps/Race4.Race4 to /Game/Bigger/Maps/UEDPIE_0_Race4.Race4 (0.022321s)
[2015.08.31-01.26.54:293][698]LogInit: XAudio2 using 'Speakers (M-Audio Micro)' : 2 channels at 44.1 kHz using 16 bits per sample (channel mask 0x3)
[2015.08.31-01.26.54:300][698]LogInit: FAudioDevice initialized.
[2015.08.31-01.26.54:304][698]LogD3D11RHI: InitD3DDevice
[2015.08.31-01.26.54:338][698]LogWorld: Game class is 'BiggerGameMode_C'
[2015.08.31-01.26.54:347][698]LogWorld: Bringing World /Game/Bigger/Maps/UEDPIE_0_Race4.Race4 up for play (max tick rate 60) at 2015.08.30-21.26.54
[2015.08.31-01.26.54:347][698]LogActor:Warning: GameSession /Game/Bigger/Maps/UEDPIE_0_Race4.Race4:PersistentLevel.GameSession_5 has natively added scene component(s), but none of them were set as the actor's RootComponent - picking one arbitrarily
[2015.08.31-01.26.54:347][698]LogActor:Warning: GameNetworkManager /Game/Bigger/Maps/UEDPIE_0_Race4.Race4:PersistentLevel.GameNetworkManager_5 has natively added scene component(s), but none of them were set as the actor's RootComponent - picking one arbitrarily
[2015.08.31-01.26.54:348][698]LogWorld: Bringing up level for play took: 0.007618
[2015.08.31-01.26.54:372][698]PIE: Info Play in editor start time for /Game/Bigger/Maps/UEDPIE_0_Race4 -0.347
[2015.08.31-01.28.56:602][646]LogPackageName: SearchForPackageOnDisk took   0.097s to resolve MainMenu.umap
[2015.08.31-01.28.56:687][647]LogPackageName: SearchForPackageOnDisk took   0.084s to resolve MainMenu.umap
[2015.08.31-01.28.56:687][647]LogNet: Browse: /Game/Bigger/Maps/MainMenu
[2015.08.31-01.28.56:687][647]LogLoad: LoadMap: /Game/Bigger/Maps/MainMenu
[2015.08.31-01.28.56:720][647]LogParticles: Destroying 0 GPU particle simulations for FXSystem 0x0000002DF2724EA0
[2015.08.31-01.28.56:720][647]Cmd: MEM
[2015.08.31-01.28.56:744][647]LogMemory: Platform Memory Stats for Windows
[2015.08.31-01.28.56:744][647]LogMemory: Process Physical Memory: 706.55 MB used, 729.20 MB peak
[2015.08.31-01.28.56:744][647]LogMemory: Process Virtual Memory: 622.77 MB used, 633.86 MB peak
[2015.08.31-01.28.56:744][647]LogMemory: Physical Memory: 5032.30 MB used, 16267.18 MB total
[2015.08.31-01.28.56:744][647]LogMemory: Virtual Memory: 1394.96 MB used, 134217728.00 MB total
[2015.08.31-01.28.56:744][647]LogMemory: 
[2015.08.31-01.28.56:744][647]Allocator Stats for TBB: (not implemented)
[2015.08.31-01.28.56:906][647]LogAIModule: Creating AISystem for world MainMenu
[2015.08.31-01.28.56:907][647]LogWorld: Game class is 'MainMenuGameMode_C'
[2015.08.31-01.28.56:926][647]LogWorld: Bringing World /Game/Bigger/Maps/UEDPIE_0_MainMenu.MainMenu up for play (max tick rate 60) at 2015.08.30-21.28.56
[2015.08.31-01.28.56:926][647]LogActor:Warning: GameSession /Game/Bigger/Maps/UEDPIE_0_MainMenu.MainMenu:PersistentLevel.GameSession_6 has natively added scene component(s), but none of them were set as the actor's RootComponent - picking one arbitrarily
[2015.08.31-01.28.56:926][647]LogActor:Warning: GameNetworkManager /Game/Bigger/Maps/UEDPIE_0_MainMenu.MainMenu:PersistentLevel.GameNetworkManager_6 has natively added scene component(s), but none of them were set as the actor's RootComponent - picking one arbitrarily
[2015.08.31-01.28.56:927][647]LogWorld: Bringing up level for play took: 0.018460
[2015.08.31-01.28.56:927][647]LogGameMode: Warning - PATHS NOT DEFINED or NO PLAYERSTART with positive rating
[2015.08.31-01.28.56:931][647]Cmd: sg.AntiAliasingQuality 2
[2015.08.31-01.28.56:931][647]sg.AntiAliasingQuality = "2"
[2015.08.31-01.28.56:931][647]Cmd: sg.EffectsQuality 2
[2015.08.31-01.28.56:931][647]sg.EffectsQuality = "2"
[2015.08.31-01.28.56:931][647]Cmd: sg.PostProcessQuality2
[2015.08.31-01.28.56:931][647]Command not recognized: sg.PostProcessQuality2
[2015.08.31-01.28.56:931][647]Cmd: sg.ResolutionQuality 100
[2015.08.31-01.28.56:931][647]sg.ResolutionQuality = "100"
[2015.08.31-01.28.56:931][647]Cmd: sg.ShadowQuality 2
[2015.08.31-01.28.56:931][647]sg.ShadowQuality = "2"
[2015.08.31-01.28.56:931][647]Cmd: sg.TextureQuality 2
[2015.08.31-01.28.56:931][647]sg.TextureQuality = "2"
[2015.08.31-01.28.56:931][647]Cmd: sg.ViewDistanceQuality 2
[2015.08.31-01.28.56:932][647]sg.ViewDistanceQuality = "2"
[2015.08.31-01.28.56:936][647]LogContentStreaming: Texture pool size now 700 MB
[2015.08.31-01.28.56:969][648]LogRenderer: Reallocating scene render targets to support 1280x720 (Frame:38294).
[2015.08.31-01.29.20:044][175]LogParticles: Destroying 0 GPU particle simulations for FXSystem 0x0000002DF2724AE0
[2015.08.31-01.34.50:407][425]LogActorComponent: UnregisterComponent: (/Engine/Transient.CharMoveComp) Not registered. Aborting.
[2015.08.31-01.38.09:086][198]LogD3D11RHI: InitD3DDevice
[2015.08.31-01.38.26:903][464]LogActorComponent: UnregisterComponent: (/Engine/Transient.CharMoveComp) Not registered. Aborting.
[2015.08.31-01.38.26:999][464]LogD3D11RHI: InitD3DDevice
[2015.08.31-01.38.27:221][464]LogSavePackage: Save=33.784195ms
[2015.08.31-01.38.27:221][464]LogSavePackage: Moving '../../../../../../../Users/Owner/Documents/Unreal Projects/RigerBigger/Saved/Race467984E824E3011F1BDC2F29CC8697340.tmp' to '../../../../../../../Users/Owner/Documents/Unreal Projects/RigerBigger/Content/Bigger/Maps/Race4.umap'
[2015.08.31-01.38.27:260][464]LogFileHelpers: Saving map 'Race4' took 0.225
[2015.08.31-01.38.34:441][565]LogD3D11RHI: InitD3DDevice
[2015.08.31-01.38.34:640][565]LogSavePackage: Save=33.505791ms
[2015.08.31-01.38.34:640][565]LogSavePackage: Moving '../../../../../../../Users/Owner/Documents/Unreal Projects/RigerBigger/Saved/Race4CF673EDF4A5662CC0D27858EFF191D9D.tmp' to '../../../../../../../Users/Owner/Documents/Unreal Projects/RigerBigger/Content/Bigger/Maps/Race4.umap'
[2015.08.31-01.38.34:675][565]LogFileHelpers: Saving map 'Race4' took 0.212
[2015.08.31-01.38.47:514][746]LogD3D11RHI: InitD3DDevice
[2015.08.31-01.38.47:738][746]LogSavePackage: Save=34.178490ms
[2015.08.31-01.38.47:738][746]LogSavePackage: Moving '../../../../../../../Users/Owner/Documents/Unreal Projects/RigerBigger/Saved/Race4B34057CA49F226EB1B49398155FFB0D1.tmp' to '../../../../../../../Users/Owner/Documents/Unreal Projects/RigerBigger/Content/Bigger/Maps/Race4.umap'
[2015.08.31-01.38.47:778][746]LogFileHelpers: Saving map 'Race4' took 0.216
[2015.08.31-01.38.53:504][827]Cmd: TRANSACTION UNDO
[2015.08.31-01.38.53:504][827]LogEditorTransaction: Undo Move Actors
[2015.08.31-01.38.53:577][827]LogD3D11RHI: InitD3DDevice
[2015.08.31-01.38.56:747][905]LogD3D11RHI: InitD3DDevice
[2015.08.31-01.38.56:935][905]LogSavePackage: Save=33.259037ms
[2015.08.31-01.38.56:935][905]LogSavePackage: Moving '../../../../../../../Users/Owner/Documents/Unreal Projects/RigerBigger/Saved/Race48220112F40BF3DEF4C7C4DBBB92E94BE.tmp' to '../../../../../../../Users/Owner/Documents/Unreal Projects/RigerBigger/Content/Bigger/Maps/Race4.umap'
[2015.08.31-01.38.56:968][905]LogFileHelpers: Saving map 'Race4' took 0.211
[2015.08.31-01.39.01:158][965]LogD3D11RHI: InitD3DDevice
[2015.08.31-01.39.01:382][965]LogSavePackage: Save=33.752548ms
[2015.08.31-01.39.01:382][965]LogSavePackage: Moving '../../../../../../../Users/Owner/Documents/Unreal Projects/RigerBigger/Saved/Race4E64055DE4DD5F2E63BE2C3BD245F3E70.tmp' to '../../../../../../../Users/Owner/Documents/Unreal Projects/RigerBigger/Content/Bigger/Maps/Race4.umap'
[2015.08.31-01.39.01:415][965]LogFileHelpers: Saving map 'Race4' took 0.211
[2015.08.31-01.39.05:755][ 30]LogPlayLevel: PIE:  No blueprints needed recompiling
[2015.08.31-01.39.05:755][ 30]PIE: New page: PIE session: Race4 (Aug 30, 2015, 5:39:05 PM)
[2015.08.31-01.39.05:806][ 30]LogPlayLevel: Creating play world package: /Game/Bigger/Maps/UEDPIE_0_Race4
[2015.08.31-01.39.05:830][ 30]LogPlayLevel: PIE: StaticDuplicateObject took: (0.024249s)
[2015.08.31-01.39.05:831][ 30]LogAIModule: Creating AISystem for world Race4
[2015.08.31-01.39.05:831][ 30]LogPlayLevel: PIE: World Init took: (0.001047s)
[2015.08.31-01.39.05:832][ 30]LogPlayLevel: PIE: Created PIE world by copying editor world from /Game/Bigger/Maps/Race4.Race4 to /Game/Bigger/Maps/UEDPIE_0_Race4.Race4 (0.025492s)
[2015.08.31-01.39.05:868][ 30]LogInit: XAudio2 using 'Speakers (M-Audio Micro)' : 2 channels at 44.1 kHz using 16 bits per sample (channel mask 0x3)
[2015.08.31-01.39.05:878][ 30]LogInit: FAudioDevice initialized.
[2015.08.31-01.39.05:881][ 30]LogD3D11RHI: InitD3DDevice
[2015.08.31-01.39.05:917][ 30]LogWorld: Game class is 'BiggerGameMode_C'
[2015.08.31-01.39.05:927][ 30]LogWorld: Bringing World /Game/Bigger/Maps/UEDPIE_0_Race4.Race4 up for play (max tick rate 60) at 2015.08.30-21.39.05
[2015.08.31-01.39.05:927][ 30]LogActor:Warning: GameSession /Game/Bigger/Maps/UEDPIE_0_Race4.Race4:PersistentLevel.GameSession_7 has natively added scene component(s), but none of them were set as the actor's RootComponent - picking one arbitrarily
[2015.08.31-01.39.05:927][ 30]LogActor:Warning: GameNetworkManager /Game/Bigger/Maps/UEDPIE_0_Race4.Race4:PersistentLevel.GameNetworkManager_7 has natively added scene component(s), but none of them were set as the actor's RootComponent - picking one arbitrarily
[2015.08.31-01.39.05:928][ 30]LogWorld: Bringing up level for play took: 0.008810
[2015.08.31-01.39.05:957][ 30]PIE: Info Play in editor start time for /Game/Bigger/Maps/UEDPIE_0_Race4 -0.761
[2015.08.31-01.39.06:065][ 30]LogRenderer: Reallocating scene render targets to support 1296x760 (Frame:45220).
[2015.08.31-01.39.20:356][226]LogParticles: Destroying 0 GPU particle simulations for FXSystem 0x0000002DF26C7D80
[2015.08.31-01.39.31:002][376]LogD3D11RHI: InitD3DDevice
[2015.08.31-01.39.31:228][376]LogSavePackage: Save=34.549267ms
[2015.08.31-01.39.31:228][376]LogSavePackage: Moving '../../../../../../../Users/Owner/Documents/Unreal Projects/RigerBigger/Saved/Race463A71FE7470F9ADAC89131909BC24DBC.tmp' to '../../../../../../../Users/Owner/Documents/Unreal Projects/RigerBigger/Content/Bigger/Maps/Race4.umap'
[2015.08.31-01.39.31:262][376]LogFileHelpers: Saving map 'Race4' took 0.217
[2015.08.31-01.39.32:508][395]LogEditorViewport: Clicking on Actor (LMB): BoostPad_C (BoostPad6)
[2015.08.31-01.39.33:435][407]LogEditorViewport: Clicking on Actor (CTRL LMB): BoostPad_C (BoostPad7)
[2015.08.31-01.39.35:208][431]LogEditorViewport: Clicking on Actor (CTRL LMB): BoostPad_C (BoostPad5)
[2015.08.31-01.39.35:528][434]LogEditorViewport: Clicking on Actor (CTRL LMB): BoostPad_C (BoostPad4)
[2015.08.31-01.39.38:164][472]LogD3D11RHI: InitD3DDevice
[2015.08.31-01.39.38:402][472]LogSavePackage: Save=33.147846ms
[2015.08.31-01.39.38:402][472]LogSavePackage: Moving '../../../../../../../Users/Owner/Documents/Unreal Projects/RigerBigger/Saved/Race440F233924C7AB0F7D22405BB2781243C.tmp' to '../../../../../../../Users/Owner/Documents/Unreal Projects/RigerBigger/Content/Bigger/Maps/Race4.umap'
[2015.08.31-01.39.38:435][472]LogFileHelpers: Saving map 'Race4' took 0.227
[2015.08.31-01.39.44:475][557]LogD3D11RHI: InitD3DDevice
[2015.08.31-01.39.44:706][557]LogSavePackage: Save=34.885403ms
[2015.08.31-01.39.44:706][557]LogSavePackage: Moving '../../../../../../../Users/Owner/Documents/Unreal Projects/RigerBigger/Saved/Race43B700A074B93F3FB518244A920CD4BC6.tmp' to '../../../../../../../Users/Owner/Documents/Unreal Projects/RigerBigger/Content/Bigger/Maps/Race4.umap'
[2015.08.31-01.39.44:746][557]LogFileHelpers: Saving map 'Race4' took 0.222
[2015.08.31-01.39.52:704][666]LogD3D11RHI: InitD3DDevice
[2015.08.31-01.39.52:897][666]LogSavePackage: Save=35.309635ms
[2015.08.31-01.39.52:897][666]LogSavePackage: Moving '../../../../../../../Users/Owner/Documents/Unreal Projects/RigerBigger/Saved/Race4A3543AF1469F48F03439C4B28E3E16BA.tmp' to '../../../../../../../Users/Owner/Documents/Unreal Projects/RigerBigger/Content/Bigger/Maps/Race4.umap'
[2015.08.31-01.39.52:929][666]LogFileHelpers: Saving map 'Race4' took 0.211
[2015.08.31-01.39.53:681][677]LogEditorViewport: Clicking on Actor (LMB): BoostPad_C (BoostPad15)
[2015.08.31-01.39.54:635][692]Cmd: DELETE
[2015.08.31-01.39.54:635][692]Cmd: ACTOR DELETE
[2015.08.31-01.39.54:637][692]LogEditorActor: Deleted Actor: BoostPad_C
[2015.08.31-01.39.54:728][692]LogEditorActor: Deleted 1 Actors (0.092 secs)
[2015.08.31-01.39.55:564][704]LogD3D11RHI: InitD3DDevice
[2015.08.31-01.39.55:813][704]LogSavePackage: Save=34.626671ms
[2015.08.31-01.39.55:813][704]LogSavePackage: Moving '../../../../../../../Users/Owner/Documents/Unreal Projects/RigerBigger/Saved/Race463EFAD7A45A734D56629E1A5CFA38920.tmp' to '../../../../../../../Users/Owner/Documents/Unreal Projects/RigerBigger/Content/Bigger/Maps/Race4.umap'
[2015.08.31-01.39.55:847][704]LogFileHelpers: Saving map 'Race4' took 0.209
[2015.08.31-01.40.03:575][811]LogEditorViewport: Clicking on Actor (CTRL LMB): BoostPad_C (BoostPad14)
[2015.08.31-01.40.04:110][818]LogEditorViewport: Clicking on Actor (CTRL LMB): BoostPad_C (BoostPad13)
[2015.08.31-01.40.04:938][830]LogEditorViewport: Clicking on Actor (CTRL LMB): BP_Sky_Sphere_C (Sky Sphere)
[2015.08.31-01.40.06:219][847]LogEditorViewport: Clicking on Actor (LMB): BoostPad_C (BoostPad14)
[2015.08.31-01.40.07:345][863]LogEditorViewport: Clicking on Actor (CTRL LMB): BoostPad_C (BoostPad13)
[2015.08.31-01.40.07:964][870]LogEditorViewport: Clicking on Actor (CTRL LMB): BoostPad_C (BoostPad12)
[2015.08.31-01.40.08:717][880]LogEditorViewport: Clicking on Actor (CTRL LMB): BP_Sky_Sphere_C (Sky Sphere)
[2015.08.31-01.40.13:206][942]LogEditorViewport: Clicking on Actor (CTRL LMB): BoostPad_C (BoostPad11)
[2015.08.31-01.40.14:092][953]LogEditorViewport: Clicking on Actor (CTRL LMB): BoostPad_C (BoostPad10)
[2015.08.31-01.40.33:582][221]Cmd: TRANSACTION UNDO
[2015.08.31-01.40.33:582][221]LogEditorTransaction: Undo Move Actors
[2015.08.31-01.40.33:656][221]LogD3D11RHI: InitD3DDevice
[2015.08.31-01.40.34:523][265]Cmd: TRANSACTION UNDO
[2015.08.31-01.40.34:523][265]LogEditorTransaction: Undo Move Actors
[2015.08.31-01.40.54:168][542]LogD3D11RHI: InitD3DDevice
[2015.08.31-01.40.54:395][542]LogSavePackage: Save=36.319752ms
[2015.08.31-01.40.54:395][542]LogSavePackage: Moving '../../../../../../../Users/Owner/Documents/Unreal Projects/RigerBigger/Saved/Race4FEFB50B844DA8D087BBF89B99632079A.tmp' to '../../../../../../../Users/Owner/Documents/Unreal Projects/RigerBigger/Content/Bigger/Maps/Race4.umap'
[2015.08.31-01.40.54:441][542]LogFileHelpers: Saving map 'Race4' took 0.227
[2015.08.31-01.42.29:330][859]LogActorComponent: UnregisterComponent: (/Engine/Transient.CharMoveComp) Not registered. Aborting.
[2015.08.31-01.42.29:409][859]LogD3D11RHI: InitD3DDevice
[2015.08.31-01.42.29:643][859]LogSavePackage: Save=37.736141ms
[2015.08.31-01.42.29:643][859]LogSavePackage: Moving '../../../../../../../Users/Owner/Documents/Unreal Projects/RigerBigger/Saved/Race4DFD40FE6482DC154291D76A3A14D99AB.tmp' to '../../../../../../../Users/Owner/Documents/Unreal Projects/RigerBigger/Content/Bigger/Maps/Race4.umap'
[2015.08.31-01.42.29:677][859]LogFileHelpers: Saving map 'Race4' took 0.213
[2015.08.31-01.42.46:947][ 97]LogD3D11RHI: InitD3DDevice
[2015.08.31-01.42.47:177][ 97]LogSavePackage: Save=36.885536ms
[2015.08.31-01.42.47:177][ 97]LogSavePackage: Moving '../../../../../../../Users/Owner/Documents/Unreal Projects/RigerBigger/Saved/Race4125F50EF418C3A84C125F2845E102B06.tmp' to '../../../../../../../Users/Owner/Documents/Unreal Projects/RigerBigger/Content/Bigger/Maps/Race4.umap'
[2015.08.31-01.42.47:208][ 97]LogFileHelpers: Saving map 'Race4' took 0.211
[2015.08.31-01.43.10:711][419]LogD3D11RHI: InitD3DDevice
[2015.08.31-01.43.10:949][419]LogSavePackage: Save=40.084812ms
[2015.08.31-01.43.10:949][419]LogSavePackage: Moving '../../../../../../../Users/Owner/Documents/Unreal Projects/RigerBigger/Saved/Race4C50D3F1141A938F99551AEA75508D786.tmp' to '../../../../../../../Users/Owner/Documents/Unreal Projects/RigerBigger/Content/Bigger/Maps/Race4.umap'
[2015.08.31-01.43.10:991][419]LogFileHelpers: Saving map 'Race4' took 0.222
[2015.08.31-01.43.12:844][447]LogPlayLevel: PIE:  No blueprints needed recompiling
[2015.08.31-01.43.12:845][447]PIE: New page: PIE session: Race4 (Aug 30, 2015, 5:43:12 PM)
[2015.08.31-01.43.12:845][447]LogPlayLevel: Creating play world package: /Game/Bigger/Maps/UEDPIE_0_Race4
[2015.08.31-01.43.12:869][447]LogPlayLevel: PIE: StaticDuplicateObject took: (0.023490s)
[2015.08.31-01.43.12:869][447]LogAIModule: Creating AISystem for world Race4
[2015.08.31-01.43.12:870][447]LogPlayLevel: PIE: World Init took: (0.001049s)
[2015.08.31-01.43.12:870][447]LogPlayLevel: PIE: Created PIE world by copying editor world from /Game/Bigger/Maps/Race4.Race4 to /Game/Bigger/Maps/UEDPIE_0_Race4.Race4 (0.024727s)
[2015.08.31-01.43.12:908][447]LogInit: XAudio2 using 'Speakers (M-Audio Micro)' : 2 channels at 44.1 kHz using 16 bits per sample (channel mask 0x3)
[2015.08.31-01.43.12:918][447]LogInit: FAudioDevice initialized.
[2015.08.31-01.43.12:922][447]LogD3D11RHI: InitD3DDevice
[2015.08.31-01.43.12:953][447]LogWorld: Game class is 'BiggerGameMode_C'
[2015.08.31-01.43.12:967][447]LogWorld: Bringing World /Game/Bigger/Maps/UEDPIE_0_Race4.Race4 up for play (max tick rate 60) at 2015.08.30-21.43.12
[2015.08.31-01.43.12:967][447]LogActor:Warning: GameSession /Game/Bigger/Maps/UEDPIE_0_Race4.Race4:PersistentLevel.GameSession_8 has natively added scene component(s), but none of them were set as the actor's RootComponent - picking one arbitrarily
[2015.08.31-01.43.12:967][447]LogActor:Warning: GameNetworkManager /Game/Bigger/Maps/UEDPIE_0_Race4.Race4:PersistentLevel.GameNetworkManager_8 has natively added scene component(s), but none of them were set as the actor's RootComponent - picking one arbitrarily
[2015.08.31-01.43.12:968][447]LogWorld: Bringing up level for play took: 0.012709
[2015.08.31-01.43.13:001][447]PIE: Info Play in editor start time for /Game/Bigger/Maps/UEDPIE_0_Race4 0.283
[2015.08.31-01.43.24:268][597]LogParticles: Destroying 0 GPU particle simulations for FXSystem 0x0000002DF2823A60
[2015.08.31-01.43.28:495][656]LogEditorViewport: Clicking on Actor (CTRL LMB): BoostPad_C (BoostPad20)
[2015.08.31-01.43.29:054][662]LogEditorViewport: Clicking on Actor (CTRL LMB): BoostPad_C (BoostPad21)
[2015.08.31-01.43.29:584][669]LogEditorViewport: Clicking on Actor (CTRL LMB): BoostPad_C (BoostPad22)
[2015.08.31-01.43.30:046][675]LogEditorViewport: Clicking on Actor (CTRL LMB): BoostPad_C (BoostPad23)
[2015.08.31-01.43.30:447][681]LogEditorViewport: Clicking on Actor (CTRL LMB): BoostPad_C (BoostPad24)
[2015.08.31-01.43.46:757][908]LogD3D11RHI: InitD3DDevice
[2015.08.31-01.43.46:983][908]LogSavePackage: Save=37.786175ms
[2015.08.31-01.43.46:983][908]LogSavePackage: Moving '../../../../../../../Users/Owner/Documents/Unreal Projects/RigerBigger/Saved/Race4210152824EC769DA8BF9FCAD2CD52FE0.tmp' to '../../../../../../../Users/Owner/Documents/Unreal Projects/RigerBigger/Content/Bigger/Maps/Race4.umap'
[2015.08.31-01.43.47:015][908]LogFileHelpers: Saving map 'Race4' took 0.213
[2015.08.31-01.57.27:680][732]LogPlayLevel: PIE:  No blueprints needed recompiling
[2015.08.31-01.57.27:680][732]PIE: New page: PIE session: Race4 (Aug 30, 2015, 5:57:27 PM)
[2015.08.31-01.57.27:724][732]LogPlayLevel: Creating play world package: /Game/Bigger/Maps/UEDPIE_0_Race4
[2015.08.31-01.57.27:763][732]LogPlayLevel: PIE: StaticDuplicateObject took: (0.038721s)
[2015.08.31-01.57.27:764][732]LogAIModule: Creating AISystem for world Race4
[2015.08.31-01.57.27:765][732]LogPlayLevel: PIE: World Init took: (0.001729s)
[2015.08.31-01.57.27:765][732]LogPlayLevel: PIE: Created PIE world by copying editor world from /Game/Bigger/Maps/Race4.Race4 to /Game/Bigger/Maps/UEDPIE_0_Race4.Race4 (0.040735s)
[2015.08.31-01.57.27:765][732]LogActorComponent: UnregisterComponent: (/Engine/Transient.CharMoveComp) Not registered. Aborting.
[2015.08.31-01.57.27:829][732]LogInit: XAudio2 using 'Speakers (M-Audio Micro)' : 2 channels at 44.1 kHz using 16 bits per sample (channel mask 0x3)
[2015.08.31-01.57.27:836][732]LogInit: FAudioDevice initialized.
[2015.08.31-01.57.27:841][732]LogD3D11RHI: InitD3DDevice
[2015.08.31-01.57.27:876][732]LogWorld: Game class is 'BiggerGameMode_C'
[2015.08.31-01.57.27:886][732]LogWorld: Bringing World /Game/Bigger/Maps/UEDPIE_0_Race4.Race4 up for play (max tick rate 60) at 2015.08.30-21.57.27
[2015.08.31-01.57.27:887][732]LogActor:Warning: GameSession /Game/Bigger/Maps/UEDPIE_0_Race4.Race4:PersistentLevel.GameSession_9 has natively added scene component(s), but none of them were set as the actor's RootComponent - picking one arbitrarily
[2015.08.31-01.57.27:887][732]LogActor:Warning: GameNetworkManager /Game/Bigger/Maps/UEDPIE_0_Race4.Race4:PersistentLevel.GameNetworkManager_9 has natively added scene component(s), but none of them were set as the actor's RootComponent - picking one arbitrarily
[2015.08.31-01.57.27:888][732]LogWorld: Bringing up level for play took: 0.010871
[2015.08.31-01.57.27:917][732]PIE: Info Play in editor start time for /Game/Bigger/Maps/UEDPIE_0_Race4 1.199
[2015.08.31-01.57.38:655][875]LogParticles: Destroying 0 GPU particle simulations for FXSystem 0x0000002DDF71CFE0
[2015.08.31-01.57.42:478][927]LogEditorViewport: Clicking on Actor (CTRL LMB): BoostPad_C (BoostPad15)
[2015.08.31-01.57.43:163][937]LogEditorViewport: Clicking on Actor (CTRL LMB): BoostPad_C (BoostPad16)
[2015.08.31-01.57.54:383][ 92]LogEditorViewport: Clicking on Actor (CTRL LMB): BoostPad_C (BoostPad17)
[2015.08.31-01.57.54:980][100]LogEditorViewport: Clicking on Actor (CTRL LMB): BoostPad_C (BoostPad18)
[2015.08.31-01.57.55:712][110]LogEditorViewport: Clicking on Actor (CTRL LMB): BoostPad_C (BoostPad19)
[2015.08.31-01.58.00:717][181]LogD3D11RHI: InitD3DDevice
[2015.08.31-01.58.00:956][181]LogSavePackage: Save=41.422085ms
[2015.08.31-01.58.00:956][181]LogSavePackage: Moving '../../../../../../../Users/Owner/Documents/Unreal Projects/RigerBigger/Saved/Race412D892224A0BD5138D0C31BD76B4F46D.tmp' to '../../../../../../../Users/Owner/Documents/Unreal Projects/RigerBigger/Content/Bigger/Maps/Race4.umap'
[2015.08.31-01.58.00:990][181]LogFileHelpers: Saving map 'Race4' took 0.226
[2015.08.31-01.58.01:834][195]LogPlayLevel: PIE:  No blueprints needed recompiling
[2015.08.31-01.58.01:834][195]PIE: New page: PIE session: Race4 (Aug 30, 2015, 5:58:01 PM)
[2015.08.31-01.58.01:887][195]LogPlayLevel: Creating play world package: /Game/Bigger/Maps/UEDPIE_0_Race4
[2015.08.31-01.58.01:909][195]LogPlayLevel: PIE: StaticDuplicateObject took: (0.021782s)
[2015.08.31-01.58.01:910][195]LogAIModule: Creating AISystem for world Race4
[2015.08.31-01.58.01:911][195]LogPlayLevel: PIE: World Init took: (0.001686s)
[2015.08.31-01.58.01:911][195]LogPlayLevel: PIE: Created PIE world by copying editor world from /Game/Bigger/Maps/Race4.Race4 to /Game/Bigger/Maps/UEDPIE_0_Race4.Race4 (0.023730s)
[2015.08.31-01.58.01:964][195]LogInit: XAudio2 using 'Speakers (M-Audio Micro)' : 2 channels at 44.1 kHz using 16 bits per sample (channel mask 0x3)
[2015.08.31-01.58.01:974][195]LogInit: FAudioDevice initialized.
[2015.08.31-01.58.01:977][195]LogD3D11RHI: InitD3DDevice
[2015.08.31-01.58.02:008][195]LogWorld: Game class is 'BiggerGameMode_C'
[2015.08.31-01.58.02:020][195]LogWorld: Bringing World /Game/Bigger/Maps/UEDPIE_0_Race4.Race4 up for play (max tick rate 60) at 2015.08.30-21.58.02
[2015.08.31-01.58.02:020][195]LogActor:Warning: GameSession /Game/Bigger/Maps/UEDPIE_0_Race4.Race4:PersistentLevel.GameSession_10 has natively added scene component(s), but none of them were set as the actor's RootComponent - picking one arbitrarily
[2015.08.31-01.58.02:021][195]LogActor:Warning: GameNetworkManager /Game/Bigger/Maps/UEDPIE_0_Race4.Race4:PersistentLevel.GameNetworkManager_10 has natively added scene component(s), but none of them were set as the actor's RootComponent - picking one arbitrarily
[2015.08.31-01.58.02:022][195]LogWorld: Bringing up level for play took: 0.011708
[2015.08.31-01.58.02:048][195]PIE: Info Play in editor start time for /Game/Bigger/Maps/UEDPIE_0_Race4 -0.67
[2015.08.31-01.58.51:002][890]LogParticles: Destroying 0 GPU particle simulations for FXSystem 0x0000002DEF6B3600
[2015.08.31-02.00.13:606][189]LogActorComponent: UnregisterComponent: (/Engine/Transient.CharMoveComp) Not registered. Aborting.
[2015.08.31-02.00.20:333][279]LogActorComponent: UnregisterComponent: (/Engine/Transient.CharMoveComp) Not registered. Aborting.
[2015.08.31-03.51.01:480][239]LogPlayLevel: PIE:  No blueprints needed recompiling
[2015.08.31-03.51.01:480][239]PIE: New page: PIE session: Race4 (Aug 30, 2015, 7:51:01 PM)
[2015.08.31-03.51.01:480][239]LogPlayLevel: Creating play world package: /Game/Bigger/Maps/UEDPIE_0_Race4
[2015.08.31-03.51.01:511][239]LogPlayLevel: PIE: StaticDuplicateObject took: (0.030504s)
[2015.08.31-03.51.01:512][239]LogAIModule: Creating AISystem for world Race4
[2015.08.31-03.51.01:512][239]LogPlayLevel: PIE: World Init took: (0.001569s)
[2015.08.31-03.51.01:512][239]LogPlayLevel: PIE: Created PIE world by copying editor world from /Game/Bigger/Maps/Race4.Race4 to /Game/Bigger/Maps/UEDPIE_0_Race4.Race4 (0.032335s)
[2015.08.31-03.51.01:513][239]LogActorComponent: UnregisterComponent: (/Engine/Transient.CharMoveComp) Not registered. Aborting.
[2015.08.31-03.51.01:586][239]LogInit: XAudio2 using 'Speakers (M-Audio Micro)' : 2 channels at 44.1 kHz using 16 bits per sample (channel mask 0x3)
[2015.08.31-03.51.01:596][239]LogInit: FAudioDevice initialized.
[2015.08.31-03.51.01:600][239]LogD3D11RHI: InitD3DDevice
[2015.08.31-03.51.01:635][239]LogWorld: Game class is 'BiggerGameMode_C'
[2015.08.31-03.51.01:651][239]LogWorld: Bringing World /Game/Bigger/Maps/UEDPIE_0_Race4.Race4 up for play (max tick rate 60) at 2015.08.30-23.51.01
[2015.08.31-03.51.01:651][239]LogActor:Warning: GameSession /Game/Bigger/Maps/UEDPIE_0_Race4.Race4:PersistentLevel.GameSession_11 has natively added scene component(s), but none of them were set as the actor's RootComponent - picking one arbitrarily
[2015.08.31-03.51.01:652][239]LogActor:Warning: GameNetworkManager /Game/Bigger/Maps/UEDPIE_0_Race4.Race4:PersistentLevel.GameNetworkManager_11 has natively added scene component(s), but none of them were set as the actor's RootComponent - picking one arbitrarily
[2015.08.31-03.51.01:654][239]LogWorld: Bringing up level for play took: 0.016400
[2015.08.31-03.51.01:702][239]PIE: Info Play in editor start time for /Game/Bigger/Maps/UEDPIE_0_Race4 0.983
[2015.08.31-03.51.58:696][266]LogParticles: Destroying 0 GPU particle simulations for FXSystem 0x0000002DDF71F600
[2015.08.31-03.53.04:055][620]LogActorComponent: UnregisterComponent: (/Engine/Transient.CharMoveComp) Not registered. Aborting.
[2015.08.31-03.53.04:164][620]LogWindowsTextInputMethodSystem:Display: IME system now deactivated.
[2015.08.31-03.53.04:165][620]LogWindowsTextInputMethodSystem:Display: IME system now deactivated.
[2015.08.31-03.53.04:425][621]Cmd: QUIT_EDITOR
[2015.08.31-03.53.05:036][621]LogExit: Preparing to exit.
[2015.08.31-03.53.05:372][621]LogExit: Editor shut down
[2015.08.31-03.53.05:373][621]LogExit: Transaction tracking system shut down
[2015.08.31-03.53.05:379][621]LogParticles: Destroying 0 GPU particle simulations for FXSystem 0x0000002DF3BCE020
[2015.08.31-03.53.05:380][621]LogParticles: Destroying 0 GPU particle simulations for FXSystem 0x0000002D819979C0
[2015.08.31-03.53.05:380][621]LogParticles: Destroying 0 GPU particle simulations for FXSystem 0x0000002D81A76CA0
[2015.08.31-03.53.05:380][621]LogParticles: Destroying 0 GPU particle simulations for FXSystem 0x0000002DE4843D80
[2015.08.31-03.53.05:380][621]LogParticles: Destroying 0 GPU particle simulations for FXSystem 0x0000002D85D63100
[2015.08.31-03.53.05:527][621]LogExit: Object subsystem successfully closed.
[2015.08.31-03.53.05:540][621]LogD3D11RHI: Shutdown
[2015.08.31-03.53.05:540][621]LogD3D11RHI: CleanupD3DDevice
[2015.08.31-03.53.05:622][621]LogD3D11RHI: ~FD3D11DynamicRHI
[2015.08.31-03.53.05:658][621]LogModuleManager: Shutting down and abandoning module CrashTracker (189)
[2015.08.31-03.53.05:658][621]LogModuleManager: Shutting down and abandoning module SceneOutliner (188)
[2015.08.31-03.53.05:658][621]LogModuleManager: Shutting down and abandoning module SuperSearch (187)
[2015.08.31-03.53.05:658][621]LogModuleManager: Shutting down and abandoning module WidgetCarousel (186)
[2015.08.31-03.53.05:658][621]LogModuleManager: Shutting down and abandoning module AddContentDialog (185)
[2015.08.31-03.53.05:660][621]LogModuleManager: Shutting down and abandoning module EditorWidgets (184)
[2015.08.31-03.53.05:660][621]LogModuleManager: Shutting down and abandoning module CollectionManager (183)
[2015.08.31-03.53.05:660][621]LogModuleManager: Shutting down and abandoning module StatsViewer (182)
[2015.08.31-03.53.05:660][621]LogModuleManager: Shutting down and abandoning module FoliageEdit (181)
[2015.08.31-03.53.05:660][621]LogModuleManager: Shutting down and abandoning module LandscapeEditor (180)
[2015.08.31-03.53.05:660][621]LogModuleManager: Shutting down and abandoning module ActorPickerMode (179)
[2015.08.31-03.53.05:660][621]LogModuleManager: Shutting down and abandoning module GeometryMode (178)
[2015.08.31-03.53.05:660][621]LogModuleManager: Shutting down and abandoning module TextureAlignMode (177)
[2015.08.31-03.53.05:660][621]LogModuleManager: Shutting down and abandoning module BspMode (176)
[2015.08.31-03.53.05:660][621]LogModuleManager: Shutting down and abandoning module PlacementMode (175)
[2015.08.31-03.53.05:660][621]LogModuleManager: Shutting down and abandoning module AutomationWorker (174)
[2015.08.31-03.53.05:660][621]LogModuleManager: Shutting down and abandoning module CharacterAI (173)
[2015.08.31-03.53.05:660][621]LogModuleManager: Shutting down and abandoning module SmartSnapping (172)
[2015.08.31-03.53.05:660][621]LogModuleManager: Shutting down and abandoning module ViewportSnapping (171)
[2015.08.31-03.53.05:660][621]LogModuleManager: Shutting down and abandoning module LogVisualizer (170)
[2015.08.31-03.53.05:661][621]LogModuleManager: Shutting down and abandoning module GameProjectGeneration (169)
[2015.08.31-03.53.05:661][621]LogModuleManager: Shutting down and abandoning module IntroTutorials (168)
[2015.08.31-03.53.05:661][621]LogModuleManager: Shutting down and abandoning module EditorLiveStreaming (167)
[2015.08.31-03.53.05:661][621]LogModuleManager: Shutting down and abandoning module IOSPlatformEditor (166)
[2015.08.31-03.53.05:661][621]LogModuleManager: Shutting down and abandoning module HTML5PlatformEditor (165)
[2015.08.31-03.53.05:661][621]LogModuleManager: Shutting down and abandoning module AndroidDeviceDetection (164)
[2015.08.31-03.53.05:831][621]LogModuleManager: Shutting down and abandoning module AndroidPlatformEditor (163)
[2015.08.31-03.53.05:831][621]LogModuleManager: Shutting down and abandoning module IOSRuntimeSettings (162)
[2015.08.31-03.53.05:831][621]LogModuleManager: Shutting down and abandoning module AndroidRuntimeSettings (161)
[2015.08.31-03.53.05:831][621]LogModuleManager: Shutting down and abandoning module MergeActors (160)
[2015.08.31-03.53.05:831][621]LogModuleManager: Shutting down and abandoning module SizeMap (159)
[2015.08.31-03.53.05:831][621]LogModuleManager: Shutting down and abandoning module TreeMap (158)
[2015.08.31-03.53.05:831][621]LogModuleManager: Shutting down and abandoning module ReferenceViewer (157)
[2015.08.31-03.53.05:831][621]LogModuleManager: Shutting down and abandoning module LocalizationDashboard (156)
[2015.08.31-03.53.05:831][621]LogModuleManager: Shutting down and abandoning module HardwareTargeting (155)
[2015.08.31-03.53.05:831][621]LogModuleManager: Shutting down and abandoning module DeviceProfileEditor (154)
[2015.08.31-03.53.05:831][621]LogModuleManager: Shutting down and abandoning module UndoHistory (153)
[2015.08.31-03.53.05:831][621]LogModuleManager: Shutting down and abandoning module GameplayTagsEditor (152)
[2015.08.31-03.53.05:831][621]LogModuleManager: Shutting down and abandoning module UserFeedback (151)
[2015.08.31-03.53.05:831][621]LogModuleManager: Shutting down and abandoning module XmlParser (150)
[2015.08.31-03.53.05:831][621]LogModuleManager: Shutting down and abandoning module Blutility (149)
[2015.08.31-03.53.05:831][621]LogModuleManager: Shutting down and abandoning module ProjectTargetPlatformEditor (148)
[2015.08.31-03.53.05:831][621]LogModuleManager: Shutting down and abandoning module ProjectSettingsViewer (147)
[2015.08.31-03.53.05:831][621]LogModuleManager: Shutting down and abandoning module InputBindingEditor (146)
[2015.08.31-03.53.05:831][621]LogModuleManager: Shutting down and abandoning module EditorSettingsViewer (145)
[2015.08.31-03.53.05:831][621]LogModuleManager: Shutting down and abandoning module SettingsEditor (144)
[2015.08.31-03.53.05:831][621]LogModuleManager: Shutting down and abandoning module ProjectLauncher (143)
[2015.08.31-03.53.05:831][621]LogModuleManager: Shutting down and abandoning module SessionFrontend (142)
[2015.08.31-03.53.05:831][621]LogModuleManager: Shutting down and abandoning module ProfilerClient (141)
[2015.08.31-03.53.05:831][621]LogModuleManager: Shutting down and abandoning module TargetDeviceServices (140)
[2015.08.31-03.53.05:831][621]LogModuleManager: Shutting down and abandoning module DeviceManager (139)
[2015.08.31-03.53.05:831][621]LogModuleManager: Shutting down and abandoning module AutomationController (138)
[2015.08.31-03.53.05:831][621]LogModuleManager: Shutting down and abandoning module AutomationWindow (137)
[2015.08.31-03.53.05:831][621]LogModuleManager: Shutting down and abandoning module Layers (136)
[2015.08.31-03.53.05:831][621]LogModuleManager: Shutting down and abandoning module ComponentVisualizers (135)
[2015.08.31-03.53.05:831][621]LogModuleManager: Shutting down and abandoning module DetailCustomizations (134)
[2015.08.31-03.53.05:832][621]LogModuleManager: Shutting down and abandoning module PackagesDialog (133)
[2015.08.31-03.53.05:832][621]LogModuleManager: Shutting down and abandoning module AssetRegistry (132)
[2015.08.31-03.53.05:902][621]LogModuleManager: Shutting down and abandoning module Persona (131)
[2015.08.31-03.53.05:902][621]LogModuleManager: Shutting down and abandoning module Kismet (130)
[2015.08.31-03.53.05:902][621]LogModuleManager: Shutting down and abandoning module GraphEditor (129)
[2015.08.31-03.53.05:902][621]LogModuleManager: Shutting down and abandoning module ClassViewer (128)
[2015.08.31-03.53.05:902][621]LogModuleManager: Shutting down and abandoning module Toolbox (127)
[2015.08.31-03.53.05:902][621]LogModuleManager: Shutting down and abandoning module ModuleUI (126)
[2015.08.31-03.53.05:902][621]LogModuleManager: Shutting down and abandoning module MovieSceneTools (125)
[2015.08.31-03.53.05:902][621]LogModuleManager: Shutting down and abandoning module OutputLog (124)
[2015.08.31-03.53.05:902][621]LogModuleManager: Shutting down and abandoning module GammaUI (123)
[2015.08.31-03.53.05:902][621]LogModuleManager: Shutting down and abandoning module Documentation (122)
[2015.08.31-03.53.05:902][621]LogModuleManager: Shutting down and abandoning module GameLiveStreaming (121)
[2015.08.31-03.53.05:902][621]LogModuleManager: Shutting down and abandoning module StreamingPauseRendering (120)
[2015.08.31-03.53.05:902][621]LogModuleManager: Shutting down and abandoning module AnalyticsET (119)
[2015.08.31-03.53.05:902][621]LogModuleManager: Shutting down and abandoning module Analytics (118)
[2015.08.31-03.53.05:902][621]LogModuleManager: Shutting down and abandoning module AITestSuite (117)
[2015.08.31-03.53.05:902][621]LogModuleManager: Shutting down and abandoning module GameplayDebugger (116)
[2015.08.31-03.53.05:902][621]LogModuleManager: Shutting down and abandoning module AIModule (115)
[2015.08.31-03.53.05:902][621]LogModuleManager: Shutting down and abandoning module ProfilerService (114)
[2015.08.31-03.53.06:076][621]LogModuleManager: Shutting down and abandoning module TaskGraph (113)
[2015.08.31-03.53.06:076][621]LogModuleManager: Shutting down and abandoning module SlateRemote (112)
[2015.08.31-03.53.06:076][621]LogModuleManager: Shutting down and abandoning module SteamVRController (111)
[2015.08.31-03.53.06:076][621]LogModuleManager: Shutting down and abandoning module SteamVR (110)
[2015.08.31-03.53.06:076][621]LogModuleManager: Shutting down and abandoning module ProceduralMeshComponent (109)
[2015.08.31-03.53.06:076][621]LogModuleManager: Shutting down and abandoning module OculusRift (108)
[2015.08.31-03.53.06:076][621]LogModuleManager: Shutting down and abandoning module LeapMotionController (107)
[2015.08.31-03.53.06:136][621]LogModuleManager: Shutting down and abandoning module CustomMeshComponent (106)
[2015.08.31-03.53.06:136][621]LogModuleManager: Shutting down and abandoning module CableComponent (105)
[2015.08.31-03.53.06:136][621]LogModuleManager: Shutting down and abandoning module MessagingDebugger (104)
[2015.08.31-03.53.06:136][621]LogModuleManager: Shutting down and abandoning module MediaPlayerEditor (103)
[2015.08.31-03.53.06:136][621]LogModuleManager: Shutting down and abandoning module SpeedTreeImporter (102)
[2015.08.31-03.53.06:136][621]LogModuleManager: Shutting down and abandoning module PluginBrowser (101)
[2015.08.31-03.53.06:136][621]LogModuleManager: Shutting down and abandoning module EpicSurvey (100)
[2015.08.31-03.53.06:136][621]LogModuleManager: Shutting down and abandoning module DesktopPlatform (99)
[2015.08.31-03.53.06:136][621]LogModuleManager: Shutting down and abandoning module VisualStudioSourceCodeAccess (98)
[2015.08.31-03.53.06:136][621]LogModuleManager: Shutting down and abandoning module UObjectPlugin (97)
[2015.08.31-03.53.06:136][621]LogModuleManager: Shutting down and abandoning module SubversionSourceControl (96)
[2015.08.31-03.53.06:136][621]LogModuleManager: Shutting down and abandoning module PerforceSourceControl (95)
[2015.08.31-03.53.06:136][621]LogModuleManager: Shutting down and abandoning module SourceControl (94)
[2015.08.31-03.53.06:136][621]LogModuleManager: Shutting down and abandoning module GitSourceControl (93)
[2015.08.31-03.53.06:136][621]LogModuleManager: Shutting down and abandoning module BlankPlugin (92)
[2015.08.31-03.53.06:136][621]LogModuleManager: Shutting down and abandoning module PaperTiledImporter (91)
[2015.08.31-03.53.06:136][621]LogModuleManager: Shutting down and abandoning module PaperSpriteSheetImporter (90)
[2015.08.31-03.53.06:136][621]LogModuleManager: Shutting down and abandoning module MeshPaint (89)
[2015.08.31-03.53.06:136][621]LogModuleManager: Shutting down and abandoning module SlateReflector (88)
[2015.08.31-03.53.06:136][621]LogModuleManager: Shutting down and abandoning module DirectoryWatcher (87)
[2015.08.31-03.53.06:138][621]LogModuleManager: Shutting down and abandoning module HotReload (86)
[2015.08.31-03.53.06:138][621]LogModuleManager: Shutting down and abandoning module MainFrame (85)
[2015.08.31-03.53.06:138][621]LogModuleManager: Shutting down and abandoning module LevelEditor (84)
[2015.08.31-03.53.06:138][621]LogModuleManager: Shutting down and abandoning module ContentBrowser (83)
[2015.08.31-03.53.06:139][621]LogModuleManager: Shutting down and abandoning module Paper2DEditor (82)
[2015.08.31-03.53.06:139][621]LogModuleManager: Shutting down and abandoning module RigerBigger (81)
[2015.08.31-03.53.06:139][621]LogModuleManager: Shutting down and abandoning module UdpMessaging (80)
[2015.08.31-03.53.06:240][621]LogModuleManager: Shutting down and abandoning module Paper2D (79)
[2015.08.31-03.53.06:240][621]LogModuleManager: Shutting down and abandoning module WindowsMoviePlayer (78)
[2015.08.31-03.53.06:242][621]LogModuleManager: Shutting down and abandoning module Media (77)
[2015.08.31-03.53.06:242][621]LogModuleManager: Shutting down and abandoning module WmfMedia (76)
[2015.08.31-03.53.06:242][621]LogModuleManager: Shutting down and abandoning module OnlineBlueprintSupport (75)
[2015.08.31-03.53.06:243][621]LogModuleManager: Shutting down and abandoning module PropertyEditor (74)
[2015.08.31-03.53.06:243][621]LogModuleManager: Shutting down and abandoning module BehaviorTreeEditor (73)
[2015.08.31-03.53.06:243][621]LogModuleManager: Shutting down and abandoning module FunctionalTesting (72)
[2015.08.31-03.53.06:243][621]LogModuleManager: Shutting down and abandoning module CollisionAnalyzer (71)
[2015.08.31-03.53.06:243][621]LogModuleManager: Shutting down and abandoning module WorkspaceMenuStructure (70)
[2015.08.31-03.53.06:243][621]LogModuleManager: Shutting down and abandoning module MessageLog (69)
[2015.08.31-03.53.06:243][621]LogModuleManager: Shutting down and abandoning module Sequencer (68)
[2015.08.31-03.53.06:243][621]LogModuleManager: Shutting down and abandoning module AssetTools (67)
[2015.08.31-03.53.06:243][621]LogModuleManager: Shutting down and abandoning module UMGEditor (66)
[2015.08.31-03.53.06:243][621]LogModuleManager: Shutting down and abandoning module UMG (65)
[2015.08.31-03.53.06:243][621]LogModuleManager: Shutting down and abandoning module Slate (64)
[2015.08.31-03.53.06:243][621]LogModuleManager: Shutting down and abandoning module EditorStyle (63)
[2015.08.31-03.53.06:245][621]LogModuleManager: Shutting down and abandoning module SessionServices (62)
[2015.08.31-03.53.06:245][621]LogModuleManager: Shutting down and abandoning module SourceCodeAccess (61)
[2015.08.31-03.53.06:245][621]LogModuleManager: Shutting down and abandoning module HeadMountedDisplay (60)
[2015.08.31-03.53.06:245][621]LogModuleManager: Shutting down and abandoning module XAudio2 (59)
[2015.08.31-03.53.06:245][621]LogModuleManager: Shutting down and abandoning module Networking (57)
[2015.08.31-03.53.06:245][621]LogModuleManager: Shutting down and abandoning module Core (56)
[2015.08.31-03.53.06:245][621]LogModuleManager: Shutting down and abandoning module KismetCompiler (55)
[2015.08.31-03.53.06:245][621]LogModuleManager: Shutting down and abandoning module PhysXFormats (54)
[2015.08.31-03.53.06:245][621]LogModuleManager: Shutting down and abandoning module MeshUtilities (53)
[2015.08.31-03.53.06:245][621]LogModuleManager: Shutting down and abandoning module DerivedDataCache (52)
[2015.08.31-03.53.06:247][621]LogDerivedDataCache: Shutdown
[2015.08.31-03.53.06:247][621]LogModuleManager: Shutting down and abandoning module ShaderFormatOpenGL (51)
[2015.08.31-03.53.06:247][621]LogModuleManager: Shutting down and abandoning module ShaderFormatD3D (50)
[2015.08.31-03.53.06:247][621]LogModuleManager: Shutting down and abandoning module MetalShaderFormat (49)
[2015.08.31-03.53.06:247][621]LogModuleManager: Shutting down and abandoning module TextureFormatUncompressed (48)
[2015.08.31-03.53.06:247][621]LogModuleManager: Shutting down and abandoning module TextureFormatPVR (47)
[2015.08.31-03.53.06:247][621]LogModuleManager: Shutting down and abandoning module TextureFormatIntelISPCTexComp (46)
[2015.08.31-03.53.06:247][621]LogModuleManager: Shutting down and abandoning module TextureFormatDXT (45)
[2015.08.31-03.53.06:247][621]LogModuleManager: Shutting down and abandoning module ImageWrapper (44)
[2015.08.31-03.53.06:247][621]LogModuleManager: Shutting down and abandoning module TextureFormatASTC (43)
[2015.08.31-03.53.06:247][621]LogModuleManager: Shutting down and abandoning module TextureFormatAndroid (42)
[2015.08.31-03.53.06:247][621]LogModuleManager: Shutting down and abandoning module AudioFormatOpus (41)
[2015.08.31-03.53.06:247][621]LogModuleManager: Shutting down and abandoning module AudioFormatOgg (40)
[2015.08.31-03.53.06:247][621]LogModuleManager: Shutting down and abandoning module AudioFormatADPCM (39)
[2015.08.31-03.53.06:247][621]LogModuleManager: Shutting down and abandoning module LinuxTargetPlatform (38)
[2015.08.31-03.53.06:247][621]LogModuleManager: Shutting down and abandoning module LinuxServerTargetPlatform (37)
[2015.08.31-03.53.06:247][621]LogModuleManager: Shutting down and abandoning module LinuxNoEditorTargetPlatform (36)
[2015.08.31-03.53.06:247][621]LogModuleManager: Shutting down and abandoning module Messaging (35)
[2015.08.31-03.53.06:247][621]LogModuleManager: Shutting down and abandoning module IOSTargetPlatform (34)
[2015.08.31-03.53.06:247][621]LogModuleManager: Shutting down and abandoning module HTML5TargetPlatform (33)
[2015.08.31-03.53.06:247][621]LogModuleManager: Shutting down and abandoning module Android_PVRTCTargetPlatform (32)
[2015.08.31-03.53.06:247][621]LogModuleManager: Shutting down and abandoning module Android_ETC2TargetPlatform (31)
[2015.08.31-03.53.06:247][621]LogModuleManager: Shutting down and abandoning module Android_ETC1TargetPlatform (30)
[2015.08.31-03.53.06:247][621]LogModuleManager: Shutting down and abandoning module Android_DXTTargetPlatform (29)
[2015.08.31-03.53.06:247][621]LogModuleManager: Shutting down and abandoning module Android_ATCTargetPlatform (28)
[2015.08.31-03.53.06:247][621]LogModuleManager: Shutting down and abandoning module Android_ASTCTargetPlatform (27)
[2015.08.31-03.53.06:247][621]LogModuleManager: Shutting down and abandoning module AndroidTargetPlatform (26)
[2015.08.31-03.53.06:247][621]LogModuleManager: Shutting down and abandoning module WindowsTargetPlatform (25)
[2015.08.31-03.53.06:247][621]LogModuleManager: Shutting down and abandoning module WindowsServerTargetPlatform (24)
[2015.08.31-03.53.06:247][621]LogModuleManager: Shutting down and abandoning module WindowsNoEditorTargetPlatform (23)
[2015.08.31-03.53.06:247][621]LogModuleManager: Shutting down and abandoning module WindowsClientTargetPlatform (22)
[2015.08.31-03.53.06:247][621]LogModuleManager: Shutting down and abandoning module DesktopTargetPlatform (21)
[2015.08.31-03.53.06:247][621]LogModuleManager: Shutting down and abandoning module TargetPlatform (20)
[2015.08.31-03.53.06:247][621]LogModuleManager: Shutting down and abandoning module InputCore (19)
[2015.08.31-03.53.06:247][621]LogModuleManager: Shutting down and abandoning module Settings (18)
[2015.08.31-03.53.06:247][621]LogModuleManager: Shutting down and abandoning module OnlineSubsystem (16)
[2015.08.31-03.53.06:247][621]LogModuleManager: Shutting down and abandoning module HTTP (15)
[2015.08.31-03.53.06:247][621]LogModuleManager: Shutting down and abandoning module ExampleDeviceProfileSelector (14)
[2015.08.31-03.53.06:247][621]LogModuleManager: Shutting down and abandoning module TextureCompressor (13)
[2015.08.31-03.53.06:247][621]LogModuleManager: Shutting down and abandoning module ShaderCore (12)
[2015.08.31-03.53.06:247][621]LogModuleManager: Shutting down and abandoning module Landscape (11)
[2015.08.31-03.53.06:247][621]LogModuleManager: Shutting down and abandoning module SlateRHIRenderer (10)
[2015.08.31-03.53.06:251][621]LogModuleManager: Shutting down and abandoning module OpenGLDrv (9)
[2015.08.31-03.53.06:251][621]LogModuleManager: Shutting down and abandoning module D3D11RHI (8)
[2015.08.31-03.53.06:251][621]LogModuleManager: Shutting down and abandoning module Renderer (7)
[2015.08.31-03.53.06:251][621]LogModuleManager: Shutting down and abandoning module Engine (6)
[2015.08.31-03.53.06:251][621]LogModuleManager: Shutting down and abandoning module CoreUObject (5)
[2015.08.31-03.53.06:251][621]LogModuleManager: Shutting down and abandoning module NetworkFile (4)
[2015.08.31-03.53.06:251][621]LogModuleManager: Shutting down and abandoning module StreamingFile (3)
[2015.08.31-03.53.06:251][621]LogModuleManager: Shutting down and abandoning module SandboxFile (2)
[2015.08.31-03.53.06:251][621]LogModuleManager: Shutting down and abandoning module PakFile (1)
[2015.08.31-03.53.06:252][621]LogExit: Exiting.
[2015.08.31-03.53.06:254][621]Log file closed, 08/30/15 23:53:06
