[2015.09.03-00.39.05:637][  0]Log file open, 09/02/15 20:39:05
[2015.09.03-00.39.05:637][  0]LogInit:Display: Running engine for game: RigerBigger
[2015.09.03-00.39.05:637][  0]LogInit:Display: RandInit(987824469) SRandInit(987824469).
[2015.09.03-00.39.05:637][  0]LogTaskGraph: Started task graph with 4 named threads and 7 total threads.
[2015.09.03-00.39.05:637][  0]LogStats: Stats thread started
[2015.09.03-00.39.05:637][  0]LogInit: Version: 4.8.3-2634408+++depot+UE4-Releases+4.8
[2015.09.03-00.39.05:637][  0]LogInit: API Version: 2579680
[2015.09.03-00.39.05:637][  0]LogInit: Compiled (64-bit): Jul 27 2015 16:24:33
[2015.09.03-00.39.05:637][  0]LogInit: Compiled with Visual C++: 18.00.21005.01
[2015.09.03-00.39.05:637][  0]LogInit: Build Configuration: Development
[2015.09.03-00.39.05:637][  0]LogInit: Branch Name: ++depot+UE4-Releases+4.8
[2015.09.03-00.39.05:637][  0]LogInit: Command line:  
[2015.09.03-00.39.05:637][  0]LogInit: Base directory: C:/Program Files/UE45/Epic Games/4.8/Engine/Binaries/Win64/
[2015.09.03-00.39.05:637][  0]LogInit: Rocket: 1
[2015.09.03-00.39.05:655][  0]LogInit: Using libcurl 7.41.0
[2015.09.03-00.39.05:655][  0]LogInit:  - built for x86_64-pc-win32
[2015.09.03-00.39.05:655][  0]LogInit:  - supports SSL with WinSSL
[2015.09.03-00.39.05:655][  0]LogInit:  - other features:
[2015.09.03-00.39.05:655][  0]LogInit:      CURL_VERSION_SSL
[2015.09.03-00.39.05:655][  0]LogInit:      CURL_VERSION_IPV6
[2015.09.03-00.39.05:655][  0]LogInit:      CURL_VERSION_ASYNCHDNS
[2015.09.03-00.39.05:655][  0]LogInit:      CURL_VERSION_LARGEFILE
[2015.09.03-00.39.05:655][  0]LogInit:      CURL_VERSION_IDN
[2015.09.03-00.39.05:655][  0]LogInit:  CurlRequestOptions (configurable via config and command line):
[2015.09.03-00.39.05:655][  0]LogInit:  - bVerifyPeer = true  - Libcurl will verify peer certificate
[2015.09.03-00.39.05:655][  0]LogInit:  - bUseHttpProxy = false  - Libcurl will NOT use HTTP proxy
[2015.09.03-00.39.05:655][  0]LogInit:  - bDontReuseConnections = false  - Libcurl will reuse connections
[2015.09.03-00.39.05:655][  0]LogInit:  - CertBundlePath = nullptr  - Libcurl will use whatever was configured at build time.
[2015.09.03-00.39.05:670][  0]LogOnline:Warning: No default platform service specified for OnlineSubsystem
[2015.09.03-00.39.05:869][  0]LogInit: Presizing for 0 objects not considered by GC, pre-allocating 0 bytes.
[2015.09.03-00.39.05:875][  0]LogInit: Object subsystem initialized
[2015.09.03-00.39.05:876][  0]LogConsoleResponse:Warning: Skipping Unknown console variable: 'TranslucentSortAxis = (X=0.000000,Y=-1.000000,Z=0.000000)'
[2015.09.03-00.39.05:876][  0]LogConsoleResponse:Warning:   Found in ini file 'C:/Users/Owner/Documents/Unreal Projects/RigerBigger/Saved/Config/Windows/Engine.ini', in section '[/Script/Engine.RendererSettings]'
[2015.09.03-00.39.05:876][  0]LogConsoleResponse:Warning: Skipping Unknown console variable: 'UIScaleRule = ShortestSide'
[2015.09.03-00.39.05:876][  0]LogConsoleResponse:Warning:   Found in ini file 'C:/Users/Owner/Documents/Unreal Projects/RigerBigger/Saved/Config/Windows/Engine.ini', in section '[/Script/Engine.RendererSettings]'
[2015.09.03-00.39.05:876][  0]LogConsoleResponse:Warning: Skipping Unknown console variable: 'UIScaleCurve = (EditorCurveData=(Keys=),ExternalCurve=None)'
[2015.09.03-00.39.05:876][  0]LogConsoleResponse:Warning:   Found in ini file 'C:/Users/Owner/Documents/Unreal Projects/RigerBigger/Saved/Config/Windows/Engine.ini', in section '[/Script/Engine.RendererSettings]'
[2015.09.03-00.39.05:876][  0]LogInit: Selected Device Profile: [Windows]
[2015.09.03-00.39.05:876][  0]LogInit: Applying CVar settings loaded from the selected device profile: [Windows]
[2015.09.03-00.39.05:883][  0]LogInit: Computer: ASUS
[2015.09.03-00.39.05:883][  0]LogInit: User: Owner
[2015.09.03-00.39.05:883][  0]LogInit: CPU Page size=4096, Cores=4
[2015.09.03-00.39.05:883][  0]LogInit: High frequency timer resolution =2.338343 MHz
[2015.09.03-00.39.05:883][  0]LogMemory: Memory total: Physical=15.9GB (16GB approx)
[2015.09.03-00.39.05:883][  0]LogMemory: Platform Memory Stats for Windows
[2015.09.03-00.39.05:883][  0]LogMemory: Process Physical Memory: 54.47 MB used, 54.47 MB peak
[2015.09.03-00.39.05:883][  0]LogMemory: Process Virtual Memory: 27.48 MB used, 27.48 MB peak
[2015.09.03-00.39.05:883][  0]LogMemory: Physical Memory: 4725.50 MB used, 16267.18 MB total
[2015.09.03-00.39.05:883][  0]LogMemory: Virtual Memory: 300.54 MB used, 134217728.00 MB total
[2015.09.03-00.39.07:225][  0]LogTextLocalizationManager: The requested culture ('en_US') has no localization data; parent culture's ('en') localization data will be used.
[2015.09.03-00.39.07:430][  0]LogTextLocalizationManager:Warning: Loaded localization resources contain conflicting entries for (Namespace:ContentBrowser, Key:ImportAssetToolTip):
Localization Resource: (C:/Program Files/UE45/Epic Games/4.8/Engine/Content/Localization/Editor/en/Editor.locres) Source String Hash: (-630476809) Localized String: (Import to {0}...)
Localization Resource: (C:/Program Files/UE45/Epic Games/4.8/Engine/Content/Localization/Editor/en/Editor.locres) Source String Hash: (1271782899) Localized String: (Imports an asset from file to this folder.)
[2015.09.03-00.39.07:974][  0]LogD3D11RHI: Found D3D11 adapter 0: Intel(R) HD Graphics 4600 (Feature Level 11_0)
[2015.09.03-00.39.07:974][  0]LogD3D11RHI: Adapter has 32MB of dedicated video memory, 0MB of dedicated system memory, and 1760MB of shared system memory, 1 output[s]
[2015.09.03-00.39.07:975][  0]LogD3D11RHI: Found D3D11 adapter 1: Microsoft Basic Render Driver (Feature Level 11_0)
[2015.09.03-00.39.07:975][  0]LogD3D11RHI: Adapter has 0MB of dedicated video memory, 0MB of dedicated system memory, and 256MB of shared system memory, 0 output[s]
[2015.09.03-00.39.07:975][  0]LogD3D11RHI: Chosen D3D11 Adapter Id = 0
[2015.09.03-00.39.07:979][  0]LogD3D11RHI: InitD3DDevice
[2015.09.03-00.39.07:979][  0]LogD3D11RHI: !Direct3DDevice
[2015.09.03-00.39.07:979][  0]LogRHI: Texture pool is 638 MB (70% of 912 MB)
[2015.09.03-00.39.07:985][  0]LogD3D11RHI: Async texture creation enabled
[2015.09.03-00.39.07:990][  0]LogShaderCompilers:Display: Using Local Shader Compiler.
[2015.09.03-00.39.09:542][  0]LogTemp:Display: Loaded TP DesktopTargetPlatform
[2015.09.03-00.39.09:943][  0]LogTemp:Display: Loaded TP WindowsClientTargetPlatform
[2015.09.03-00.39.10:256][  0]LogTemp:Display: Loaded TP WindowsNoEditorTargetPlatform
[2015.09.03-00.39.10:383][  0]LogTemp:Display: Loaded TP WindowsServerTargetPlatform
[2015.09.03-00.39.10:492][  0]LogTemp:Display: Loaded TP WindowsTargetPlatform
[2015.09.03-00.39.10:637][  0]LogTemp:Display: Loaded TP AndroidTargetPlatform
[2015.09.03-00.39.10:755][  0]LogTemp:Display: Loaded TP Android_ASTCTargetPlatform
[2015.09.03-00.39.10:893][  0]LogTemp:Display: Loaded TP Android_ATCTargetPlatform
[2015.09.03-00.39.10:990][  0]LogTemp:Display: Loaded TP Android_DXTTargetPlatform
[2015.09.03-00.39.11:089][  0]LogTemp:Display: Loaded TP Android_ETC1TargetPlatform
[2015.09.03-00.39.11:229][  0]LogTemp:Display: Loaded TP Android_ETC2TargetPlatform
[2015.09.03-00.39.11:297][  0]LogTemp:Display: Loaded TP Android_PVRTCTargetPlatform
[2015.09.03-00.39.11:596][  0]LogTemp:Display: Loaded TP IOSTargetPlatform
[2015.09.03-00.39.11:709][  0]LogTemp:Display: Loaded TP LinuxNoEditorTargetPlatform
[2015.09.03-00.39.11:795][  0]LogTemp:Display: Loaded TP LinuxServerTargetPlatform
[2015.09.03-00.39.11:864][  0]LogTemp:Display: Loaded TP LinuxTargetPlatform
[2015.09.03-00.39.11:864][  0]LogTargetPlatformManager:Display: Building Assets For Windows
[2015.09.03-00.39.14:434][  0]LogDerivedDataCache:Display: Max Cache Size: 512 MB
[2015.09.03-00.39.15:367][  0]LogDerivedDataCache: Loaded boot cache 0.93s 53MB C:/Users/Owner/AppData/Local/UnrealEngine/4.8/DerivedDataCache/Boot.ddc.
[2015.09.03-00.39.15:367][  0]LogDerivedDataCache:Display: Loaded Boot cache: C:/Users/Owner/AppData/Local/UnrealEngine/4.8/DerivedDataCache/Boot.ddc
[2015.09.03-00.39.15:367][  0]LogDerivedDataCache: FDerivedDataBackendGraph:  Pak pak cache file ../../../../../../../Users/Owner/Documents/Unreal Projects/RigerBigger/DerivedDataCache/DDC.ddp not found, will not use a pak cache.
[2015.09.03-00.39.15:367][  0]LogDerivedDataCache: Unable to find inner node Pak for hierarchical cache Hierarchy.
[2015.09.03-00.39.15:367][  0]LogDerivedDataCache: FDerivedDataBackendGraph:  CompressedPak pak cache file ../../../../../../../Users/Owner/Documents/Unreal Projects/RigerBigger/DerivedDataCache/Compressed.ddp not found, will not use a pak cache.
[2015.09.03-00.39.15:367][  0]LogDerivedDataCache: Unable to find inner node CompressedPak for hierarchical cache Hierarchy.
[2015.09.03-00.39.15:698][  0]LogDerivedDataCache:Display: Pak cache opened for reading ../../../Engine/DerivedDataCache/Compressed.ddp.
[2015.09.03-00.39.15:710][  0]LogDerivedDataCache: Using Local data cache path C:/Users/Owner/AppData/Local/UnrealEngine/Common/DerivedDataCache: Writable
[2015.09.03-00.39.16:086][  0]LogInit: Selected Device Profile: [Windows]
[2015.09.03-00.39.16:167][  0]ImportText (ComponentSweepMultiTests): Missing closing parenthesis: (RootShapeAsset="/Engine/BasicShapes/Cube.Cube",ShapeType="TriggerCapsule",HitResult=(Time=0.50,Location=(X=-100.000015,Y=0.0,Z=100.000015),ImpactPoint=(X=-50.0,Y=0.0,Z=50.0),Normal=(X=-1.0,Y=-0.0,Z=0.0),ImpactNormal=(X=0.0,Y=0.0,Z=1.0),TraceStart=(X=-200.0,Y=0.0,Z=200.0),TraceEnd=(X=0.0,Y=0.0,Z=0.0))
[2015.09.03-00.39.16:168][  0]ImportText (LineTraceSingleByChannelTests): Missing closing parenthesis: (RootShapeAsset="/Engine/BasicShapes/Cube.Cube",HitResult=(Time=0.50,Location=(X=-100.000015,Y=0.0,Z=100.000015),ImpactPoint=(X=-50.0,Y=0.0,Z=50.0),Normal=(X=-1.0,Y=-0.0,Z=0.0),ImpactNormal=(X=0.0,Y=0.0,Z=1.0),TraceStart=(X=-200.0,Y=0.0,Z=200.0),TraceEnd=(X=0.0,Y=0.0,Z=0.0))
[2015.09.03-00.39.16:458][  0]LogMeshUtilities: No automatic mesh reduction module available
[2015.09.03-00.39.16:458][  0]LogMeshUtilities: No automatic mesh merging module available
[2015.09.03-00.39.17:170][  0]LogInit: WinSock: version 1.1 (2.2), MaxSocks=32767, MaxUdp=65467
[2015.09.03-00.39.21:085][  0]UdpMessaging: Initializing bridge on interface 0.0.0.0:0 to multicast group 230.0.0.1:6666.
[2015.09.03-00.39.23:709][  0]SourceControl: Info Source control is disabled
[2015.09.03-00.39.23:948][  0]SourceControl: Info Source control is disabled
[2015.09.03-00.39.24:496][  0]SourceControl: Info Source control is disabled
[2015.09.03-00.39.24:681][  0]SourceControl: Info Source control is disabled
[2015.09.03-00.39.25:930][  0]LogObj: 26279 objects as part of root set at end of initial load.
[2015.09.03-00.39.25:930][  0]LogUObjectAllocator: 5411216 out of 0 bytes used by permanent object pool.
[2015.09.03-00.39.26:126][  0]LogEngine: Initializing Engine...
[2015.09.03-00.39.26:127][  0]OCULUS: Info: [CAPI] LibOVR module is located at C:\WINDOWS\SYSTEM32\LibOVRRT64_0_6.dll

[2015.09.03-00.39.26:729][  0]OCULUS: Error: [CAPI] ovrHmd_Create failed to complete within the timeout period.
[2015.09.03-00.39.26:850][  0]LogHMD:Warning: SteamVR failed to initialize.  Error: 108
[2015.09.03-00.39.27:059][  0]LogAIModule: Creating AISystem for world NewWorld
[2015.09.03-00.39.27:069][  0]LogInit: XAudio2 using 'Speakers (9- M-Audio Micro)' : 2 channels at 44.1 kHz using 16 bits per sample (channel mask 0x3)
[2015.09.03-00.39.27:079][  0]LogInit: FAudioDevice initialized.
[2015.09.03-00.39.27:105][  0]LogDerivedDataCache: Saved boot cache 0.03s 53MB C:/Users/Owner/AppData/Local/UnrealEngine/4.8/DerivedDataCache/Boot.ddc.
[2015.09.03-00.39.27:109][  0]LogInit: Texture streaming: Disabled
[2015.09.03-00.39.27:250][  0]LogAnalytics: Creating configured Analytics provider AnalyticsET
[2015.09.03-00.39.27:250][  0]LogAnalytics: [UEEditor.Rocket.Release] APIServer = http://et2.epicgames.com/ET2/. AppVersion = 4.8.3-2634408+++depot+UE4-Releases+4.8
[2015.09.03-00.39.27:250][  0]LogAnalytics: [UEEditor.Rocket.Release] SetUserId 35226550403f01e61bf75787a876a810|e8dad8564e6d4f898fb2f14da66fe74c|895c8296-c7c6-4d98-8220-90cf576083c0
[2015.09.03-00.39.27:250][  0]LogAnalytics: [UEEditor.Rocket.Release] AnalyticsET::StartSession
[2015.09.03-00.39.27:349][  0]LogInit: Transaction tracking system initialized
[2015.09.03-00.39.28:450][  0]BlueprintLog: New page: Editor Load
[2015.09.03-00.39.28:533][  0]LogAssetRegistry: FAssetRegistry took 0.0110 seconds to start up
[2015.09.03-00.39.28:533][  0]LogDirectoryWatcher:Warning: Failed to begin reading directory changes for ../../../Engine/Plugins/Experimental/CharacterAI/Content/. Error: 0
[2015.09.03-00.39.37:274][  0]LogConsoleManager:Warning: Console variable 'r.VSync' wasn't set ('GameSetting' has a lower priority than 'SystemSettingsIni')
[2015.09.03-00.39.37:274][  0]LogConsoleResponse:Display: 
[2015.09.03-00.39.37:521][  0]LogCook:Display: Done creating registry. It took  0.00s.
[2015.09.03-00.39.38:177][  0]SourceControl: Info Source control is disabled
[2015.09.03-00.39.38:177][  0]Cmd: MAP LOAD FILE="../../../../../../../Users/Owner/Documents/Unreal Projects/RigerBigger/Content/Bigger/Maps/MainMenu.umap" TEMPLATE=0 SHOWPROGRESS=1 FEATURELEVEL=3
[2015.09.03-00.39.38:177][  0]LightingResults: New page: Lighting Build
[2015.09.03-00.39.38:192][  0]MapCheck: New page: Map Check
[2015.09.03-00.39.38:192][  0]LightingResults: New page: Lighting Build
[2015.09.03-00.39.38:200][  0]LogParticles: Destroying 0 GPU particle simulations for FXSystem 0x0000007832C64B80
[2015.09.03-00.39.42:916][  0]LogAIModule: Creating AISystem for world MainMenu
[2015.09.03-00.39.42:956][  0]LogEditorServer: Finished looking for orphan Actors (0.000 secs)
[2015.09.03-00.39.42:957][  0]Cmd: MAP CHECKDEP NOCLEARLOG
[2015.09.03-00.39.43:066][  0]MapCheck: Info Map check complete: 0 Error(s), 0 Warning(s), took 109.322ms to complete.
[2015.09.03-00.39.43:066][  0]LogFileHelpers: Loading map 'MainMenu' took 4.890
[2015.09.03-00.39.43:226][  0]LogCollectionManager: Loaded 0 collections in 0.002623 seconds
[2015.09.03-00.39.43:235][  0]LogContentBrowser: Native class hierarchy populated in 0.0087 seconds. Added 1793 classes and 304 folders.
[2015.09.03-00.39.43:361][  0]LogContentBrowser: Native class hierarchy updated for 'WidgetCarousel' in 0.0031 seconds. Added 0 classes and 0 folders.
[2015.09.03-00.39.43:449][  0]LogContentBrowser: Native class hierarchy updated for 'AddContentDialog' in 0.0023 seconds. Added 0 classes and 0 folders.
[2015.09.03-00.39.43:527][  0]LogContentBrowser: Native class hierarchy updated for 'SceneOutliner' in 0.0024 seconds. Added 1 classes and 2 folders.
[2015.09.03-00.39.43:635][  0]LogCrashTracker: Crashtracker disabled due to settings.
[2015.09.03-00.39.43:636][  0]LogD3D11RHI: InitD3DDevice
[2015.09.03-00.39.43:640][  0]LogUObjectGlobals:Warning: Failed to find object 'Class None.'
[2015.09.03-00.39.43:662][  0]LogLoad: Full Startup: 45.45 seconds (BP compile: 2.11 seconds)
[2015.09.03-00.39.44:136][  0]LogContentStreaming: Texture pool size is 0.000000MB
[2015.09.03-00.39.44:192][  0]LogContentStreaming: Texture pool size now 400 MB
[2015.09.03-00.39.44:418][  0]LogRenderer: Reallocating scene render targets to support 1240x600 (Frame:2).
[2015.09.03-00.39.50:399][ 18]LogAssetRegistry: Asset discovery search completed in 21.8782 seconds
[2015.09.03-00.39.54:390][ 30]LogD3D11RHI: InitD3DDevice
[2015.09.03-00.56.37:350][ 83]LogD3D11RHI: InitD3DDevice
[2015.09.03-00.56.37:739][113]LogD3D11RHI: InitD3DDevice
[2015.09.03-00.56.38:241][161]LogD3D11RHI: InitD3DDevice
[2015.09.03-00.56.39:757][314]LogD3D11RHI: InitD3DDevice
[2015.09.03-00.56.40:785][431]LogD3D11RHI: InitD3DDevice
[2015.09.03-00.56.49:771][598]LogD3D11RHI: InitD3DDevice
[2015.09.03-00.56.59:533][854]LogD3D11RHI: InitD3DDevice
[2015.09.03-00.57.00:852][882]LogActorComponent: UnregisterComponent: (/Engine/Transient.CharMoveComp) Not registered. Aborting.
[2015.09.03-00.57.01:222][882]Cmd: MAP LOAD FILE="../../../../../../../Users/Owner/Documents/Unreal Projects/RigerBigger/Content/Bigger/Maps/Race3.umap" TEMPLATE=0 SHOWPROGRESS=1 FEATURELEVEL=3
[2015.09.03-00.57.01:225][882]LogD3D11RHI: InitD3DDevice
[2015.09.03-00.57.01:240][882]LightingResults: New page: Lighting Build
[2015.09.03-00.57.01:275][882]LoadErrors: New page: Loading map: Race3.umap
[2015.09.03-00.57.01:276][882]MapCheck: New page: Map Check
[2015.09.03-00.57.01:276][882]LightingResults: New page: Lighting Build
[2015.09.03-00.57.01:293][882]LogParticles: Destroying 0 GPU particle simulations for FXSystem 0x000000783BE40A40
[2015.09.03-00.57.03:602][882]LogAIModule: Creating AISystem for world Race3
[2015.09.03-00.57.03:663][882]LogMaterial:Warning: Material /Game/StarterContent/Materials/M_Metal_Rust.M_Metal_Rust needed to have new flag set bUsedWithLandscape !
[2015.09.03-00.57.03:665][882]LogMaterial: Missing cached shader map for material M_Metal_Rust, compiling. 
[2015.09.03-00.57.03:725][882]LogMaterial: 0.000562 seconds spent updating 1 materials, 1 interfaces, 65 instances, 0 with static permutations.
[2015.09.03-00.57.05:109][882]LogEditorServer: Finished looking for orphan Actors (0.000 secs)
[2015.09.03-00.57.05:352][882]Cmd: MAP CHECKDEP NOCLEARLOG
[2015.09.03-00.57.05:503][882]MapCheck: Info Map check complete: 0 Error(s), 0 Warning(s), took 151.352ms to complete.
[2015.09.03-00.57.05:503][882]LogFileHelpers: Loading map 'Race3' took 4.284
[2015.09.03-00.57.05:571][883]Cmd: UpdateLandscapeEditorData -warnings
[2015.09.03-00.57.05:573][883]Cmd: UpdateLandscapeEditorData
[2015.09.03-00.57.06:578][904]LogD3D11RHI: InitD3DDevice
[2015.09.03-00.57.58:706][ 77]LogD3D11RHI: InitD3DDevice
[2015.09.03-00.57.59:125][111]LogD3D11RHI: InitD3DDevice
[2015.09.03-00.57.59:624][161]LogD3D11RHI: InitD3DDevice
[2015.09.03-00.58.00:123][209]LogD3D11RHI: InitD3DDevice
[2015.09.03-00.58.02:659][324]LogD3D11RHI: InitD3DDevice
[2015.09.03-00.58.02:684][324]MainFrameActions: Packaging (Windows (64-bit)): Running AutomationTool...
[2015.09.03-00.58.03:318][338]MainFrameActions: Packaging (Windows (64-bit)): Program.Main: Running on WindowsHostPlatform
[2015.09.03-00.58.03:424][340]MainFrameActions: Packaging (Windows (64-bit)): Program.Main: CWD=C:\Program Files\UE45\Epic Games\4.8\Engine\Binaries\DotNET
[2015.09.03-00.58.03:429][340]MainFrameActions: Packaging (Windows (64-bit)): InternalUtils.RunSingleInstance: WARNING: Another instance of C:\Program Files\UE45\Epic Games\4.8\Engine\Binaries\DotNET\AutomationTool.exe is already running. Waiting until it exists.
[2015.09.03-01.06.52:295][949]LogD3D11RHI: InitD3DDevice
[2015.09.03-01.07.01:311][976]LogD3D11RHI: InitD3DDevice
[2015.09.03-01.07.03:062][976]LogActorComponent: UnregisterComponent: (/Engine/Transient.CharMoveComp) Not registered. Aborting.
[2015.09.03-01.07.03:608][976]LogFileHelpers: Editor autosave (incl. sublevels) for '/Game/Bigger/Maps/Race3' took 0.546
[2015.09.03-02.11.47:529][654]LogD3D11RHI: InitD3DDevice
[2015.09.03-02.12.04:071][ 20]LogActorComponent: UnregisterComponent: (/Engine/Transient.CharMoveComp) Not registered. Aborting.
[2015.09.03-02.12.04:257][ 20]LogWindowsTextInputMethodSystem:Display: IME system now deactivated.
[2015.09.03-02.12.04:257][ 20]LogWindowsTextInputMethodSystem:Display: IME system now deactivated.
[2015.09.03-02.12.04:526][ 21]Cmd: QUIT_EDITOR
[2015.09.03-02.12.04:748][ 21]LogExit: Preparing to exit.
[2015.09.03-02.12.05:064][ 21]LogExit: Editor shut down
[2015.09.03-02.12.05:065][ 21]LogExit: Transaction tracking system shut down
[2015.09.03-02.12.05:074][ 21]LogParticles: Destroying 0 GPU particle simulations for FXSystem 0x0000007839409440
[2015.09.03-02.12.05:078][ 21]LogParticles: Destroying 0 GPU particle simulations for FXSystem 0x000000784613F9C0
[2015.09.03-02.12.05:078][ 21]LogParticles: Destroying 0 GPU particle simulations for FXSystem 0x0000007845C36520
[2015.09.03-02.12.05:211][ 21]LogParticles: Destroying 0 GPU particle simulations for FXSystem 0x000000784938E840
[2015.09.03-02.12.05:211][ 21]LogExit: Object subsystem successfully closed.
[2015.09.03-02.12.05:226][ 21]LogD3D11RHI: Shutdown
[2015.09.03-02.12.05:226][ 21]LogD3D11RHI: CleanupD3DDevice
[2015.09.03-02.12.05:286][ 21]LogD3D11RHI: ~FD3D11DynamicRHI
[2015.09.03-02.12.05:316][ 21]LogModuleManager: Shutting down and abandoning module ExternalImagePicker (190)
[2015.09.03-02.12.05:316][ 21]LogModuleManager: Shutting down and abandoning module CrashTracker (189)
[2015.09.03-02.12.05:316][ 21]LogModuleManager: Shutting down and abandoning module SceneOutliner (188)
[2015.09.03-02.12.05:316][ 21]LogModuleManager: Shutting down and abandoning module SuperSearch (187)
[2015.09.03-02.12.05:316][ 21]LogModuleManager: Shutting down and abandoning module WidgetCarousel (186)
[2015.09.03-02.12.05:316][ 21]LogModuleManager: Shutting down and abandoning module AddContentDialog (185)
[2015.09.03-02.12.05:318][ 21]LogModuleManager: Shutting down and abandoning module EditorWidgets (184)
[2015.09.03-02.12.05:318][ 21]LogModuleManager: Shutting down and abandoning module CollectionManager (183)
[2015.09.03-02.12.05:318][ 21]LogModuleManager: Shutting down and abandoning module StatsViewer (182)
[2015.09.03-02.12.05:318][ 21]LogModuleManager: Shutting down and abandoning module FoliageEdit (181)
[2015.09.03-02.12.05:318][ 21]LogModuleManager: Shutting down and abandoning module LandscapeEditor (180)
[2015.09.03-02.12.05:318][ 21]LogModuleManager: Shutting down and abandoning module ActorPickerMode (179)
[2015.09.03-02.12.05:318][ 21]LogModuleManager: Shutting down and abandoning module GeometryMode (178)
[2015.09.03-02.12.05:318][ 21]LogModuleManager: Shutting down and abandoning module TextureAlignMode (177)
[2015.09.03-02.12.05:318][ 21]LogModuleManager: Shutting down and abandoning module BspMode (176)
[2015.09.03-02.12.05:318][ 21]LogModuleManager: Shutting down and abandoning module PlacementMode (175)
[2015.09.03-02.12.05:318][ 21]LogModuleManager: Shutting down and abandoning module AutomationWorker (174)
[2015.09.03-02.12.05:318][ 21]LogModuleManager: Shutting down and abandoning module CharacterAI (173)
[2015.09.03-02.12.05:318][ 21]LogModuleManager: Shutting down and abandoning module SmartSnapping (172)
[2015.09.03-02.12.05:318][ 21]LogModuleManager: Shutting down and abandoning module ViewportSnapping (171)
[2015.09.03-02.12.05:318][ 21]LogModuleManager: Shutting down and abandoning module LogVisualizer (170)
[2015.09.03-02.12.05:318][ 21]LogModuleManager: Shutting down and abandoning module GameProjectGeneration (169)
[2015.09.03-02.12.05:318][ 21]LogModuleManager: Shutting down and abandoning module IntroTutorials (168)
[2015.09.03-02.12.05:318][ 21]LogModuleManager: Shutting down and abandoning module EditorLiveStreaming (167)
[2015.09.03-02.12.05:318][ 21]LogModuleManager: Shutting down and abandoning module IOSPlatformEditor (166)
[2015.09.03-02.12.05:318][ 21]LogModuleManager: Shutting down and abandoning module HTML5PlatformEditor (165)
[2015.09.03-02.12.05:318][ 21]LogModuleManager: Shutting down and abandoning module AndroidDeviceDetection (164)
[2015.09.03-02.12.06:305][ 21]LogModuleManager: Shutting down and abandoning module AndroidPlatformEditor (163)
[2015.09.03-02.12.06:305][ 21]LogModuleManager: Shutting down and abandoning module IOSRuntimeSettings (162)
[2015.09.03-02.12.06:305][ 21]LogModuleManager: Shutting down and abandoning module AndroidRuntimeSettings (161)
[2015.09.03-02.12.06:305][ 21]LogModuleManager: Shutting down and abandoning module MergeActors (160)
[2015.09.03-02.12.06:305][ 21]LogModuleManager: Shutting down and abandoning module SizeMap (159)
[2015.09.03-02.12.06:305][ 21]LogModuleManager: Shutting down and abandoning module TreeMap (158)
[2015.09.03-02.12.06:305][ 21]LogModuleManager: Shutting down and abandoning module ReferenceViewer (157)
[2015.09.03-02.12.06:305][ 21]LogModuleManager: Shutting down and abandoning module LocalizationDashboard (156)
[2015.09.03-02.12.06:305][ 21]LogModuleManager: Shutting down and abandoning module HardwareTargeting (155)
[2015.09.03-02.12.06:305][ 21]LogModuleManager: Shutting down and abandoning module DeviceProfileEditor (154)
[2015.09.03-02.12.06:305][ 21]LogModuleManager: Shutting down and abandoning module UndoHistory (153)
[2015.09.03-02.12.06:305][ 21]LogModuleManager: Shutting down and abandoning module GameplayTagsEditor (152)
[2015.09.03-02.12.06:305][ 21]LogModuleManager: Shutting down and abandoning module UserFeedback (151)
[2015.09.03-02.12.06:305][ 21]LogModuleManager: Shutting down and abandoning module XmlParser (150)
[2015.09.03-02.12.06:305][ 21]LogModuleManager: Shutting down and abandoning module Blutility (149)
[2015.09.03-02.12.06:305][ 21]LogModuleManager: Shutting down and abandoning module ProjectTargetPlatformEditor (148)
[2015.09.03-02.12.06:305][ 21]LogModuleManager: Shutting down and abandoning module ProjectSettingsViewer (147)
[2015.09.03-02.12.06:305][ 21]LogModuleManager: Shutting down and abandoning module InputBindingEditor (146)
[2015.09.03-02.12.06:305][ 21]LogModuleManager: Shutting down and abandoning module EditorSettingsViewer (145)
[2015.09.03-02.12.06:305][ 21]LogModuleManager: Shutting down and abandoning module SettingsEditor (144)
[2015.09.03-02.12.06:305][ 21]LogModuleManager: Shutting down and abandoning module ProjectLauncher (143)
[2015.09.03-02.12.06:305][ 21]LogModuleManager: Shutting down and abandoning module SessionFrontend (142)
[2015.09.03-02.12.06:305][ 21]LogModuleManager: Shutting down and abandoning module ProfilerClient (141)
[2015.09.03-02.12.06:305][ 21]LogModuleManager: Shutting down and abandoning module TargetDeviceServices (140)
[2015.09.03-02.12.06:305][ 21]LogModuleManager: Shutting down and abandoning module DeviceManager (139)
[2015.09.03-02.12.06:305][ 21]LogModuleManager: Shutting down and abandoning module AutomationController (138)
[2015.09.03-02.12.06:305][ 21]LogModuleManager: Shutting down and abandoning module AutomationWindow (137)
[2015.09.03-02.12.06:305][ 21]LogModuleManager: Shutting down and abandoning module Layers (136)
[2015.09.03-02.12.06:305][ 21]LogModuleManager: Shutting down and abandoning module ComponentVisualizers (135)
[2015.09.03-02.12.06:305][ 21]LogModuleManager: Shutting down and abandoning module DetailCustomizations (134)
[2015.09.03-02.12.06:305][ 21]LogModuleManager: Shutting down and abandoning module PackagesDialog (133)
[2015.09.03-02.12.06:305][ 21]LogModuleManager: Shutting down and abandoning module AssetRegistry (132)
[2015.09.03-02.12.06:465][ 21]LogModuleManager: Shutting down and abandoning module Persona (131)
[2015.09.03-02.12.06:465][ 21]LogModuleManager: Shutting down and abandoning module Kismet (130)
[2015.09.03-02.12.06:465][ 21]LogModuleManager: Shutting down and abandoning module GraphEditor (129)
[2015.09.03-02.12.06:465][ 21]LogModuleManager: Shutting down and abandoning module ClassViewer (128)
[2015.09.03-02.12.06:465][ 21]LogModuleManager: Shutting down and abandoning module Toolbox (127)
[2015.09.03-02.12.06:465][ 21]LogModuleManager: Shutting down and abandoning module ModuleUI (126)
[2015.09.03-02.12.06:465][ 21]LogModuleManager: Shutting down and abandoning module MovieSceneTools (125)
[2015.09.03-02.12.06:465][ 21]LogModuleManager: Shutting down and abandoning module OutputLog (124)
[2015.09.03-02.12.06:465][ 21]LogModuleManager: Shutting down and abandoning module GammaUI (123)
[2015.09.03-02.12.06:465][ 21]LogModuleManager: Shutting down and abandoning module Documentation (122)
[2015.09.03-02.12.06:465][ 21]LogModuleManager: Shutting down and abandoning module GameLiveStreaming (121)
[2015.09.03-02.12.06:465][ 21]LogModuleManager: Shutting down and abandoning module StreamingPauseRendering (120)
[2015.09.03-02.12.06:465][ 21]LogModuleManager: Shutting down and abandoning module AnalyticsET (119)
[2015.09.03-02.12.06:465][ 21]LogModuleManager: Shutting down and abandoning module Analytics (118)
[2015.09.03-02.12.06:465][ 21]LogModuleManager: Shutting down and abandoning module AITestSuite (117)
[2015.09.03-02.12.06:465][ 21]LogModuleManager: Shutting down and abandoning module GameplayDebugger (116)
[2015.09.03-02.12.06:466][ 21]LogModuleManager: Shutting down and abandoning module AIModule (115)
[2015.09.03-02.12.06:466][ 21]LogModuleManager: Shutting down and abandoning module ProfilerService (114)
[2015.09.03-02.12.06:525][ 21]LogModuleManager: Shutting down and abandoning module TaskGraph (113)
[2015.09.03-02.12.06:525][ 21]LogModuleManager: Shutting down and abandoning module SlateRemote (112)
[2015.09.03-02.12.06:525][ 21]LogModuleManager: Shutting down and abandoning module SteamVRController (111)
[2015.09.03-02.12.06:525][ 21]LogModuleManager: Shutting down and abandoning module SteamVR (110)
[2015.09.03-02.12.06:525][ 21]LogModuleManager: Shutting down and abandoning module ProceduralMeshComponent (109)
[2015.09.03-02.12.06:525][ 21]LogModuleManager: Shutting down and abandoning module OculusRift (108)
[2015.09.03-02.12.06:525][ 21]LogModuleManager: Shutting down and abandoning module LeapMotionController (107)
[2015.09.03-02.12.06:587][ 21]LogModuleManager: Shutting down and abandoning module CustomMeshComponent (106)
[2015.09.03-02.12.06:587][ 21]LogModuleManager: Shutting down and abandoning module CableComponent (105)
[2015.09.03-02.12.06:587][ 21]LogModuleManager: Shutting down and abandoning module MessagingDebugger (104)
[2015.09.03-02.12.06:587][ 21]LogModuleManager: Shutting down and abandoning module MediaPlayerEditor (103)
[2015.09.03-02.12.06:587][ 21]LogModuleManager: Shutting down and abandoning module SpeedTreeImporter (102)
[2015.09.03-02.12.06:587][ 21]LogModuleManager: Shutting down and abandoning module PluginBrowser (101)
[2015.09.03-02.12.06:587][ 21]LogModuleManager: Shutting down and abandoning module EpicSurvey (100)
[2015.09.03-02.12.06:587][ 21]LogModuleManager: Shutting down and abandoning module DesktopPlatform (99)
[2015.09.03-02.12.06:587][ 21]LogModuleManager: Shutting down and abandoning module VisualStudioSourceCodeAccess (98)
[2015.09.03-02.12.06:587][ 21]LogModuleManager: Shutting down and abandoning module UObjectPlugin (97)
[2015.09.03-02.12.06:587][ 21]LogModuleManager: Shutting down and abandoning module SubversionSourceControl (96)
[2015.09.03-02.12.06:587][ 21]LogModuleManager: Shutting down and abandoning module PerforceSourceControl (95)
[2015.09.03-02.12.06:587][ 21]LogModuleManager: Shutting down and abandoning module SourceControl (94)
[2015.09.03-02.12.06:587][ 21]LogModuleManager: Shutting down and abandoning module GitSourceControl (93)
[2015.09.03-02.12.06:587][ 21]LogModuleManager: Shutting down and abandoning module BlankPlugin (92)
[2015.09.03-02.12.06:587][ 21]LogModuleManager: Shutting down and abandoning module PaperTiledImporter (91)
[2015.09.03-02.12.06:587][ 21]LogModuleManager: Shutting down and abandoning module PaperSpriteSheetImporter (90)
[2015.09.03-02.12.06:587][ 21]LogModuleManager: Shutting down and abandoning module MeshPaint (89)
[2015.09.03-02.12.06:587][ 21]LogModuleManager: Shutting down and abandoning module SlateReflector (88)
[2015.09.03-02.12.06:587][ 21]LogModuleManager: Shutting down and abandoning module DirectoryWatcher (87)
[2015.09.03-02.12.06:589][ 21]LogModuleManager: Shutting down and abandoning module HotReload (86)
[2015.09.03-02.12.06:589][ 21]LogModuleManager: Shutting down and abandoning module MainFrame (85)
[2015.09.03-02.12.06:589][ 21]LogModuleManager: Shutting down and abandoning module LevelEditor (84)
[2015.09.03-02.12.06:589][ 21]LogModuleManager: Shutting down and abandoning module ContentBrowser (83)
[2015.09.03-02.12.06:590][ 21]LogModuleManager: Shutting down and abandoning module Paper2DEditor (82)
[2015.09.03-02.12.06:590][ 21]LogModuleManager: Shutting down and abandoning module RigerBigger (81)
[2015.09.03-02.12.06:590][ 21]LogModuleManager: Shutting down and abandoning module UdpMessaging (80)
[2015.09.03-02.12.06:691][ 21]LogModuleManager: Shutting down and abandoning module Paper2D (79)
[2015.09.03-02.12.06:691][ 21]LogModuleManager: Shutting down and abandoning module WindowsMoviePlayer (78)
[2015.09.03-02.12.06:694][ 21]LogModuleManager: Shutting down and abandoning module Media (77)
[2015.09.03-02.12.06:694][ 21]LogModuleManager: Shutting down and abandoning module WmfMedia (76)
[2015.09.03-02.12.06:694][ 21]LogModuleManager: Shutting down and abandoning module OnlineBlueprintSupport (75)
[2015.09.03-02.12.06:694][ 21]LogModuleManager: Shutting down and abandoning module PropertyEditor (74)
[2015.09.03-02.12.06:694][ 21]LogModuleManager: Shutting down and abandoning module BehaviorTreeEditor (73)
[2015.09.03-02.12.06:694][ 21]LogModuleManager: Shutting down and abandoning module FunctionalTesting (72)
[2015.09.03-02.12.06:694][ 21]LogModuleManager: Shutting down and abandoning module CollisionAnalyzer (71)
[2015.09.03-02.12.06:694][ 21]LogModuleManager: Shutting down and abandoning module WorkspaceMenuStructure (70)
[2015.09.03-02.12.06:694][ 21]LogModuleManager: Shutting down and abandoning module MessageLog (69)
[2015.09.03-02.12.06:694][ 21]LogModuleManager: Shutting down and abandoning module Sequencer (68)
[2015.09.03-02.12.06:694][ 21]LogModuleManager: Shutting down and abandoning module AssetTools (67)
[2015.09.03-02.12.06:694][ 21]LogModuleManager: Shutting down and abandoning module UMGEditor (66)
[2015.09.03-02.12.06:694][ 21]LogModuleManager: Shutting down and abandoning module UMG (65)
[2015.09.03-02.12.06:694][ 21]LogModuleManager: Shutting down and abandoning module Slate (64)
[2015.09.03-02.12.06:694][ 21]LogModuleManager: Shutting down and abandoning module EditorStyle (63)
[2015.09.03-02.12.06:697][ 21]LogModuleManager: Shutting down and abandoning module SessionServices (62)
[2015.09.03-02.12.06:697][ 21]LogModuleManager: Shutting down and abandoning module SourceCodeAccess (61)
[2015.09.03-02.12.06:697][ 21]LogModuleManager: Shutting down and abandoning module HeadMountedDisplay (60)
[2015.09.03-02.12.06:697][ 21]LogModuleManager: Shutting down and abandoning module XAudio2 (59)
[2015.09.03-02.12.06:697][ 21]LogModuleManager: Shutting down and abandoning module Networking (57)
[2015.09.03-02.12.06:697][ 21]LogModuleManager: Shutting down and abandoning module Core (56)
[2015.09.03-02.12.06:697][ 21]LogModuleManager: Shutting down and abandoning module KismetCompiler (55)
[2015.09.03-02.12.06:697][ 21]LogModuleManager: Shutting down and abandoning module PhysXFormats (54)
[2015.09.03-02.12.06:697][ 21]LogModuleManager: Shutting down and abandoning module MeshUtilities (53)
[2015.09.03-02.12.06:697][ 21]LogModuleManager: Shutting down and abandoning module DerivedDataCache (52)
[2015.09.03-02.12.06:713][ 21]LogDerivedDataCache: Shutdown
[2015.09.03-02.12.06:713][ 21]LogModuleManager: Shutting down and abandoning module ShaderFormatOpenGL (51)
[2015.09.03-02.12.06:713][ 21]LogModuleManager: Shutting down and abandoning module ShaderFormatD3D (50)
[2015.09.03-02.12.06:713][ 21]LogModuleManager: Shutting down and abandoning module MetalShaderFormat (49)
[2015.09.03-02.12.06:713][ 21]LogModuleManager: Shutting down and abandoning module TextureFormatUncompressed (48)
[2015.09.03-02.12.06:713][ 21]LogModuleManager: Shutting down and abandoning module TextureFormatPVR (47)
[2015.09.03-02.12.06:713][ 21]LogModuleManager: Shutting down and abandoning module TextureFormatIntelISPCTexComp (46)
[2015.09.03-02.12.06:713][ 21]LogModuleManager: Shutting down and abandoning module TextureFormatDXT (45)
[2015.09.03-02.12.06:713][ 21]LogModuleManager: Shutting down and abandoning module ImageWrapper (44)
[2015.09.03-02.12.06:713][ 21]LogModuleManager: Shutting down and abandoning module TextureFormatASTC (43)
[2015.09.03-02.12.06:713][ 21]LogModuleManager: Shutting down and abandoning module TextureFormatAndroid (42)
[2015.09.03-02.12.06:713][ 21]LogModuleManager: Shutting down and abandoning module AudioFormatOpus (41)
[2015.09.03-02.12.06:713][ 21]LogModuleManager: Shutting down and abandoning module AudioFormatOgg (40)
[2015.09.03-02.12.06:713][ 21]LogModuleManager: Shutting down and abandoning module AudioFormatADPCM (39)
[2015.09.03-02.12.06:713][ 21]LogModuleManager: Shutting down and abandoning module LinuxTargetPlatform (38)
[2015.09.03-02.12.06:713][ 21]LogModuleManager: Shutting down and abandoning module LinuxServerTargetPlatform (37)
[2015.09.03-02.12.06:713][ 21]LogModuleManager: Shutting down and abandoning module LinuxNoEditorTargetPlatform (36)
[2015.09.03-02.12.06:713][ 21]LogModuleManager: Shutting down and abandoning module Messaging (35)
[2015.09.03-02.12.06:713][ 21]LogModuleManager: Shutting down and abandoning module IOSTargetPlatform (34)
[2015.09.03-02.12.06:713][ 21]LogModuleManager: Shutting down and abandoning module HTML5TargetPlatform (33)
[2015.09.03-02.12.06:713][ 21]LogModuleManager: Shutting down and abandoning module Android_PVRTCTargetPlatform (32)
[2015.09.03-02.12.06:713][ 21]LogModuleManager: Shutting down and abandoning module Android_ETC2TargetPlatform (31)
[2015.09.03-02.12.06:713][ 21]LogModuleManager: Shutting down and abandoning module Android_ETC1TargetPlatform (30)
[2015.09.03-02.12.06:713][ 21]LogModuleManager: Shutting down and abandoning module Android_DXTTargetPlatform (29)
[2015.09.03-02.12.06:713][ 21]LogModuleManager: Shutting down and abandoning module Android_ATCTargetPlatform (28)
[2015.09.03-02.12.06:713][ 21]LogModuleManager: Shutting down and abandoning module Android_ASTCTargetPlatform (27)
[2015.09.03-02.12.06:713][ 21]LogModuleManager: Shutting down and abandoning module AndroidTargetPlatform (26)
[2015.09.03-02.12.06:713][ 21]LogModuleManager: Shutting down and abandoning module WindowsTargetPlatform (25)
[2015.09.03-02.12.06:713][ 21]LogModuleManager: Shutting down and abandoning module WindowsServerTargetPlatform (24)
[2015.09.03-02.12.06:713][ 21]LogModuleManager: Shutting down and abandoning module WindowsNoEditorTargetPlatform (23)
[2015.09.03-02.12.06:713][ 21]LogModuleManager: Shutting down and abandoning module WindowsClientTargetPlatform (22)
[2015.09.03-02.12.06:713][ 21]LogModuleManager: Shutting down and abandoning module DesktopTargetPlatform (21)
[2015.09.03-02.12.06:713][ 21]LogModuleManager: Shutting down and abandoning module TargetPlatform (20)
[2015.09.03-02.12.06:713][ 21]LogModuleManager: Shutting down and abandoning module InputCore (19)
[2015.09.03-02.12.06:713][ 21]LogModuleManager: Shutting down and abandoning module Settings (18)
[2015.09.03-02.12.06:713][ 21]LogModuleManager: Shutting down and abandoning module OnlineSubsystem (16)
[2015.09.03-02.12.06:713][ 21]LogModuleManager: Shutting down and abandoning module HTTP (15)
[2015.09.03-02.12.06:713][ 21]LogModuleManager: Shutting down and abandoning module ExampleDeviceProfileSelector (14)
[2015.09.03-02.12.06:713][ 21]LogModuleManager: Shutting down and abandoning module TextureCompressor (13)
[2015.09.03-02.12.06:713][ 21]LogModuleManager: Shutting down and abandoning module ShaderCore (12)
[2015.09.03-02.12.06:713][ 21]LogModuleManager: Shutting down and abandoning module Landscape (11)
[2015.09.03-02.12.06:713][ 21]LogModuleManager: Shutting down and abandoning module SlateRHIRenderer (10)
[2015.09.03-02.12.06:716][ 21]LogModuleManager: Shutting down and abandoning module OpenGLDrv (9)
[2015.09.03-02.12.06:716][ 21]LogModuleManager: Shutting down and abandoning module D3D11RHI (8)
[2015.09.03-02.12.06:716][ 21]LogModuleManager: Shutting down and abandoning module Renderer (7)
[2015.09.03-02.12.06:716][ 21]LogModuleManager: Shutting down and abandoning module Engine (6)
[2015.09.03-02.12.06:716][ 21]LogModuleManager: Shutting down and abandoning module CoreUObject (5)
[2015.09.03-02.12.06:716][ 21]LogModuleManager: Shutting down and abandoning module NetworkFile (4)
[2015.09.03-02.12.06:716][ 21]LogModuleManager: Shutting down and abandoning module StreamingFile (3)
[2015.09.03-02.12.06:716][ 21]LogModuleManager: Shutting down and abandoning module SandboxFile (2)
[2015.09.03-02.12.06:716][ 21]LogModuleManager: Shutting down and abandoning module PakFile (1)
[2015.09.03-02.12.06:716][ 21]LogExit: Exiting.
[2015.09.03-02.12.06:732][ 21]Log file closed, 09/02/15 22:12:06
