[2015.09.02-02.50.07:766][  0]Log file open, 09/01/15 22:50:07
[2015.09.02-02.50.07:766][  0]LogInit:Display: Running engine for game: RigerBigger
[2015.09.02-02.50.07:766][  0]LogInit:Display: RandInit(1500428191) SRandInit(1500428192).
[2015.09.02-02.50.07:766][  0]LogTaskGraph: Started task graph with 4 named threads and 7 total threads.
[2015.09.02-02.50.07:766][  0]LogStats: Stats thread started
[2015.09.02-02.50.07:766][  0]LogInit: Version: 4.8.3-2634408+++depot+UE4-Releases+4.8
[2015.09.02-02.50.07:766][  0]LogInit: API Version: 2579680
[2015.09.02-02.50.07:766][  0]LogInit: Compiled (64-bit): Jul 27 2015 16:24:33
[2015.09.02-02.50.07:766][  0]LogInit: Compiled with Visual C++: 18.00.21005.01
[2015.09.02-02.50.07:766][  0]LogInit: Build Configuration: Development
[2015.09.02-02.50.07:766][  0]LogInit: Branch Name: ++depot+UE4-Releases+4.8
[2015.09.02-02.50.07:766][  0]LogInit: Command line:  
[2015.09.02-02.50.07:766][  0]LogInit: Base directory: C:/Program Files/UE45/Epic Games/4.8/Engine/Binaries/Win64/
[2015.09.02-02.50.07:766][  0]LogInit: Rocket: 1
[2015.09.02-02.50.07:786][  0]LogInit: Using libcurl 7.41.0
[2015.09.02-02.50.07:786][  0]LogInit:  - built for x86_64-pc-win32
[2015.09.02-02.50.07:786][  0]LogInit:  - supports SSL with WinSSL
[2015.09.02-02.50.07:786][  0]LogInit:  - other features:
[2015.09.02-02.50.07:786][  0]LogInit:      CURL_VERSION_SSL
[2015.09.02-02.50.07:786][  0]LogInit:      CURL_VERSION_IPV6
[2015.09.02-02.50.07:786][  0]LogInit:      CURL_VERSION_ASYNCHDNS
[2015.09.02-02.50.07:786][  0]LogInit:      CURL_VERSION_LARGEFILE
[2015.09.02-02.50.07:786][  0]LogInit:      CURL_VERSION_IDN
[2015.09.02-02.50.07:786][  0]LogInit:  CurlRequestOptions (configurable via config and command line):
[2015.09.02-02.50.07:786][  0]LogInit:  - bVerifyPeer = true  - Libcurl will verify peer certificate
[2015.09.02-02.50.07:786][  0]LogInit:  - bUseHttpProxy = false  - Libcurl will NOT use HTTP proxy
[2015.09.02-02.50.07:786][  0]LogInit:  - bDontReuseConnections = false  - Libcurl will reuse connections
[2015.09.02-02.50.07:786][  0]LogInit:  - CertBundlePath = nullptr  - Libcurl will use whatever was configured at build time.
[2015.09.02-02.50.07:810][  0]LogOnline:Warning: No default platform service specified for OnlineSubsystem
[2015.09.02-02.50.07:831][  0]LogInit: Presizing for 0 objects not considered by GC, pre-allocating 0 bytes.
[2015.09.02-02.50.07:837][  0]LogInit: Object subsystem initialized
[2015.09.02-02.50.07:838][  0]LogConsoleResponse:Warning: Skipping Unknown console variable: 'TranslucentSortAxis = (X=0.000000,Y=-1.000000,Z=0.000000)'
[2015.09.02-02.50.07:838][  0]LogConsoleResponse:Warning:   Found in ini file 'C:/Users/Owner/Documents/Unreal Projects/RigerBigger/Saved/Config/Windows/Engine.ini', in section '[/Script/Engine.RendererSettings]'
[2015.09.02-02.50.07:838][  0]LogConsoleResponse:Warning: Skipping Unknown console variable: 'UIScaleRule = ShortestSide'
[2015.09.02-02.50.07:838][  0]LogConsoleResponse:Warning:   Found in ini file 'C:/Users/Owner/Documents/Unreal Projects/RigerBigger/Saved/Config/Windows/Engine.ini', in section '[/Script/Engine.RendererSettings]'
[2015.09.02-02.50.07:838][  0]LogConsoleResponse:Warning: Skipping Unknown console variable: 'UIScaleCurve = (EditorCurveData=(Keys=),ExternalCurve=None)'
[2015.09.02-02.50.07:838][  0]LogConsoleResponse:Warning:   Found in ini file 'C:/Users/Owner/Documents/Unreal Projects/RigerBigger/Saved/Config/Windows/Engine.ini', in section '[/Script/Engine.RendererSettings]'
[2015.09.02-02.50.07:838][  0]LogInit: Selected Device Profile: [Windows]
[2015.09.02-02.50.07:838][  0]LogInit: Applying CVar settings loaded from the selected device profile: [Windows]
[2015.09.02-02.50.07:846][  0]LogInit: Computer: ASUS
[2015.09.02-02.50.07:846][  0]LogInit: User: Owner
[2015.09.02-02.50.07:846][  0]LogInit: CPU Page size=4096, Cores=4
[2015.09.02-02.50.07:846][  0]LogInit: High frequency timer resolution =2.338342 MHz
[2015.09.02-02.50.07:846][  0]LogMemory: Memory total: Physical=15.9GB (16GB approx)
[2015.09.02-02.50.07:846][  0]LogMemory: Platform Memory Stats for Windows
[2015.09.02-02.50.07:846][  0]LogMemory: Process Physical Memory: 52.75 MB used, 52.75 MB peak
[2015.09.02-02.50.07:846][  0]LogMemory: Process Virtual Memory: 25.53 MB used, 25.53 MB peak
[2015.09.02-02.50.07:846][  0]LogMemory: Physical Memory: 5347.82 MB used, 16267.18 MB total
[2015.09.02-02.50.07:846][  0]LogMemory: Virtual Memory: 298.54 MB used, 134217728.00 MB total
[2015.09.02-02.50.07:907][  0]LogTextLocalizationManager: The requested culture ('en_US') has no localization data; parent culture's ('en') localization data will be used.
[2015.09.02-02.50.08:117][  0]LogTextLocalizationManager:Warning: Loaded localization resources contain conflicting entries for (Namespace:ContentBrowser, Key:ImportAssetToolTip):
Localization Resource: (C:/Program Files/UE45/Epic Games/4.8/Engine/Content/Localization/Editor/en/Editor.locres) Source String Hash: (-630476809) Localized String: (Import to {0}...)
Localization Resource: (C:/Program Files/UE45/Epic Games/4.8/Engine/Content/Localization/Editor/en/Editor.locres) Source String Hash: (1271782899) Localized String: (Imports an asset from file to this folder.)
[2015.09.02-02.50.08:656][  0]LogD3D11RHI: Found D3D11 adapter 0: Intel(R) HD Graphics 4600 (Feature Level 11_0)
[2015.09.02-02.50.08:657][  0]LogD3D11RHI: Adapter has 32MB of dedicated video memory, 0MB of dedicated system memory, and 1760MB of shared system memory, 1 output[s]
[2015.09.02-02.50.08:660][  0]LogD3D11RHI: Found D3D11 adapter 1: Microsoft Basic Render Driver (Feature Level 11_0)
[2015.09.02-02.50.08:660][  0]LogD3D11RHI: Adapter has 0MB of dedicated video memory, 0MB of dedicated system memory, and 256MB of shared system memory, 0 output[s]
[2015.09.02-02.50.08:660][  0]LogD3D11RHI: Chosen D3D11 Adapter Id = 0
[2015.09.02-02.50.08:664][  0]LogD3D11RHI: InitD3DDevice
[2015.09.02-02.50.08:664][  0]LogD3D11RHI: !Direct3DDevice
[2015.09.02-02.50.08:664][  0]LogRHI: Texture pool is 638 MB (70% of 912 MB)
[2015.09.02-02.50.08:671][  0]LogD3D11RHI: Async texture creation enabled
[2015.09.02-02.50.08:677][  0]LogShaderCompilers:Display: Using Local Shader Compiler.
[2015.09.02-02.50.09:647][  0]LogTemp:Display: Loaded TP DesktopTargetPlatform
[2015.09.02-02.50.09:666][  0]LogTemp:Display: Loaded TP WindowsClientTargetPlatform
[2015.09.02-02.50.09:686][  0]LogTemp:Display: Loaded TP WindowsNoEditorTargetPlatform
[2015.09.02-02.50.09:707][  0]LogTemp:Display: Loaded TP WindowsServerTargetPlatform
[2015.09.02-02.50.09:730][  0]LogTemp:Display: Loaded TP WindowsTargetPlatform
[2015.09.02-02.50.09:747][  0]LogTemp:Display: Loaded TP AndroidTargetPlatform
[2015.09.02-02.50.09:764][  0]LogTemp:Display: Loaded TP Android_ASTCTargetPlatform
[2015.09.02-02.50.09:781][  0]LogTemp:Display: Loaded TP Android_ATCTargetPlatform
[2015.09.02-02.50.09:798][  0]LogTemp:Display: Loaded TP Android_DXTTargetPlatform
[2015.09.02-02.50.09:815][  0]LogTemp:Display: Loaded TP Android_ETC1TargetPlatform
[2015.09.02-02.50.09:832][  0]LogTemp:Display: Loaded TP Android_ETC2TargetPlatform
[2015.09.02-02.50.09:849][  0]LogTemp:Display: Loaded TP Android_PVRTCTargetPlatform
[2015.09.02-02.50.09:917][  0]LogTemp:Display: Loaded TP IOSTargetPlatform
[2015.09.02-02.50.09:934][  0]LogTemp:Display: Loaded TP LinuxNoEditorTargetPlatform
[2015.09.02-02.50.09:951][  0]LogTemp:Display: Loaded TP LinuxServerTargetPlatform
[2015.09.02-02.50.09:970][  0]LogTemp:Display: Loaded TP LinuxTargetPlatform
[2015.09.02-02.50.09:970][  0]LogTargetPlatformManager:Display: Building Assets For Windows
[2015.09.02-02.50.10:282][  0]LogDerivedDataCache:Display: Max Cache Size: 512 MB
[2015.09.02-02.50.10:326][  0]LogDerivedDataCache: Loaded boot cache 0.04s 56MB C:/Users/Owner/AppData/Local/UnrealEngine/4.8/DerivedDataCache/Boot.ddc.
[2015.09.02-02.50.10:326][  0]LogDerivedDataCache:Display: Loaded Boot cache: C:/Users/Owner/AppData/Local/UnrealEngine/4.8/DerivedDataCache/Boot.ddc
[2015.09.02-02.50.10:327][  0]LogDerivedDataCache: FDerivedDataBackendGraph:  Pak pak cache file ../../../../../../../Users/Owner/Documents/Unreal Projects/RigerBigger/DerivedDataCache/DDC.ddp not found, will not use a pak cache.
[2015.09.02-02.50.10:327][  0]LogDerivedDataCache: Unable to find inner node Pak for hierarchical cache Hierarchy.
[2015.09.02-02.50.10:327][  0]LogDerivedDataCache: FDerivedDataBackendGraph:  CompressedPak pak cache file ../../../../../../../Users/Owner/Documents/Unreal Projects/RigerBigger/DerivedDataCache/Compressed.ddp not found, will not use a pak cache.
[2015.09.02-02.50.10:327][  0]LogDerivedDataCache: Unable to find inner node CompressedPak for hierarchical cache Hierarchy.
[2015.09.02-02.50.10:478][  0]LogDerivedDataCache:Display: Pak cache opened for reading ../../../Engine/DerivedDataCache/Compressed.ddp.
[2015.09.02-02.50.10:491][  0]LogDerivedDataCache: Using Local data cache path C:/Users/Owner/AppData/Local/UnrealEngine/Common/DerivedDataCache: Writable
[2015.09.02-02.50.10:741][  0]LogInit: Selected Device Profile: [Windows]
[2015.09.02-02.50.10:845][  0]ImportText (ComponentSweepMultiTests): Missing closing parenthesis: (RootShapeAsset="/Engine/BasicShapes/Cube.Cube",ShapeType="TriggerCapsule",HitResult=(Time=0.50,Location=(X=-100.000015,Y=0.0,Z=100.000015),ImpactPoint=(X=-50.0,Y=0.0,Z=50.0),Normal=(X=-1.0,Y=-0.0,Z=0.0),ImpactNormal=(X=0.0,Y=0.0,Z=1.0),TraceStart=(X=-200.0,Y=0.0,Z=200.0),TraceEnd=(X=0.0,Y=0.0,Z=0.0))
[2015.09.02-02.50.10:846][  0]ImportText (LineTraceSingleByChannelTests): Missing closing parenthesis: (RootShapeAsset="/Engine/BasicShapes/Cube.Cube",HitResult=(Time=0.50,Location=(X=-100.000015,Y=0.0,Z=100.000015),ImpactPoint=(X=-50.0,Y=0.0,Z=50.0),Normal=(X=-1.0,Y=-0.0,Z=0.0),ImpactNormal=(X=0.0,Y=0.0,Z=1.0),TraceStart=(X=-200.0,Y=0.0,Z=200.0),TraceEnd=(X=0.0,Y=0.0,Z=0.0))
[2015.09.02-02.50.10:897][  0]LogMeshUtilities: No automatic mesh reduction module available
[2015.09.02-02.50.10:897][  0]LogMeshUtilities: No automatic mesh merging module available
[2015.09.02-02.50.11:674][  0]LogInit: WinSock: version 1.1 (2.2), MaxSocks=32767, MaxUdp=65467
[2015.09.02-02.50.13:076][  0]UdpMessaging: Initializing bridge on interface 0.0.0.0:0 to multicast group 230.0.0.1:6666.
[2015.09.02-02.50.13:735][  0]SourceControl: Info Source control is disabled
[2015.09.02-02.50.13:747][  0]SourceControl: Info Source control is disabled
[2015.09.02-02.50.13:763][  0]SourceControl: Info Source control is disabled
[2015.09.02-02.50.13:781][  0]SourceControl: Info Source control is disabled
[2015.09.02-02.50.14:108][  0]LogObj: 26279 objects as part of root set at end of initial load.
[2015.09.02-02.50.14:108][  0]LogUObjectAllocator: 5411216 out of 0 bytes used by permanent object pool.
[2015.09.02-02.50.14:257][  0]LogEngine: Initializing Engine...
[2015.09.02-02.50.14:270][  0]OCULUS: Info: [CAPI] LibOVR module is located at C:\WINDOWS\SYSTEM32\LibOVRRT64_0_6.dll

[2015.09.02-02.50.14:871][  0]OCULUS: Error: [CAPI] ovrHmd_Create failed to complete within the timeout period.
[2015.09.02-02.50.15:031][  0]LogHMD:Warning: SteamVR failed to initialize.  Error: 108
[2015.09.02-02.50.15:252][  0]LogAIModule: Creating AISystem for world NewWorld
[2015.09.02-02.50.15:262][  0]LogInit: XAudio2 using 'PanasonicTV0 (Intel(R) Display Audio)' : 2 channels at 48 kHz using 16 bits per sample (channel mask 0x3)
[2015.09.02-02.50.15:272][  0]LogInit: FAudioDevice initialized.
[2015.09.02-02.50.15:308][  0]LogDerivedDataCache: Saved boot cache 0.04s 56MB C:/Users/Owner/AppData/Local/UnrealEngine/4.8/DerivedDataCache/Boot.ddc.
[2015.09.02-02.50.15:315][  0]LogInit: Texture streaming: Disabled
[2015.09.02-02.50.15:367][  0]LogAnalytics: Creating configured Analytics provider AnalyticsET
[2015.09.02-02.50.15:367][  0]LogAnalytics: [UEEditor.Rocket.Release] APIServer = http://et2.epicgames.com/ET2/. AppVersion = 4.8.3-2634408+++depot+UE4-Releases+4.8
[2015.09.02-02.50.15:367][  0]LogAnalytics: [UEEditor.Rocket.Release] SetUserId 35226550403f01e61bf75787a876a810|e8dad8564e6d4f898fb2f14da66fe74c|895c8296-c7c6-4d98-8220-90cf576083c0
[2015.09.02-02.50.15:367][  0]LogAnalytics: [UEEditor.Rocket.Release] AnalyticsET::StartSession
[2015.09.02-02.50.15:405][  0]LogInit: Transaction tracking system initialized
[2015.09.02-02.50.15:728][  0]BlueprintLog: New page: Editor Load
[2015.09.02-02.50.15:783][  0]LogAssetRegistry: FAssetRegistry took 0.0112 seconds to start up
[2015.09.02-02.50.15:784][  0]LogDirectoryWatcher:Warning: Failed to begin reading directory changes for ../../../Engine/Plugins/Experimental/CharacterAI/Content/. Error: 0
[2015.09.02-02.50.17:371][  0]LogConsoleManager:Warning: Console variable 'r.VSync' wasn't set ('GameSetting' has a lower priority than 'SystemSettingsIni')
[2015.09.02-02.50.17:371][  0]LogConsoleResponse:Display: 
[2015.09.02-02.50.17:514][  0]LogCook:Display: Done creating registry. It took  0.00s.
[2015.09.02-02.50.17:864][  0]SourceControl: Info Source control is disabled
[2015.09.02-02.50.17:864][  0]Cmd: MAP LOAD FILE="../../../../../../../Users/Owner/Documents/Unreal Projects/RigerBigger/Content/Bigger/Maps/MainMenu.umap" TEMPLATE=0 SHOWPROGRESS=1 FEATURELEVEL=3
[2015.09.02-02.50.17:865][  0]LightingResults: New page: Lighting Build
[2015.09.02-02.50.17:888][  0]MapCheck: New page: Map Check
[2015.09.02-02.50.17:888][  0]LightingResults: New page: Lighting Build
[2015.09.02-02.50.17:901][  0]LogParticles: Destroying 0 GPU particle simulations for FXSystem 0x000000B3E6724B80
[2015.09.02-02.50.23:043][  0]LogAIModule: Creating AISystem for world MainMenu
[2015.09.02-02.50.23:093][  0]LogEditorServer: Finished looking for orphan Actors (0.000 secs)
[2015.09.02-02.50.23:094][  0]Cmd: MAP CHECKDEP NOCLEARLOG
[2015.09.02-02.50.23:213][  0]MapCheck: Info Map check complete: 0 Error(s), 0 Warning(s), took 118.272ms to complete.
[2015.09.02-02.50.23:213][  0]LogFileHelpers: Loading map 'MainMenu' took 5.348
[2015.09.02-02.50.23:361][  0]LogCollectionManager: Loaded 0 collections in 0.002761 seconds
[2015.09.02-02.50.23:372][  0]LogContentBrowser: Native class hierarchy populated in 0.0103 seconds. Added 1793 classes and 304 folders.
[2015.09.02-02.50.23:459][  0]LogContentBrowser: Native class hierarchy updated for 'WidgetCarousel' in 0.0039 seconds. Added 0 classes and 0 folders.
[2015.09.02-02.50.23:522][  0]LogContentBrowser: Native class hierarchy updated for 'AddContentDialog' in 0.0036 seconds. Added 0 classes and 0 folders.
[2015.09.02-02.50.23:564][  0]LogContentBrowser: Native class hierarchy updated for 'SceneOutliner' in 0.0026 seconds. Added 1 classes and 2 folders.
[2015.09.02-02.50.23:694][  0]LogCrashTracker: Crashtracker disabled due to settings.
[2015.09.02-02.50.23:695][  0]LogD3D11RHI: InitD3DDevice
[2015.09.02-02.50.23:698][  0]LogUObjectGlobals:Warning: Failed to find object 'Class None.'
[2015.09.02-02.50.23:721][  0]LogLoad: Full Startup: 18.15 seconds (BP compile: 2.52 seconds)
[2015.09.02-02.50.23:738][  0]LogWindowsTextInputMethodSystem:Display: IME system now deactivated.
[2015.09.02-02.50.23:738][  0]LogWindowsTextInputMethodSystem:Display: IME system now deactivated.
[2015.09.02-02.50.23:935][  0]LogContentStreaming: Texture pool size is 0.000000MB
[2015.09.02-02.50.24:036][  0]LogContentStreaming: Texture pool size now 400 MB
[2015.09.02-02.50.24:340][  0]LogRenderer: Reallocating scene render targets to support 1240x624 (Frame:2).
[2015.09.02-02.50.26:046][ 22]LogAssetRegistry: Asset discovery search completed in 10.2738 seconds
[2015.09.02-02.50.33:104][136]LogD3D11RHI: InitD3DDevice
[2015.09.02-02.50.40:003][249]LogPlayLevel: PIE:  No blueprints needed recompiling
[2015.09.02-02.50.40:009][249]PIE: New page: PIE session: MainMenu (Sep 1, 2015, 6:50:40 PM)
[2015.09.02-02.50.40:039][249]LogPlayLevel: Creating play world package: /Game/Bigger/Maps/UEDPIE_0_MainMenu
[2015.09.02-02.50.40:051][249]LogPlayLevel: PIE: StaticDuplicateObject took: (0.012103s)
[2015.09.02-02.50.40:052][249]LogAIModule: Creating AISystem for world MainMenu
[2015.09.02-02.50.40:053][249]LogPlayLevel: PIE: World Init took: (0.001492s)
[2015.09.02-02.50.40:053][249]LogPlayLevel: PIE: Created PIE world by copying editor world from /Game/Bigger/Maps/MainMenu.MainMenu to /Game/Bigger/Maps/UEDPIE_0_MainMenu.MainMenu (0.014437s)
[2015.09.02-02.50.40:054][249]LogActorComponent: UnregisterComponent: (/Engine/Transient.CharMoveComp) Not registered. Aborting.
[2015.09.02-02.50.40:452][249]LogInit: XAudio2 using 'PanasonicTV0 (Intel(R) Display Audio)' : 2 channels at 48 kHz using 16 bits per sample (channel mask 0x3)
[2015.09.02-02.50.40:461][249]LogInit: FAudioDevice initialized.
[2015.09.02-02.50.40:466][249]LogD3D11RHI: InitD3DDevice
[2015.09.02-02.50.40:521][249]LogWorld: Game class is 'MainMenuGameMode_C'
[2015.09.02-02.50.40:530][249]LogWorld: Bringing World /Game/Bigger/Maps/UEDPIE_0_MainMenu.MainMenu up for play (max tick rate 60) at 2015.09.01-22.50.40
[2015.09.02-02.50.40:530][249]LogActor:Warning: GameSession /Game/Bigger/Maps/UEDPIE_0_MainMenu.MainMenu:PersistentLevel.GameSession_0 has natively added scene component(s), but none of them were set as the actor's RootComponent - picking one arbitrarily
[2015.09.02-02.50.40:531][249]LogActor:Warning: GameNetworkManager /Game/Bigger/Maps/UEDPIE_0_MainMenu.MainMenu:PersistentLevel.GameNetworkManager_0 has natively added scene component(s), but none of them were set as the actor's RootComponent - picking one arbitrarily
[2015.09.02-02.50.40:531][249]LogWorld: Bringing up level for play took: 0.006715
[2015.09.02-02.50.40:536][249]Cmd: sg.AntiAliasingQuality 1
[2015.09.02-02.50.40:536][249]sg.AntiAliasingQuality = "1"
[2015.09.02-02.50.40:536][249]Cmd: sg.EffectsQuality 1
[2015.09.02-02.50.40:536][249]sg.EffectsQuality = "1"
[2015.09.02-02.50.40:536][249]Cmd: sg.PostProcessQuality1
[2015.09.02-02.50.40:536][249]Command not recognized: sg.PostProcessQuality1
[2015.09.02-02.50.40:536][249]Cmd: sg.ResolutionQuality 75
[2015.09.02-02.50.40:536][249]sg.ResolutionQuality = "75"
[2015.09.02-02.50.40:536][249]Cmd: sg.ShadowQuality 1
[2015.09.02-02.50.40:536][249]sg.ShadowQuality = "1"
[2015.09.02-02.50.40:536][249]Cmd: sg.TextureQuality 1
[2015.09.02-02.50.40:536][249]sg.TextureQuality = "1"
[2015.09.02-02.50.40:536][249]Cmd: sg.ViewDistanceQuality 1
[2015.09.02-02.50.40:536][249]sg.ViewDistanceQuality = "1"
[2015.09.02-02.50.40:566][249]PIE: Info Play in editor start time for /Game/Bigger/Maps/UEDPIE_0_MainMenu 0.069
[2015.09.02-02.51.21:655][739]LogParticles: Destroying 0 GPU particle simulations for FXSystem 0x000000B3E7658360
[2015.09.02-02.51.24:561][761]LogWindowsTextInputMethodSystem:Display: IME system now deactivated.
[2015.09.02-02.51.24:561][761]LogWindowsTextInputMethodSystem:Display: IME system now deactivated.
[2015.09.02-02.51.24:870][762]Cmd: QUIT_EDITOR
[2015.09.02-02.51.26:075][762]LogExit: Preparing to exit.
[2015.09.02-02.51.27:233][762]LogExit: Editor shut down
[2015.09.02-02.51.27:234][762]LogExit: Transaction tracking system shut down
[2015.09.02-02.51.27:242][762]LogParticles: Destroying 0 GPU particle simulations for FXSystem 0x000000B3F15A91C0
[2015.09.02-02.51.27:242][762]LogParticles: Destroying 0 GPU particle simulations for FXSystem 0x000000B3FB76B9C0
[2015.09.02-02.51.27:242][762]LogParticles: Destroying 0 GPU particle simulations for FXSystem 0x000000B3FB97E5C0
[2015.09.02-02.51.27:242][762]LogParticles: Destroying 0 GPU particle simulations for FXSystem 0x000000B38068A2A0
[2015.09.02-02.51.27:405][762]LogExit: Object subsystem successfully closed.
[2015.09.02-02.51.27:424][762]LogD3D11RHI: Shutdown
[2015.09.02-02.51.27:424][762]LogD3D11RHI: CleanupD3DDevice
[2015.09.02-02.51.27:506][762]LogD3D11RHI: ~FD3D11DynamicRHI
[2015.09.02-02.51.27:550][762]LogModuleManager: Shutting down and abandoning module CrashTracker (189)
[2015.09.02-02.51.27:550][762]LogModuleManager: Shutting down and abandoning module SceneOutliner (188)
[2015.09.02-02.51.27:550][762]LogModuleManager: Shutting down and abandoning module SuperSearch (187)
[2015.09.02-02.51.27:550][762]LogModuleManager: Shutting down and abandoning module WidgetCarousel (186)
[2015.09.02-02.51.27:550][762]LogModuleManager: Shutting down and abandoning module AddContentDialog (185)
[2015.09.02-02.51.27:552][762]LogModuleManager: Shutting down and abandoning module EditorWidgets (184)
[2015.09.02-02.51.27:553][762]LogModuleManager: Shutting down and abandoning module CollectionManager (183)
[2015.09.02-02.51.27:553][762]LogModuleManager: Shutting down and abandoning module StatsViewer (182)
[2015.09.02-02.51.27:553][762]LogModuleManager: Shutting down and abandoning module FoliageEdit (181)
[2015.09.02-02.51.27:553][762]LogModuleManager: Shutting down and abandoning module LandscapeEditor (180)
[2015.09.02-02.51.27:553][762]LogModuleManager: Shutting down and abandoning module ActorPickerMode (179)
[2015.09.02-02.51.27:553][762]LogModuleManager: Shutting down and abandoning module GeometryMode (178)
[2015.09.02-02.51.27:553][762]LogModuleManager: Shutting down and abandoning module TextureAlignMode (177)
[2015.09.02-02.51.27:553][762]LogModuleManager: Shutting down and abandoning module BspMode (176)
[2015.09.02-02.51.27:553][762]LogModuleManager: Shutting down and abandoning module PlacementMode (175)
[2015.09.02-02.51.27:553][762]LogModuleManager: Shutting down and abandoning module AutomationWorker (174)
[2015.09.02-02.51.27:553][762]LogModuleManager: Shutting down and abandoning module CharacterAI (173)
[2015.09.02-02.51.27:553][762]LogModuleManager: Shutting down and abandoning module SmartSnapping (172)
[2015.09.02-02.51.27:553][762]LogModuleManager: Shutting down and abandoning module ViewportSnapping (171)
[2015.09.02-02.51.27:553][762]LogModuleManager: Shutting down and abandoning module LogVisualizer (170)
[2015.09.02-02.51.27:554][762]LogModuleManager: Shutting down and abandoning module GameProjectGeneration (169)
[2015.09.02-02.51.27:554][762]LogModuleManager: Shutting down and abandoning module IntroTutorials (168)
[2015.09.02-02.51.27:554][762]LogModuleManager: Shutting down and abandoning module EditorLiveStreaming (167)
[2015.09.02-02.51.27:554][762]LogModuleManager: Shutting down and abandoning module IOSPlatformEditor (166)
[2015.09.02-02.51.27:554][762]LogModuleManager: Shutting down and abandoning module HTML5PlatformEditor (165)
[2015.09.02-02.51.27:554][762]LogModuleManager: Shutting down and abandoning module AndroidDeviceDetection (164)
[2015.09.02-02.51.28:464][762]LogModuleManager: Shutting down and abandoning module AndroidPlatformEditor (163)
[2015.09.02-02.51.28:464][762]LogModuleManager: Shutting down and abandoning module IOSRuntimeSettings (162)
[2015.09.02-02.51.28:464][762]LogModuleManager: Shutting down and abandoning module AndroidRuntimeSettings (161)
[2015.09.02-02.51.28:464][762]LogModuleManager: Shutting down and abandoning module MergeActors (160)
[2015.09.02-02.51.28:464][762]LogModuleManager: Shutting down and abandoning module SizeMap (159)
[2015.09.02-02.51.28:464][762]LogModuleManager: Shutting down and abandoning module TreeMap (158)
[2015.09.02-02.51.28:464][762]LogModuleManager: Shutting down and abandoning module ReferenceViewer (157)
[2015.09.02-02.51.28:464][762]LogModuleManager: Shutting down and abandoning module LocalizationDashboard (156)
[2015.09.02-02.51.28:464][762]LogModuleManager: Shutting down and abandoning module HardwareTargeting (155)
[2015.09.02-02.51.28:464][762]LogModuleManager: Shutting down and abandoning module DeviceProfileEditor (154)
[2015.09.02-02.51.28:464][762]LogModuleManager: Shutting down and abandoning module UndoHistory (153)
[2015.09.02-02.51.28:464][762]LogModuleManager: Shutting down and abandoning module GameplayTagsEditor (152)
[2015.09.02-02.51.28:464][762]LogModuleManager: Shutting down and abandoning module UserFeedback (151)
[2015.09.02-02.51.28:464][762]LogModuleManager: Shutting down and abandoning module XmlParser (150)
[2015.09.02-02.51.28:464][762]LogModuleManager: Shutting down and abandoning module Blutility (149)
[2015.09.02-02.51.28:464][762]LogModuleManager: Shutting down and abandoning module ProjectTargetPlatformEditor (148)
[2015.09.02-02.51.28:464][762]LogModuleManager: Shutting down and abandoning module ProjectSettingsViewer (147)
[2015.09.02-02.51.28:464][762]LogModuleManager: Shutting down and abandoning module InputBindingEditor (146)
[2015.09.02-02.51.28:464][762]LogModuleManager: Shutting down and abandoning module EditorSettingsViewer (145)
[2015.09.02-02.51.28:464][762]LogModuleManager: Shutting down and abandoning module SettingsEditor (144)
[2015.09.02-02.51.28:464][762]LogModuleManager: Shutting down and abandoning module ProjectLauncher (143)
[2015.09.02-02.51.28:464][762]LogModuleManager: Shutting down and abandoning module SessionFrontend (142)
[2015.09.02-02.51.28:464][762]LogModuleManager: Shutting down and abandoning module ProfilerClient (141)
[2015.09.02-02.51.28:464][762]LogModuleManager: Shutting down and abandoning module TargetDeviceServices (140)
[2015.09.02-02.51.28:464][762]LogModuleManager: Shutting down and abandoning module DeviceManager (139)
[2015.09.02-02.51.28:464][762]LogModuleManager: Shutting down and abandoning module AutomationController (138)
[2015.09.02-02.51.28:464][762]LogModuleManager: Shutting down and abandoning module AutomationWindow (137)
[2015.09.02-02.51.28:464][762]LogModuleManager: Shutting down and abandoning module Layers (136)
[2015.09.02-02.51.28:464][762]LogModuleManager: Shutting down and abandoning module ComponentVisualizers (135)
[2015.09.02-02.51.28:464][762]LogModuleManager: Shutting down and abandoning module DetailCustomizations (134)
[2015.09.02-02.51.28:464][762]LogModuleManager: Shutting down and abandoning module PackagesDialog (133)
[2015.09.02-02.51.28:464][762]LogModuleManager: Shutting down and abandoning module AssetRegistry (132)
[2015.09.02-02.51.28:662][762]LogModuleManager: Shutting down and abandoning module Persona (131)
[2015.09.02-02.51.28:662][762]LogModuleManager: Shutting down and abandoning module Kismet (130)
[2015.09.02-02.51.28:662][762]LogModuleManager: Shutting down and abandoning module GraphEditor (129)
[2015.09.02-02.51.28:662][762]LogModuleManager: Shutting down and abandoning module ClassViewer (128)
[2015.09.02-02.51.28:662][762]LogModuleManager: Shutting down and abandoning module Toolbox (127)
[2015.09.02-02.51.28:662][762]LogModuleManager: Shutting down and abandoning module ModuleUI (126)
[2015.09.02-02.51.28:662][762]LogModuleManager: Shutting down and abandoning module MovieSceneTools (125)
[2015.09.02-02.51.28:662][762]LogModuleManager: Shutting down and abandoning module OutputLog (124)
[2015.09.02-02.51.28:662][762]LogModuleManager: Shutting down and abandoning module GammaUI (123)
[2015.09.02-02.51.28:662][762]LogModuleManager: Shutting down and abandoning module Documentation (122)
[2015.09.02-02.51.28:662][762]LogModuleManager: Shutting down and abandoning module GameLiveStreaming (121)
[2015.09.02-02.51.28:662][762]LogModuleManager: Shutting down and abandoning module StreamingPauseRendering (120)
[2015.09.02-02.51.28:662][762]LogModuleManager: Shutting down and abandoning module AnalyticsET (119)
[2015.09.02-02.51.28:662][762]LogModuleManager: Shutting down and abandoning module Analytics (118)
[2015.09.02-02.51.28:662][762]LogModuleManager: Shutting down and abandoning module AITestSuite (117)
[2015.09.02-02.51.28:662][762]LogModuleManager: Shutting down and abandoning module GameplayDebugger (116)
[2015.09.02-02.51.28:662][762]LogModuleManager: Shutting down and abandoning module AIModule (115)
[2015.09.02-02.51.28:662][762]LogModuleManager: Shutting down and abandoning module ProfilerService (114)
[2015.09.02-02.51.28:743][762]LogModuleManager: Shutting down and abandoning module TaskGraph (113)
[2015.09.02-02.51.28:743][762]LogModuleManager: Shutting down and abandoning module SlateRemote (112)
[2015.09.02-02.51.28:743][762]LogModuleManager: Shutting down and abandoning module SteamVRController (111)
[2015.09.02-02.51.28:743][762]LogModuleManager: Shutting down and abandoning module SteamVR (110)
[2015.09.02-02.51.28:743][762]LogModuleManager: Shutting down and abandoning module ProceduralMeshComponent (109)
[2015.09.02-02.51.28:743][762]LogModuleManager: Shutting down and abandoning module OculusRift (108)
[2015.09.02-02.51.28:743][762]LogModuleManager: Shutting down and abandoning module LeapMotionController (107)
[2015.09.02-02.51.28:812][762]LogModuleManager: Shutting down and abandoning module CustomMeshComponent (106)
[2015.09.02-02.51.28:812][762]LogModuleManager: Shutting down and abandoning module CableComponent (105)
[2015.09.02-02.51.28:812][762]LogModuleManager: Shutting down and abandoning module MessagingDebugger (104)
[2015.09.02-02.51.28:812][762]LogModuleManager: Shutting down and abandoning module MediaPlayerEditor (103)
[2015.09.02-02.51.28:812][762]LogModuleManager: Shutting down and abandoning module SpeedTreeImporter (102)
[2015.09.02-02.51.28:812][762]LogModuleManager: Shutting down and abandoning module PluginBrowser (101)
[2015.09.02-02.51.28:812][762]LogModuleManager: Shutting down and abandoning module EpicSurvey (100)
[2015.09.02-02.51.28:812][762]LogModuleManager: Shutting down and abandoning module DesktopPlatform (99)
[2015.09.02-02.51.28:812][762]LogModuleManager: Shutting down and abandoning module VisualStudioSourceCodeAccess (98)
[2015.09.02-02.51.28:812][762]LogModuleManager: Shutting down and abandoning module UObjectPlugin (97)
[2015.09.02-02.51.28:812][762]LogModuleManager: Shutting down and abandoning module SubversionSourceControl (96)
[2015.09.02-02.51.28:812][762]LogModuleManager: Shutting down and abandoning module PerforceSourceControl (95)
[2015.09.02-02.51.28:812][762]LogModuleManager: Shutting down and abandoning module SourceControl (94)
[2015.09.02-02.51.28:812][762]LogModuleManager: Shutting down and abandoning module GitSourceControl (93)
[2015.09.02-02.51.28:812][762]LogModuleManager: Shutting down and abandoning module BlankPlugin (92)
[2015.09.02-02.51.28:812][762]LogModuleManager: Shutting down and abandoning module PaperTiledImporter (91)
[2015.09.02-02.51.28:812][762]LogModuleManager: Shutting down and abandoning module PaperSpriteSheetImporter (90)
[2015.09.02-02.51.28:812][762]LogModuleManager: Shutting down and abandoning module MeshPaint (89)
[2015.09.02-02.51.28:812][762]LogModuleManager: Shutting down and abandoning module SlateReflector (88)
[2015.09.02-02.51.28:812][762]LogModuleManager: Shutting down and abandoning module DirectoryWatcher (87)
[2015.09.02-02.51.28:813][762]LogModuleManager: Shutting down and abandoning module HotReload (86)
[2015.09.02-02.51.28:813][762]LogModuleManager: Shutting down and abandoning module MainFrame (85)
[2015.09.02-02.51.28:813][762]LogModuleManager: Shutting down and abandoning module LevelEditor (84)
[2015.09.02-02.51.28:814][762]LogModuleManager: Shutting down and abandoning module ContentBrowser (83)
[2015.09.02-02.51.28:815][762]LogModuleManager: Shutting down and abandoning module Paper2DEditor (82)
[2015.09.02-02.51.28:815][762]LogModuleManager: Shutting down and abandoning module RigerBigger (81)
[2015.09.02-02.51.28:815][762]LogModuleManager: Shutting down and abandoning module UdpMessaging (80)
[2015.09.02-02.51.28:916][762]LogModuleManager: Shutting down and abandoning module Paper2D (79)
[2015.09.02-02.51.28:916][762]LogModuleManager: Shutting down and abandoning module WindowsMoviePlayer (78)
[2015.09.02-02.51.28:920][762]LogModuleManager: Shutting down and abandoning module Media (77)
[2015.09.02-02.51.28:920][762]LogModuleManager: Shutting down and abandoning module WmfMedia (76)
[2015.09.02-02.51.28:920][762]LogModuleManager: Shutting down and abandoning module OnlineBlueprintSupport (75)
[2015.09.02-02.51.28:920][762]LogModuleManager: Shutting down and abandoning module PropertyEditor (74)
[2015.09.02-02.51.28:920][762]LogModuleManager: Shutting down and abandoning module BehaviorTreeEditor (73)
[2015.09.02-02.51.28:920][762]LogModuleManager: Shutting down and abandoning module FunctionalTesting (72)
[2015.09.02-02.51.28:920][762]LogModuleManager: Shutting down and abandoning module CollisionAnalyzer (71)
[2015.09.02-02.51.28:920][762]LogModuleManager: Shutting down and abandoning module WorkspaceMenuStructure (70)
[2015.09.02-02.51.28:921][762]LogModuleManager: Shutting down and abandoning module MessageLog (69)
[2015.09.02-02.51.28:921][762]LogModuleManager: Shutting down and abandoning module Sequencer (68)
[2015.09.02-02.51.28:921][762]LogModuleManager: Shutting down and abandoning module AssetTools (67)
[2015.09.02-02.51.28:921][762]LogModuleManager: Shutting down and abandoning module UMGEditor (66)
[2015.09.02-02.51.28:921][762]LogModuleManager: Shutting down and abandoning module UMG (65)
[2015.09.02-02.51.28:921][762]LogModuleManager: Shutting down and abandoning module Slate (64)
[2015.09.02-02.51.28:921][762]LogModuleManager: Shutting down and abandoning module EditorStyle (63)
[2015.09.02-02.51.28:925][762]LogModuleManager: Shutting down and abandoning module SessionServices (62)
[2015.09.02-02.51.28:925][762]LogModuleManager: Shutting down and abandoning module SourceCodeAccess (61)
[2015.09.02-02.51.28:925][762]LogModuleManager: Shutting down and abandoning module HeadMountedDisplay (60)
[2015.09.02-02.51.28:925][762]LogModuleManager: Shutting down and abandoning module XAudio2 (59)
[2015.09.02-02.51.28:925][762]LogModuleManager: Shutting down and abandoning module Networking (57)
[2015.09.02-02.51.28:925][762]LogModuleManager: Shutting down and abandoning module Core (56)
[2015.09.02-02.51.28:925][762]LogModuleManager: Shutting down and abandoning module KismetCompiler (55)
[2015.09.02-02.51.28:925][762]LogModuleManager: Shutting down and abandoning module PhysXFormats (54)
[2015.09.02-02.51.28:925][762]LogModuleManager: Shutting down and abandoning module MeshUtilities (53)
[2015.09.02-02.51.28:925][762]LogModuleManager: Shutting down and abandoning module DerivedDataCache (52)
[2015.09.02-02.51.29:038][762]LogDerivedDataCache: Shutdown
[2015.09.02-02.51.29:038][762]LogModuleManager: Shutting down and abandoning module ShaderFormatOpenGL (51)
[2015.09.02-02.51.29:038][762]LogModuleManager: Shutting down and abandoning module ShaderFormatD3D (50)
[2015.09.02-02.51.29:038][762]LogModuleManager: Shutting down and abandoning module MetalShaderFormat (49)
[2015.09.02-02.51.29:038][762]LogModuleManager: Shutting down and abandoning module TextureFormatUncompressed (48)
[2015.09.02-02.51.29:038][762]LogModuleManager: Shutting down and abandoning module TextureFormatPVR (47)
[2015.09.02-02.51.29:038][762]LogModuleManager: Shutting down and abandoning module TextureFormatIntelISPCTexComp (46)
[2015.09.02-02.51.29:039][762]LogModuleManager: Shutting down and abandoning module TextureFormatDXT (45)
[2015.09.02-02.51.29:039][762]LogModuleManager: Shutting down and abandoning module ImageWrapper (44)
[2015.09.02-02.51.29:039][762]LogModuleManager: Shutting down and abandoning module TextureFormatASTC (43)
[2015.09.02-02.51.29:039][762]LogModuleManager: Shutting down and abandoning module TextureFormatAndroid (42)
[2015.09.02-02.51.29:039][762]LogModuleManager: Shutting down and abandoning module AudioFormatOpus (41)
[2015.09.02-02.51.29:039][762]LogModuleManager: Shutting down and abandoning module AudioFormatOgg (40)
[2015.09.02-02.51.29:039][762]LogModuleManager: Shutting down and abandoning module AudioFormatADPCM (39)
[2015.09.02-02.51.29:039][762]LogModuleManager: Shutting down and abandoning module LinuxTargetPlatform (38)
[2015.09.02-02.51.29:039][762]LogModuleManager: Shutting down and abandoning module LinuxServerTargetPlatform (37)
[2015.09.02-02.51.29:039][762]LogModuleManager: Shutting down and abandoning module LinuxNoEditorTargetPlatform (36)
[2015.09.02-02.51.29:039][762]LogModuleManager: Shutting down and abandoning module Messaging (35)
[2015.09.02-02.51.29:039][762]LogModuleManager: Shutting down and abandoning module IOSTargetPlatform (34)
[2015.09.02-02.51.29:039][762]LogModuleManager: Shutting down and abandoning module HTML5TargetPlatform (33)
[2015.09.02-02.51.29:039][762]LogModuleManager: Shutting down and abandoning module Android_PVRTCTargetPlatform (32)
[2015.09.02-02.51.29:039][762]LogModuleManager: Shutting down and abandoning module Android_ETC2TargetPlatform (31)
[2015.09.02-02.51.29:039][762]LogModuleManager: Shutting down and abandoning module Android_ETC1TargetPlatform (30)
[2015.09.02-02.51.29:039][762]LogModuleManager: Shutting down and abandoning module Android_DXTTargetPlatform (29)
[2015.09.02-02.51.29:039][762]LogModuleManager: Shutting down and abandoning module Android_ATCTargetPlatform (28)
[2015.09.02-02.51.29:039][762]LogModuleManager: Shutting down and abandoning module Android_ASTCTargetPlatform (27)
[2015.09.02-02.51.29:039][762]LogModuleManager: Shutting down and abandoning module AndroidTargetPlatform (26)
[2015.09.02-02.51.29:039][762]LogModuleManager: Shutting down and abandoning module WindowsTargetPlatform (25)
[2015.09.02-02.51.29:039][762]LogModuleManager: Shutting down and abandoning module WindowsServerTargetPlatform (24)
[2015.09.02-02.51.29:039][762]LogModuleManager: Shutting down and abandoning module WindowsNoEditorTargetPlatform (23)
[2015.09.02-02.51.29:039][762]LogModuleManager: Shutting down and abandoning module WindowsClientTargetPlatform (22)
[2015.09.02-02.51.29:039][762]LogModuleManager: Shutting down and abandoning module DesktopTargetPlatform (21)
[2015.09.02-02.51.29:040][762]LogModuleManager: Shutting down and abandoning module TargetPlatform (20)
[2015.09.02-02.51.29:040][762]LogModuleManager: Shutting down and abandoning module InputCore (19)
[2015.09.02-02.51.29:040][762]LogModuleManager: Shutting down and abandoning module Settings (18)
[2015.09.02-02.51.29:040][762]LogModuleManager: Shutting down and abandoning module OnlineSubsystem (16)
[2015.09.02-02.51.29:040][762]LogModuleManager: Shutting down and abandoning module HTTP (15)
[2015.09.02-02.51.29:040][762]LogModuleManager: Shutting down and abandoning module ExampleDeviceProfileSelector (14)
[2015.09.02-02.51.29:040][762]LogModuleManager: Shutting down and abandoning module TextureCompressor (13)
[2015.09.02-02.51.29:040][762]LogModuleManager: Shutting down and abandoning module ShaderCore (12)
[2015.09.02-02.51.29:040][762]LogModuleManager: Shutting down and abandoning module Landscape (11)
[2015.09.02-02.51.29:040][762]LogModuleManager: Shutting down and abandoning module SlateRHIRenderer (10)
[2015.09.02-02.51.29:041][762]LogModuleManager: Shutting down and abandoning module OpenGLDrv (9)
[2015.09.02-02.51.29:041][762]LogModuleManager: Shutting down and abandoning module D3D11RHI (8)
[2015.09.02-02.51.29:041][762]LogModuleManager: Shutting down and abandoning module Renderer (7)
[2015.09.02-02.51.29:041][762]LogModuleManager: Shutting down and abandoning module Engine (6)
[2015.09.02-02.51.29:041][762]LogModuleManager: Shutting down and abandoning module CoreUObject (5)
[2015.09.02-02.51.29:041][762]LogModuleManager: Shutting down and abandoning module NetworkFile (4)
[2015.09.02-02.51.29:041][762]LogModuleManager: Shutting down and abandoning module StreamingFile (3)
[2015.09.02-02.51.29:041][762]LogModuleManager: Shutting down and abandoning module SandboxFile (2)
[2015.09.02-02.51.29:041][762]LogModuleManager: Shutting down and abandoning module PakFile (1)
[2015.09.02-02.51.29:042][762]LogExit: Exiting.
[2015.09.02-02.51.29:044][762]Log file closed, 09/01/15 22:51:29
