[2015.09.01-06.14.56:632][  0]Log file open, 09/01/15 02:14:56
[2015.09.01-06.14.56:632][  0]LogInit:Display: Running engine for game: RigerBigger
[2015.09.01-06.14.56:632][  0]LogInit:Display: RandInit(-15706299) SRandInit(-15706299).
[2015.09.01-06.14.56:632][  0]LogTaskGraph: Started task graph with 4 named threads and 7 total threads.
[2015.09.01-06.14.56:632][  0]LogStats: Stats thread started
[2015.09.01-06.14.56:632][  0]LogInit: Version: 4.8.3-2634408+++depot+UE4-Releases+4.8
[2015.09.01-06.14.56:632][  0]LogInit: API Version: 2579680
[2015.09.01-06.14.56:632][  0]LogInit: Compiled (64-bit): Jul 27 2015 16:24:33
[2015.09.01-06.14.56:632][  0]LogInit: Compiled with Visual C++: 18.00.21005.01
[2015.09.01-06.14.56:632][  0]LogInit: Build Configuration: Development
[2015.09.01-06.14.56:632][  0]LogInit: Branch Name: ++depot+UE4-Releases+4.8
[2015.09.01-06.14.56:632][  0]LogInit: Command line:  
[2015.09.01-06.14.56:632][  0]LogInit: Base directory: C:/Program Files/UE45/Epic Games/4.8/Engine/Binaries/Win64/
[2015.09.01-06.14.56:632][  0]LogInit: Rocket: 1
[2015.09.01-06.14.56:650][  0]LogInit: Using libcurl 7.41.0
[2015.09.01-06.14.56:650][  0]LogInit:  - built for x86_64-pc-win32
[2015.09.01-06.14.56:650][  0]LogInit:  - supports SSL with WinSSL
[2015.09.01-06.14.56:650][  0]LogInit:  - other features:
[2015.09.01-06.14.56:650][  0]LogInit:      CURL_VERSION_SSL
[2015.09.01-06.14.56:650][  0]LogInit:      CURL_VERSION_IPV6
[2015.09.01-06.14.56:650][  0]LogInit:      CURL_VERSION_ASYNCHDNS
[2015.09.01-06.14.56:650][  0]LogInit:      CURL_VERSION_LARGEFILE
[2015.09.01-06.14.56:650][  0]LogInit:      CURL_VERSION_IDN
[2015.09.01-06.14.56:650][  0]LogInit:  CurlRequestOptions (configurable via config and command line):
[2015.09.01-06.14.56:650][  0]LogInit:  - bVerifyPeer = true  - Libcurl will verify peer certificate
[2015.09.01-06.14.56:650][  0]LogInit:  - bUseHttpProxy = false  - Libcurl will NOT use HTTP proxy
[2015.09.01-06.14.56:650][  0]LogInit:  - bDontReuseConnections = false  - Libcurl will reuse connections
[2015.09.01-06.14.56:650][  0]LogInit:  - CertBundlePath = nullptr  - Libcurl will use whatever was configured at build time.
[2015.09.01-06.14.56:666][  0]LogOnline:Warning: No default platform service specified for OnlineSubsystem
[2015.09.01-06.14.56:706][  0]LogInit: Presizing for 0 objects not considered by GC, pre-allocating 0 bytes.
[2015.09.01-06.14.56:715][  0]LogInit: Object subsystem initialized
[2015.09.01-06.14.56:716][  0]LogConsoleResponse:Warning: Skipping Unknown console variable: 'TranslucentSortAxis = (X=0.000000,Y=-1.000000,Z=0.000000)'
[2015.09.01-06.14.56:716][  0]LogConsoleResponse:Warning:   Found in ini file 'C:/Users/Owner/Documents/Unreal Projects/RigerBigger/Saved/Config/Windows/Engine.ini', in section '[/Script/Engine.RendererSettings]'
[2015.09.01-06.14.56:716][  0]LogConsoleResponse:Warning: Skipping Unknown console variable: 'UIScaleRule = ShortestSide'
[2015.09.01-06.14.56:716][  0]LogConsoleResponse:Warning:   Found in ini file 'C:/Users/Owner/Documents/Unreal Projects/RigerBigger/Saved/Config/Windows/Engine.ini', in section '[/Script/Engine.RendererSettings]'
[2015.09.01-06.14.56:716][  0]LogConsoleResponse:Warning: Skipping Unknown console variable: 'UIScaleCurve = (EditorCurveData=(Keys=),ExternalCurve=None)'
[2015.09.01-06.14.56:716][  0]LogConsoleResponse:Warning:   Found in ini file 'C:/Users/Owner/Documents/Unreal Projects/RigerBigger/Saved/Config/Windows/Engine.ini', in section '[/Script/Engine.RendererSettings]'
[2015.09.01-06.14.56:716][  0]LogInit: Selected Device Profile: [Windows]
[2015.09.01-06.14.56:716][  0]LogInit: Applying CVar settings loaded from the selected device profile: [Windows]
[2015.09.01-06.14.56:723][  0]LogInit: Computer: ASUS
[2015.09.01-06.14.56:723][  0]LogInit: User: Owner
[2015.09.01-06.14.56:723][  0]LogInit: CPU Page size=4096, Cores=4
[2015.09.01-06.14.56:723][  0]LogInit: High frequency timer resolution =2.338342 MHz
[2015.09.01-06.14.56:723][  0]LogMemory: Memory total: Physical=15.9GB (16GB approx)
[2015.09.01-06.14.56:723][  0]LogMemory: Platform Memory Stats for Windows
[2015.09.01-06.14.56:723][  0]LogMemory: Process Physical Memory: 52.63 MB used, 52.63 MB peak
[2015.09.01-06.14.56:723][  0]LogMemory: Process Virtual Memory: 25.53 MB used, 25.53 MB peak
[2015.09.01-06.14.56:723][  0]LogMemory: Physical Memory: 4446.38 MB used, 16267.18 MB total
[2015.09.01-06.14.56:724][  0]LogMemory: Virtual Memory: 298.54 MB used, 134217728.00 MB total
[2015.09.01-06.14.56:896][  0]LogTextLocalizationManager: The requested culture ('en_US') has no localization data; parent culture's ('en') localization data will be used.
[2015.09.01-06.14.57:087][  0]LogTextLocalizationManager:Warning: Loaded localization resources contain conflicting entries for (Namespace:ContentBrowser, Key:ImportAssetToolTip):
Localization Resource: (C:/Program Files/UE45/Epic Games/4.8/Engine/Content/Localization/Editor/en/Editor.locres) Source String Hash: (-630476809) Localized String: (Import to {0}...)
Localization Resource: (C:/Program Files/UE45/Epic Games/4.8/Engine/Content/Localization/Editor/en/Editor.locres) Source String Hash: (1271782899) Localized String: (Imports an asset from file to this folder.)
[2015.09.01-06.14.57:516][  0]LogD3D11RHI: Found D3D11 adapter 0: Intel(R) HD Graphics 4600 (Feature Level 11_0)
[2015.09.01-06.14.57:516][  0]LogD3D11RHI: Adapter has 32MB of dedicated video memory, 0MB of dedicated system memory, and 1760MB of shared system memory, 1 output[s]
[2015.09.01-06.14.57:517][  0]LogD3D11RHI: Found D3D11 adapter 1: Microsoft Basic Render Driver (Feature Level 11_0)
[2015.09.01-06.14.57:517][  0]LogD3D11RHI: Adapter has 0MB of dedicated video memory, 0MB of dedicated system memory, and 256MB of shared system memory, 0 output[s]
[2015.09.01-06.14.57:517][  0]LogD3D11RHI: Chosen D3D11 Adapter Id = 0
[2015.09.01-06.14.57:521][  0]LogD3D11RHI: InitD3DDevice
[2015.09.01-06.14.57:521][  0]LogD3D11RHI: !Direct3DDevice
[2015.09.01-06.14.57:521][  0]LogRHI: Texture pool is 638 MB (70% of 912 MB)
[2015.09.01-06.14.57:529][  0]LogD3D11RHI: Async texture creation enabled
[2015.09.01-06.14.57:534][  0]LogShaderCompilers:Display: Using Local Shader Compiler.
[2015.09.01-06.14.58:504][  0]LogTemp:Display: Loaded TP DesktopTargetPlatform
[2015.09.01-06.14.58:528][  0]LogTemp:Display: Loaded TP WindowsClientTargetPlatform
[2015.09.01-06.14.58:552][  0]LogTemp:Display: Loaded TP WindowsNoEditorTargetPlatform
[2015.09.01-06.14.58:576][  0]LogTemp:Display: Loaded TP WindowsServerTargetPlatform
[2015.09.01-06.14.58:601][  0]LogTemp:Display: Loaded TP WindowsTargetPlatform
[2015.09.01-06.14.58:622][  0]LogTemp:Display: Loaded TP AndroidTargetPlatform
[2015.09.01-06.14.58:644][  0]LogTemp:Display: Loaded TP Android_ASTCTargetPlatform
[2015.09.01-06.14.58:666][  0]LogTemp:Display: Loaded TP Android_ATCTargetPlatform
[2015.09.01-06.14.58:687][  0]LogTemp:Display: Loaded TP Android_DXTTargetPlatform
[2015.09.01-06.14.58:709][  0]LogTemp:Display: Loaded TP Android_ETC1TargetPlatform
[2015.09.01-06.14.58:730][  0]LogTemp:Display: Loaded TP Android_ETC2TargetPlatform
[2015.09.01-06.14.58:752][  0]LogTemp:Display: Loaded TP Android_PVRTCTargetPlatform
[2015.09.01-06.14.58:833][  0]LogTemp:Display: Loaded TP IOSTargetPlatform
[2015.09.01-06.14.58:854][  0]LogTemp:Display: Loaded TP LinuxNoEditorTargetPlatform
[2015.09.01-06.14.58:910][  0]LogTemp:Display: Loaded TP LinuxServerTargetPlatform
[2015.09.01-06.14.58:932][  0]LogTemp:Display: Loaded TP LinuxTargetPlatform
[2015.09.01-06.14.58:932][  0]LogTargetPlatformManager:Display: Building Assets For Windows
[2015.09.01-06.14.59:337][  0]LogDerivedDataCache:Display: Max Cache Size: 512 MB
[2015.09.01-06.14.59:404][  0]LogDerivedDataCache: Loaded boot cache 0.07s 53MB C:/Users/Owner/AppData/Local/UnrealEngine/4.8/DerivedDataCache/Boot.ddc.
[2015.09.01-06.14.59:404][  0]LogDerivedDataCache:Display: Loaded Boot cache: C:/Users/Owner/AppData/Local/UnrealEngine/4.8/DerivedDataCache/Boot.ddc
[2015.09.01-06.14.59:404][  0]LogDerivedDataCache: FDerivedDataBackendGraph:  Pak pak cache file ../../../../../../../Users/Owner/Documents/Unreal Projects/RigerBigger/DerivedDataCache/DDC.ddp not found, will not use a pak cache.
[2015.09.01-06.14.59:404][  0]LogDerivedDataCache: Unable to find inner node Pak for hierarchical cache Hierarchy.
[2015.09.01-06.14.59:404][  0]LogDerivedDataCache: FDerivedDataBackendGraph:  CompressedPak pak cache file ../../../../../../../Users/Owner/Documents/Unreal Projects/RigerBigger/DerivedDataCache/Compressed.ddp not found, will not use a pak cache.
[2015.09.01-06.14.59:404][  0]LogDerivedDataCache: Unable to find inner node CompressedPak for hierarchical cache Hierarchy.
[2015.09.01-06.14.59:551][  0]LogDerivedDataCache:Display: Pak cache opened for reading ../../../Engine/DerivedDataCache/Compressed.ddp.
[2015.09.01-06.14.59:564][  0]LogDerivedDataCache: Using Local data cache path C:/Users/Owner/AppData/Local/UnrealEngine/Common/DerivedDataCache: Writable
[2015.09.01-06.14.59:788][  0]LogInit: Selected Device Profile: [Windows]
[2015.09.01-06.14.59:866][  0]ImportText (ComponentSweepMultiTests): Missing closing parenthesis: (RootShapeAsset="/Engine/BasicShapes/Cube.Cube",ShapeType="TriggerCapsule",HitResult=(Time=0.50,Location=(X=-100.000015,Y=0.0,Z=100.000015),ImpactPoint=(X=-50.0,Y=0.0,Z=50.0),Normal=(X=-1.0,Y=-0.0,Z=0.0),ImpactNormal=(X=0.0,Y=0.0,Z=1.0),TraceStart=(X=-200.0,Y=0.0,Z=200.0),TraceEnd=(X=0.0,Y=0.0,Z=0.0))
[2015.09.01-06.14.59:866][  0]ImportText (LineTraceSingleByChannelTests): Missing closing parenthesis: (RootShapeAsset="/Engine/BasicShapes/Cube.Cube",HitResult=(Time=0.50,Location=(X=-100.000015,Y=0.0,Z=100.000015),ImpactPoint=(X=-50.0,Y=0.0,Z=50.0),Normal=(X=-1.0,Y=-0.0,Z=0.0),ImpactNormal=(X=0.0,Y=0.0,Z=1.0),TraceStart=(X=-200.0,Y=0.0,Z=200.0),TraceEnd=(X=0.0,Y=0.0,Z=0.0))
[2015.09.01-06.14.59:909][  0]LogMeshUtilities: No automatic mesh reduction module available
[2015.09.01-06.14.59:909][  0]LogMeshUtilities: No automatic mesh merging module available
[2015.09.01-06.15.00:369][  0]LogInit: WinSock: version 1.1 (2.2), MaxSocks=32767, MaxUdp=65467
[2015.09.01-06.15.19:528][  0]UdpMessaging: Initializing bridge on interface 0.0.0.0:0 to multicast group 230.0.0.1:6666.
[2015.09.01-06.15.20:390][  0]SourceControl: Info Source control is disabled
[2015.09.01-06.15.20:446][  0]SourceControl: Info Source control is disabled
[2015.09.01-06.15.20:472][  0]SourceControl: Info Source control is disabled
[2015.09.01-06.15.20:498][  0]SourceControl: Info Source control is disabled
[2015.09.01-06.15.21:219][  0]LogObj: 26279 objects as part of root set at end of initial load.
[2015.09.01-06.15.21:219][  0]LogUObjectAllocator: 5411224 out of 0 bytes used by permanent object pool.
[2015.09.01-06.15.21:344][  0]LogEngine: Initializing Engine...
[2015.09.01-06.15.21:353][  0]OCULUS: Info: [CAPI] LibOVR module is located at C:\WINDOWS\SYSTEM32\LibOVRRT64_0_6.dll

[2015.09.01-06.15.21:954][  0]OCULUS: Error: [CAPI] ovrHmd_Create failed to complete within the timeout period.
[2015.09.01-06.15.22:118][  0]LogHMD:Warning: SteamVR failed to initialize.  Error: 108
[2015.09.01-06.15.22:277][  0]LogAIModule: Creating AISystem for world NewWorld
[2015.09.01-06.15.22:286][  0]LogInit: XAudio2 using 'Speakers (M-Audio Micro)' : 2 channels at 44.1 kHz using 16 bits per sample (channel mask 0x3)
[2015.09.01-06.15.22:390][  0]LogInit: FAudioDevice initialized.
[2015.09.01-06.15.22:415][  0]LogDerivedDataCache: Saved boot cache 0.02s 53MB C:/Users/Owner/AppData/Local/UnrealEngine/4.8/DerivedDataCache/Boot.ddc.
[2015.09.01-06.15.22:418][  0]LogInit: Texture streaming: Disabled
[2015.09.01-06.15.22:459][  0]LogAnalytics: Creating configured Analytics provider AnalyticsET
[2015.09.01-06.15.22:459][  0]LogAnalytics: [UEEditor.Rocket.Release] APIServer = http://et2.epicgames.com/ET2/. AppVersion = 4.8.3-2634408+++depot+UE4-Releases+4.8
[2015.09.01-06.15.22:459][  0]LogAnalytics: [UEEditor.Rocket.Release] SetUserId 35226550403f01e61bf75787a876a810|e8dad8564e6d4f898fb2f14da66fe74c|895c8296-c7c6-4d98-8220-90cf576083c0
[2015.09.01-06.15.22:459][  0]LogAnalytics: [UEEditor.Rocket.Release] AnalyticsET::StartSession
[2015.09.01-06.15.22:497][  0]LogInit: Transaction tracking system initialized
[2015.09.01-06.15.22:724][  0]BlueprintLog: New page: Editor Load
[2015.09.01-06.15.22:775][  0]LogAssetRegistry: FAssetRegistry took 0.0107 seconds to start up
[2015.09.01-06.15.22:775][  0]LogDirectoryWatcher:Warning: Failed to begin reading directory changes for ../../../Engine/Plugins/Experimental/CharacterAI/Content/. Error: 0
[2015.09.01-06.15.24:211][  0]LogConsoleManager:Warning: Console variable 'r.VSync' wasn't set ('GameSetting' has a lower priority than 'SystemSettingsIni')
[2015.09.01-06.15.24:211][  0]LogConsoleResponse:Display: 
[2015.09.01-06.15.24:325][  0]LogCook:Display: Done creating registry. It took  0.00s.
[2015.09.01-06.15.24:760][  0]SourceControl: Info Source control is disabled
[2015.09.01-06.15.24:760][  0]Cmd: MAP LOAD FILE="../../../../../../../Users/Owner/Documents/Unreal Projects/RigerBigger/Content/Bigger/Maps/MainMenu.umap" TEMPLATE=0 SHOWPROGRESS=1 FEATURELEVEL=3
[2015.09.01-06.15.24:761][  0]LightingResults: New page: Lighting Build
[2015.09.01-06.15.24:776][  0]MapCheck: New page: Map Check
[2015.09.01-06.15.24:776][  0]LightingResults: New page: Lighting Build
[2015.09.01-06.15.24:784][  0]LogParticles: Destroying 0 GPU particle simulations for FXSystem 0x000000DD97340B80
[2015.09.01-06.15.30:051][  0]LogAIModule: Creating AISystem for world MainMenu
[2015.09.01-06.15.30:090][  0]LogEditorServer: Finished looking for orphan Actors (0.000 secs)
[2015.09.01-06.15.30:091][  0]Cmd: MAP CHECKDEP NOCLEARLOG
[2015.09.01-06.15.30:193][  0]MapCheck: Info Map check complete: 0 Error(s), 0 Warning(s), took 101.264ms to complete.
[2015.09.01-06.15.30:193][  0]LogFileHelpers: Loading map 'MainMenu' took 5.433
[2015.09.01-06.15.30:329][  0]LogCollectionManager: Loaded 0 collections in 0.002640 seconds
[2015.09.01-06.15.30:338][  0]LogContentBrowser: Native class hierarchy populated in 0.0089 seconds. Added 1793 classes and 304 folders.
[2015.09.01-06.15.30:409][  0]LogContentBrowser: Native class hierarchy updated for 'WidgetCarousel' in 0.0024 seconds. Added 0 classes and 0 folders.
[2015.09.01-06.15.30:454][  0]LogContentBrowser: Native class hierarchy updated for 'AddContentDialog' in 0.0025 seconds. Added 0 classes and 0 folders.
[2015.09.01-06.15.30:488][  0]LogContentBrowser: Native class hierarchy updated for 'SceneOutliner' in 0.0025 seconds. Added 1 classes and 2 folders.
[2015.09.01-06.15.30:585][  0]LogCrashTracker: Crashtracker disabled due to settings.
[2015.09.01-06.15.30:586][  0]LogD3D11RHI: InitD3DDevice
[2015.09.01-06.15.30:589][  0]LogUObjectGlobals:Warning: Failed to find object 'Class None.'
[2015.09.01-06.15.30:611][  0]LogLoad: Full Startup: 35.79 seconds (BP compile: 2.20 seconds)
[2015.09.01-06.15.31:012][  0]LogContentStreaming: Texture pool size is 0.000000MB
[2015.09.01-06.15.31:070][  0]LogContentStreaming: Texture pool size now 400 MB
[2015.09.01-06.15.31:237][  0]LogRenderer: Reallocating scene render targets to support 1240x624 (Frame:2).
[2015.09.01-06.15.37:017][ 17]LogAssetRegistry: Asset discovery search completed in 14.2530 seconds
[2015.09.01-06.18.30:293][550]LogD3D11RHI: InitD3DDevice
[2015.09.01-06.26.23:274][878]LogD3D11RHI: InitD3DDevice
[2015.09.01-06.26.23:352][878]LogLinker:Warning: Asset '../../../Engine/Content/ArtTools/RenderToTexture/Macros/RenderToTextureMacros.uasset' has been saved with empty engine version. The asset will be loaded but may be incompatible.
[2015.09.01-06.26.23:436][878]LogLinker:Warning: Asset '../../../Engine/Content/ArtTools/RenderToTexture/Enums/RenderToTexture_Enum.uasset' has been saved with empty engine version. The asset will be loaded but may be incompatible.
[2015.09.01-06.26.29:250][154]LogD3D11RHI: InitD3DDevice
[2015.09.01-06.26.30:558][231]LogD3D11RHI: InitD3DDevice
[2015.09.01-06.26.32:635][355]LogActorComponent: UnregisterComponent: (/Engine/Transient.CharMoveComp) Not registered. Aborting.
[2015.09.01-06.26.32:988][355]LogD3D11RHI: InitD3DDevice
[2015.09.01-06.26.33:760][355]LogSavePackage: Save=712.504822ms
[2015.09.01-06.26.33:760][355]LogSavePackage: Moving '../../../../../../../Users/Owner/Documents/Unreal Projects/RigerBigger/Saved/BiggerCharacter3E7CBF90469A68934A17C08B7D1E77AA.tmp' to '../../../../../../../Users/Owner/Documents/Unreal Projects/RigerBigger/Content/Bigger/Blueprints/BiggerCharacter.uasset'
[2015.09.01-06.26.36:743][534]BlueprintLog: New page: Compile BiggerCharacter
[2015.09.01-06.26.37:502][534]LogActorComponent: UnregisterComponent: (/Engine/Transient.CharMoveComp) Not registered. Aborting.
[2015.09.01-06.26.37:611][534]BlueprintEditorCompileResults: Info The execution path doesn't end with a return node.  False 
[2015.09.01-06.26.37:611][534]BlueprintEditorCompileResults: Info [0702.79] Compile of BiggerCharacter successful! [in 867 ms]
[2015.09.01-06.26.40:894][727]LogRenderer: Reallocating scene render targets to support 1240x856 (Frame:19565).
[2015.09.01-06.34.04:075][473]LogActorComponent: UnregisterComponent: (/Engine/Transient.CharMoveComp) Not registered. Aborting.
[2015.09.01-06.34.11:038][884]LogD3D11RHI: InitD3DDevice
[2015.09.01-06.34.11:927][884]LogSavePackage: Save=808.244019ms
[2015.09.01-06.34.11:927][884]LogSavePackage: Moving '../../../../../../../Users/Owner/Documents/Unreal Projects/RigerBigger/Saved/BiggerCharacter95AAC78E4B7484D56AD4008DA01BF725.tmp' to '../../../../../../../Users/Owner/Documents/Unreal Projects/RigerBigger/Content/Bigger/Blueprints/BiggerCharacter.uasset'
[2015.09.01-06.34.16:388][150]LogD3D11RHI: InitD3DDevice
[2015.09.01-06.34.17:440][212]LogD3D11RHI: InitD3DDevice
[2015.09.01-06.34.18:931][301]LogActorComponent: UnregisterComponent: (/Engine/Transient.CharMoveComp) Not registered. Aborting.
[2015.09.01-06.34.18:995][301]LogD3D11RHI: InitD3DDevice
[2015.09.01-06.34.19:794][301]LogSavePackage: Save=745.033875ms
[2015.09.01-06.34.19:794][301]LogSavePackage: Moving '../../../../../../../Users/Owner/Documents/Unreal Projects/RigerBigger/Saved/BiggerCharacterDFDD531447BBFEF1643114B35BF19C1F.tmp' to '../../../../../../../Users/Owner/Documents/Unreal Projects/RigerBigger/Content/Bigger/Blueprints/BiggerCharacter.uasset'
[2015.09.01-06.34.19:965][311]BlueprintLog: New page: Compile BiggerCharacter
[2015.09.01-06.34.20:730][311]LogActorComponent: UnregisterComponent: (/Engine/Transient.CharMoveComp) Not registered. Aborting.
[2015.09.01-06.34.20:854][311]BlueprintEditorCompileResults: Info The execution path doesn't end with a return node.  False 
[2015.09.01-06.34.20:854][311]BlueprintEditorCompileResults: Info [1166.04] Compile of BiggerCharacter successful! [in 888 ms]
[2015.09.01-06.34.21:327][337]LogActorComponent: UnregisterComponent: (/Engine/Transient.CharMoveComp) Not registered. Aborting.
[2015.09.01-06.34.23:092][405]LogPlayLevel: PIE:  No blueprints needed recompiling
[2015.09.01-06.34.23:095][405]PIE: New page: PIE session: MainMenu (Aug 31, 2015, 10:34:23 PM)
[2015.09.01-06.34.23:096][405]LogPlayLevel: Creating play world package: /Game/Bigger/Maps/UEDPIE_0_MainMenu
[2015.09.01-06.34.23:105][405]LogPlayLevel: PIE: StaticDuplicateObject took: (0.009550s)
[2015.09.01-06.34.23:106][405]LogAIModule: Creating AISystem for world MainMenu
[2015.09.01-06.34.23:106][405]LogPlayLevel: PIE: World Init took: (0.000982s)
[2015.09.01-06.34.23:106][405]LogPlayLevel: PIE: Created PIE world by copying editor world from /Game/Bigger/Maps/MainMenu.MainMenu to /Game/Bigger/Maps/UEDPIE_0_MainMenu.MainMenu (0.010714s)
[2015.09.01-06.34.23:158][405]LogInit: XAudio2 using 'Speakers (M-Audio Micro)' : 2 channels at 44.1 kHz using 16 bits per sample (channel mask 0x3)
[2015.09.01-06.34.23:165][405]LogInit: FAudioDevice initialized.
[2015.09.01-06.34.23:168][405]LogD3D11RHI: InitD3DDevice
[2015.09.01-06.34.23:216][405]LogWorld: Game class is 'MainMenuGameMode_C'
[2015.09.01-06.34.23:224][405]LogWorld: Bringing World /Game/Bigger/Maps/UEDPIE_0_MainMenu.MainMenu up for play (max tick rate 60) at 2015.09.01-02.34.23
[2015.09.01-06.34.23:224][405]LogActor:Warning: GameSession /Game/Bigger/Maps/UEDPIE_0_MainMenu.MainMenu:PersistentLevel.GameSession_0 has natively added scene component(s), but none of them were set as the actor's RootComponent - picking one arbitrarily
[2015.09.01-06.34.23:225][405]LogActor:Warning: GameNetworkManager /Game/Bigger/Maps/UEDPIE_0_MainMenu.MainMenu:PersistentLevel.GameNetworkManager_0 has natively added scene component(s), but none of them were set as the actor's RootComponent - picking one arbitrarily
[2015.09.01-06.34.23:225][405]LogWorld: Bringing up level for play took: 0.006112
[2015.09.01-06.34.23:229][405]Cmd: sg.AntiAliasingQuality 2
[2015.09.01-06.34.23:229][405]sg.AntiAliasingQuality = "2"
[2015.09.01-06.34.23:229][405]Cmd: sg.EffectsQuality 2
[2015.09.01-06.34.23:229][405]sg.EffectsQuality = "2"
[2015.09.01-06.34.23:230][405]Cmd: sg.PostProcessQuality2
[2015.09.01-06.34.23:230][405]Command not recognized: sg.PostProcessQuality2
[2015.09.01-06.34.23:230][405]Cmd: sg.ResolutionQuality 100
[2015.09.01-06.34.23:230][405]sg.ResolutionQuality = "100"
[2015.09.01-06.34.23:230][405]Cmd: sg.ShadowQuality 2
[2015.09.01-06.34.23:230][405]sg.ShadowQuality = "2"
[2015.09.01-06.34.23:230][405]Cmd: sg.TextureQuality 2
[2015.09.01-06.34.23:230][405]sg.TextureQuality = "2"
[2015.09.01-06.34.23:230][405]Cmd: sg.ViewDistanceQuality 2
[2015.09.01-06.34.23:230][405]sg.ViewDistanceQuality = "2"
[2015.09.01-06.34.23:250][405]PIE: Info Play in editor start time for /Game/Bigger/Maps/UEDPIE_0_MainMenu 0.827
[2015.09.01-06.34.23:256][405]LogRenderer: Reallocating scene render targets to support 1240x856 (Frame:19657).
[2015.09.01-06.34.23:400][405]LogRenderer: Reallocating scene render targets to support 1296x856 (Frame:19658).
[2015.09.01-06.34.23:400][405]LogContentStreaming: Texture pool size now 700 MB
[2015.09.01-06.34.26:478][463]LogPackageName: SearchForPackageOnDisk took   0.096s to resolve Race1.umap
[2015.09.01-06.34.26:577][464]LogPackageName: SearchForPackageOnDisk took   0.088s to resolve Race1.umap
[2015.09.01-06.34.26:577][464]LogNet: Browse: /Game/Bigger/Maps/Race1
[2015.09.01-06.34.26:578][464]LogLoad: LoadMap: /Game/Bigger/Maps/Race1
[2015.09.01-06.34.26:624][464]LogParticles: Destroying 0 GPU particle simulations for FXSystem 0x000000DDB2972700
[2015.09.01-06.34.26:624][464]Cmd: MEM
[2015.09.01-06.34.26:662][464]LogMemory: Platform Memory Stats for Windows
[2015.09.01-06.34.26:662][464]LogMemory: Process Physical Memory: 785.63 MB used, 785.63 MB peak
[2015.09.01-06.34.26:662][464]LogMemory: Process Virtual Memory: 699.69 MB used, 717.11 MB peak
[2015.09.01-06.34.26:662][464]LogMemory: Physical Memory: 5800.76 MB used, 16267.18 MB total
[2015.09.01-06.34.26:662][464]LogMemory: Virtual Memory: 1415.66 MB used, 134217728.00 MB total
[2015.09.01-06.34.26:662][464]LogMemory: 
[2015.09.01-06.34.26:662][464]Allocator Stats for TBB: (not implemented)
[2015.09.01-06.34.28:578][464]LogAIModule: Creating AISystem for world Race1
[2015.09.01-06.34.28:761][464]LogWorld: Game class is 'BiggerGameMode_C'
[2015.09.01-06.34.28:806][464]LogWorld: Bringing World /Game/Bigger/Maps/UEDPIE_0_Race1.Race1 up for play (max tick rate 60) at 2015.09.01-02.34.28
[2015.09.01-06.34.28:806][464]LogActor:Warning: GameSession /Game/Bigger/Maps/UEDPIE_0_Race1.Race1:PersistentLevel.GameSession_1 has natively added scene component(s), but none of them were set as the actor's RootComponent - picking one arbitrarily
[2015.09.01-06.34.28:807][464]LogActor:Warning: GameNetworkManager /Game/Bigger/Maps/UEDPIE_0_Race1.Race1:PersistentLevel.GameNetworkManager_1 has natively added scene component(s), but none of them were set as the actor's RootComponent - picking one arbitrarily
[2015.09.01-06.34.28:809][464]LogWorld: Bringing up level for play took: 0.045973
[2015.09.01-06.34.28:848][464]LogAudio:Warning: Spatialisation on stereo and multichannel sounds is not supported. SoundWave: truck_sound SoundCue: truck_sound_Cue Actor: BiggerCharacter_C_43 AudioComponent: truck_sound_Cue
[2015.09.01-06.34.33:984][536]LogAudio:Warning: Spatialisation on stereo and multichannel sounds is not supported. SoundWave: EngineRev Actor: BiggerCharacter_C_43 AudioComponent: AudioComponent_0
[2015.09.01-06.34.41:344][649]LogAudio:Warning: Spatialisation on stereo and multichannel sounds is not supported. SoundWave: RB_checkpoint_sound
[2015.09.01-06.35.06:697][ 48]LogAudio:Warning: Spatialisation on stereo and multichannel sounds is not supported. SoundWave: RB_Finish_Line
[2015.09.01-06.35.20:194][257]LogAudio:Warning: Spatialisation on stereo and multichannel sounds is not supported. SoundWave: MissleLaunch Actor: Rocket_C_0 AudioComponent: AudioComponent_16
[2015.09.01-06.35.42:611][608]LogParticles: Destroying 0 GPU particle simulations for FXSystem 0x000000DDA56223E0
[2015.09.01-06.40.26:501][995]LogActorComponent: UnregisterComponent: (/Engine/Transient.CharMoveComp) Not registered. Aborting.
[2015.09.01-06.40.39:379][149]LogD3D11RHI: InitD3DDevice
[2015.09.01-06.40.39:409][149]LogMaterial: Missing cached shader map for material Road_Mat, compiling. 
[2015.09.01-06.40.39:459][149]LogD3D11RHI: InitD3DDevice
[2015.09.01-06.40.39:503][149]LogMaterial: Missing cached shader map for material Road_Mat, compiling. 
[2015.09.01-06.40.39:508][149]LogMaterial: 0.000035 seconds spent updating 1 materials, 1 interfaces, 0 instances, 0 with static permutations.
[2015.09.01-06.40.39:535][149]LogMaterial: Missing cached shader map for material FMatExpressionPreview MaterialExpressionTextureSample_0, compiling. 
[2015.09.01-06.40.40:858][167]MaterialEditorStats: Info Base pass shader with only dynamic lighting: 32 instructions
[2015.09.01-06.40.40:858][167]MaterialEditorStats: Info Vertex shader: 33 instructions
[2015.09.01-06.40.40:858][167]MaterialEditorStats: Info Texture samplers: 1/16
[2015.09.01-06.40.44:335][222]LogD3D11RHI: InitD3DDevice
[2015.09.01-06.40.46:570][233]LogD3D11RHI: InitD3DDevice
[2015.09.01-06.40.47:374][271]LogMaterial: Missing cached shader map for material Road_Mat, compiling. 
[2015.09.01-06.40.47:379][271]LogMaterial: 0.000089 seconds spent updating 1 materials, 1 interfaces, 0 instances, 0 with static permutations.
[2015.09.01-06.40.47:381][271]LogMaterial: Missing cached shader map for material Road_Mat, compiling. 
[2015.09.01-06.40.47:387][271]LogMaterial: 0.000067 seconds spent updating 1 materials, 1 interfaces, 0 instances, 0 with static permutations.
[2015.09.01-06.40.48:186][284]MaterialEditorStats: Info Base pass shader with only dynamic lighting: 32 instructions
[2015.09.01-06.40.48:186][284]MaterialEditorStats: Info Vertex shader: 33 instructions
[2015.09.01-06.40.48:186][284]MaterialEditorStats: Info Texture samplers: 1/16
[2015.09.01-06.40.51:031][326]LogMaterial: Missing cached shader map for material Road_Mat, compiling. 
[2015.09.01-06.40.51:036][326]LogMaterial: 0.000162 seconds spent updating 1 materials, 1 interfaces, 0 instances, 0 with static permutations.
[2015.09.01-06.40.51:827][338]MaterialEditorStats: Info Base pass shader with only dynamic lighting: 32 instructions
[2015.09.01-06.40.51:827][338]MaterialEditorStats: Info Vertex shader: 33 instructions
[2015.09.01-06.40.51:827][338]MaterialEditorStats: Info Texture samplers: 1/16
[2015.09.01-06.40.53:840][367]LogMaterial: Missing cached shader map for material Road_Mat, compiling. 
[2015.09.01-06.40.53:845][367]LogMaterial: 0.000163 seconds spent updating 1 materials, 1 interfaces, 0 instances, 0 with static permutations.
[2015.09.01-06.40.54:722][380]MaterialEditorStats: Info Base pass shader with only dynamic lighting: 32 instructions
[2015.09.01-06.40.54:722][380]MaterialEditorStats: Info Vertex shader: 33 instructions
[2015.09.01-06.40.54:722][380]MaterialEditorStats: Info Texture samplers: 1/16
[2015.09.01-06.40.54:926][383]LogActorComponent: UnregisterComponent: (/Engine/Transient.CharMoveComp) Not registered. Aborting.
[2015.09.01-06.40.55:947][398]LogMaterialEditor: Applying material Road_Mat
[2015.09.01-06.40.56:350][398]LogMaterial: Missing cached shader map for material Road_Mat, compiling. 
[2015.09.01-06.40.56:369][398]LogMaterial: 0.000125 seconds spent updating 1 materials, 1 interfaces, 0 instances, 0 with static permutations.
[2015.09.01-06.40.56:371][398]LogD3D11RHI: InitD3DDevice
[2015.09.01-06.40.56:399][398]LogMaterial: Missing cached shader map for material Road_Mat, compiling. 
[2015.09.01-06.40.56:432][398]LogMaterial: Missing cached shader map for material Road_Mat, compiling. 
[2015.09.01-06.40.56:443][398]LogMaterial: 0.001238 seconds spent updating 1 materials, 1 interfaces, 0 instances, 0 with static permutations.
[2015.09.01-06.41.00:946][478]LogPlayLevel: PIE:  No blueprints needed recompiling
[2015.09.01-06.41.00:946][478]PIE: New page: PIE session: MainMenu (Aug 31, 2015, 10:41:00 PM)
[2015.09.01-06.41.00:946][478]LogPlayLevel: Creating play world package: /Game/Bigger/Maps/UEDPIE_0_MainMenu
[2015.09.01-06.41.00:955][478]LogPlayLevel: PIE: StaticDuplicateObject took: (0.009247s)
[2015.09.01-06.41.00:956][478]LogAIModule: Creating AISystem for world MainMenu
[2015.09.01-06.41.00:956][478]LogPlayLevel: PIE: World Init took: (0.000893s)
[2015.09.01-06.41.00:956][478]LogPlayLevel: PIE: Created PIE world by copying editor world from /Game/Bigger/Maps/MainMenu.MainMenu to /Game/Bigger/Maps/UEDPIE_0_MainMenu.MainMenu (0.010304s)
[2015.09.01-06.41.01:003][478]LogParticles: Destroying 0 GPU particle simulations for FXSystem 0x000000DDA2246520
[2015.09.01-06.41.01:003][478]LogInit: XAudio2 using 'Speakers (M-Audio Micro)' : 2 channels at 44.1 kHz using 16 bits per sample (channel mask 0x3)
[2015.09.01-06.41.01:010][478]LogInit: FAudioDevice initialized.
[2015.09.01-06.41.01:014][478]LogD3D11RHI: InitD3DDevice
[2015.09.01-06.41.01:052][478]LogWorld: Game class is 'MainMenuGameMode_C'
[2015.09.01-06.41.01:058][478]LogWorld: Bringing World /Game/Bigger/Maps/UEDPIE_0_MainMenu.MainMenu up for play (max tick rate 60) at 2015.09.01-02.41.01
[2015.09.01-06.41.01:058][478]LogActor:Warning: GameSession /Game/Bigger/Maps/UEDPIE_0_MainMenu.MainMenu:PersistentLevel.GameSession_2 has natively added scene component(s), but none of them were set as the actor's RootComponent - picking one arbitrarily
[2015.09.01-06.41.01:058][478]LogActor:Warning: GameNetworkManager /Game/Bigger/Maps/UEDPIE_0_MainMenu.MainMenu:PersistentLevel.GameNetworkManager_2 has natively added scene component(s), but none of them were set as the actor's RootComponent - picking one arbitrarily
[2015.09.01-06.41.01:059][478]LogWorld: Bringing up level for play took: 0.005341
[2015.09.01-06.41.01:063][478]Cmd: sg.AntiAliasingQuality 2
[2015.09.01-06.41.01:063][478]sg.AntiAliasingQuality = "2"
[2015.09.01-06.41.01:063][478]Cmd: sg.EffectsQuality 2
[2015.09.01-06.41.01:063][478]sg.EffectsQuality = "2"
[2015.09.01-06.41.01:063][478]Cmd: sg.PostProcessQuality2
[2015.09.01-06.41.01:063][478]Command not recognized: sg.PostProcessQuality2
[2015.09.01-06.41.01:063][478]Cmd: sg.ResolutionQuality 100
[2015.09.01-06.41.01:063][478]sg.ResolutionQuality = "100"
[2015.09.01-06.41.01:063][478]Cmd: sg.ShadowQuality 2
[2015.09.01-06.41.01:063][478]sg.ShadowQuality = "2"
[2015.09.01-06.41.01:063][478]Cmd: sg.TextureQuality 2
[2015.09.01-06.41.01:063][478]sg.TextureQuality = "2"
[2015.09.01-06.41.01:063][478]Cmd: sg.ViewDistanceQuality 2
[2015.09.01-06.41.01:063][478]sg.ViewDistanceQuality = "2"
[2015.09.01-06.41.01:085][478]PIE: Info Play in editor start time for /Game/Bigger/Maps/UEDPIE_0_MainMenu 0.661
[2015.09.01-06.41.10:103][675]LogParticles: Destroying 0 GPU particle simulations for FXSystem 0x000000DDA25E7560
[2015.09.01-06.41.28:121][  7]LogPlayLevel: PIE:  No blueprints needed recompiling
[2015.09.01-06.41.28:121][  7]PIE: New page: PIE session: MainMenu (Aug 31, 2015, 10:41:28 PM)
[2015.09.01-06.41.28:121][  7]LogPlayLevel: Creating play world package: /Game/Bigger/Maps/UEDPIE_0_MainMenu
[2015.09.01-06.41.28:131][  7]LogPlayLevel: PIE: StaticDuplicateObject took: (0.009776s)
[2015.09.01-06.41.28:132][  7]LogAIModule: Creating AISystem for world MainMenu
[2015.09.01-06.41.28:132][  7]LogPlayLevel: PIE: World Init took: (0.001082s)
[2015.09.01-06.41.28:132][  7]LogPlayLevel: PIE: Created PIE world by copying editor world from /Game/Bigger/Maps/MainMenu.MainMenu to /Game/Bigger/Maps/UEDPIE_0_MainMenu.MainMenu (0.011033s)
[2015.09.01-06.41.28:176][  7]LogInit: XAudio2 using 'Speakers (M-Audio Micro)' : 2 channels at 44.1 kHz using 16 bits per sample (channel mask 0x3)
[2015.09.01-06.41.28:183][  7]LogInit: FAudioDevice initialized.
[2015.09.01-06.41.28:186][  7]LogD3D11RHI: InitD3DDevice
[2015.09.01-06.41.28:217][  7]LogWorld: Game class is 'MainMenuGameMode_C'
[2015.09.01-06.41.28:224][  7]LogWorld: Bringing World /Game/Bigger/Maps/UEDPIE_0_MainMenu.MainMenu up for play (max tick rate 60) at 2015.09.01-02.41.28
[2015.09.01-06.41.28:225][  7]LogActor:Warning: GameSession /Game/Bigger/Maps/UEDPIE_0_MainMenu.MainMenu:PersistentLevel.GameSession_3 has natively added scene component(s), but none of them were set as the actor's RootComponent - picking one arbitrarily
[2015.09.01-06.41.28:225][  7]LogActor:Warning: GameNetworkManager /Game/Bigger/Maps/UEDPIE_0_MainMenu.MainMenu:PersistentLevel.GameNetworkManager_3 has natively added scene component(s), but none of them were set as the actor's RootComponent - picking one arbitrarily
[2015.09.01-06.41.28:226][  7]LogWorld: Bringing up level for play took: 0.006226
[2015.09.01-06.41.28:230][  7]Cmd: sg.AntiAliasingQuality 2
[2015.09.01-06.41.28:230][  7]sg.AntiAliasingQuality = "2"
[2015.09.01-06.41.28:230][  7]Cmd: sg.EffectsQuality 2
[2015.09.01-06.41.28:230][  7]sg.EffectsQuality = "2"
[2015.09.01-06.41.28:230][  7]Cmd: sg.PostProcessQuality2
[2015.09.01-06.41.28:230][  7]Command not recognized: sg.PostProcessQuality2
[2015.09.01-06.41.28:230][  7]Cmd: sg.ResolutionQuality 100
[2015.09.01-06.41.28:230][  7]sg.ResolutionQuality = "100"
[2015.09.01-06.41.28:230][  7]Cmd: sg.ShadowQuality 2
[2015.09.01-06.41.28:230][  7]sg.ShadowQuality = "2"
[2015.09.01-06.41.28:230][  7]Cmd: sg.TextureQuality 2
[2015.09.01-06.41.28:230][  7]sg.TextureQuality = "2"
[2015.09.01-06.41.28:230][  7]Cmd: sg.ViewDistanceQuality 2
[2015.09.01-06.41.28:230][  7]sg.ViewDistanceQuality = "2"
[2015.09.01-06.41.28:253][  7]PIE: Info Play in editor start time for /Game/Bigger/Maps/UEDPIE_0_MainMenu -0.17
[2015.09.01-06.41.34:858][153]LogPackageName: SearchForPackageOnDisk took   0.097s to resolve Race4.umap
[2015.09.01-06.41.34:958][154]LogPackageName: SearchForPackageOnDisk took   0.088s to resolve Race4.umap
[2015.09.01-06.41.34:958][154]LogNet: Browse: /Game/Bigger/Maps/Race4
[2015.09.01-06.41.34:958][154]LogLoad: LoadMap: /Game/Bigger/Maps/Race4
[2015.09.01-06.41.35:005][154]LogParticles: Destroying 0 GPU particle simulations for FXSystem 0x000000DDA25E4AE0
[2015.09.01-06.41.35:005][154]Cmd: MEM
[2015.09.01-06.41.35:039][154]LogMemory: Platform Memory Stats for Windows
[2015.09.01-06.41.35:039][154]LogMemory: Process Physical Memory: 1230.14 MB used, 1256.27 MB peak
[2015.09.01-06.41.35:039][154]LogMemory: Process Virtual Memory: 1169.88 MB used, 1226.33 MB peak
[2015.09.01-06.41.35:039][154]LogMemory: Physical Memory: 6397.86 MB used, 16267.18 MB total
[2015.09.01-06.41.35:039][154]LogMemory: Virtual Memory: 1942.45 MB used, 134217728.00 MB total
[2015.09.01-06.41.35:039][154]LogMemory: 
[2015.09.01-06.41.35:039][154]Allocator Stats for TBB: (not implemented)
[2015.09.01-06.41.35:158][154]LogAIModule: Creating AISystem for world Race4
[2015.09.01-06.41.35:307][154]LogWorld: Game class is 'BiggerGameMode_C'
[2015.09.01-06.41.35:341][154]LogWorld: Bringing World /Game/Bigger/Maps/UEDPIE_0_Race4.Race4 up for play (max tick rate 60) at 2015.09.01-02.41.35
[2015.09.01-06.41.35:341][154]LogActor:Warning: GameSession /Game/Bigger/Maps/UEDPIE_0_Race4.Race4:PersistentLevel.GameSession_4 has natively added scene component(s), but none of them were set as the actor's RootComponent - picking one arbitrarily
[2015.09.01-06.41.35:342][154]LogActor:Warning: GameNetworkManager /Game/Bigger/Maps/UEDPIE_0_Race4.Race4:PersistentLevel.GameNetworkManager_4 has natively added scene component(s), but none of them were set as the actor's RootComponent - picking one arbitrarily
[2015.09.01-06.41.35:343][154]LogWorld: Bringing up level for play took: 0.033330
[2015.09.01-06.43.01:725][472]LogParticles: Destroying 0 GPU particle simulations for FXSystem 0x000000DDA13AAFC0
[2015.09.01-06.44.36:068][782]LogActorComponent: UnregisterComponent: (/Engine/Transient.CharMoveComp) Not registered. Aborting.
[2015.09.01-06.44.36:164][782]LogD3D11RHI: InitD3DDevice
[2015.09.01-06.44.37:422][782]LogD3D11RHI: InitD3DDevice
[2015.09.01-06.44.37:473][782]Cmd: OBJ SAVEPACKAGE PACKAGE="/Game/Bigger/Images/Road_Mat" FILE="../../../../../../../Users/Owner/Documents/Unreal Projects/RigerBigger/Content/Bigger/Images/Road_Mat.uasset" SILENT=true
[2015.09.01-06.44.37:496][782]LogSavePackage: Save=13.400520ms
[2015.09.01-06.44.37:496][782]LogSavePackage: Moving '../../../../../../../Users/Owner/Documents/Unreal Projects/RigerBigger/Saved/Road_MatB8917B284BFE9E4B82F206AFBCFDBB42.tmp' to '../../../../../../../Users/Owner/Documents/Unreal Projects/RigerBigger/Content/Bigger/Images/Road_Mat.uasset'
[2015.09.01-06.44.37:633][782]LogWindowsTextInputMethodSystem:Display: IME system now deactivated.
[2015.09.01-06.44.37:633][782]LogWindowsTextInputMethodSystem:Display: IME system now deactivated.
[2015.09.01-06.44.37:900][783]Cmd: QUIT_EDITOR
[2015.09.01-06.44.38:754][783]LogExit: Preparing to exit.
[2015.09.01-06.44.39:865][783]LogExit: Editor shut down
[2015.09.01-06.44.39:866][783]LogExit: Transaction tracking system shut down
[2015.09.01-06.44.39:878][783]LogParticles: Destroying 0 GPU particle simulations for FXSystem 0x000000DDA56234C0
[2015.09.01-06.44.39:878][783]LogParticles: Destroying 0 GPU particle simulations for FXSystem 0x000000DDAFA5B9C0
[2015.09.01-06.44.39:879][783]LogParticles: Destroying 0 GPU particle simulations for FXSystem 0x000000DDAE1E6AC0
[2015.09.01-06.44.39:879][783]LogParticles: Destroying 0 GPU particle simulations for FXSystem 0x000000DDA104D4E0
[2015.09.01-06.44.39:879][783]LogParticles: Destroying 0 GPU particle simulations for FXSystem 0x000000DDB1108180
[2015.09.01-06.44.39:880][783]LogParticles: Destroying 0 GPU particle simulations for FXSystem 0x000000DD9F8C91C0
[2015.09.01-06.44.40:085][783]LogExit: Object subsystem successfully closed.
[2015.09.01-06.44.40:099][783]LogD3D11RHI: Shutdown
[2015.09.01-06.44.40:099][783]LogD3D11RHI: CleanupD3DDevice
[2015.09.01-06.44.40:182][783]LogD3D11RHI: ~FD3D11DynamicRHI
[2015.09.01-06.44.40:206][783]LogModuleManager: Shutting down and abandoning module MaterialEditor (190)
[2015.09.01-06.44.40:206][783]LogModuleManager: Shutting down and abandoning module CrashTracker (189)
[2015.09.01-06.44.40:206][783]LogModuleManager: Shutting down and abandoning module SceneOutliner (188)
[2015.09.01-06.44.40:206][783]LogModuleManager: Shutting down and abandoning module SuperSearch (187)
[2015.09.01-06.44.40:206][783]LogModuleManager: Shutting down and abandoning module WidgetCarousel (186)
[2015.09.01-06.44.40:206][783]LogModuleManager: Shutting down and abandoning module AddContentDialog (185)
[2015.09.01-06.44.40:209][783]LogModuleManager: Shutting down and abandoning module EditorWidgets (184)
[2015.09.01-06.44.40:209][783]LogModuleManager: Shutting down and abandoning module CollectionManager (183)
[2015.09.01-06.44.40:209][783]LogModuleManager: Shutting down and abandoning module StatsViewer (182)
[2015.09.01-06.44.40:209][783]LogModuleManager: Shutting down and abandoning module FoliageEdit (181)
[2015.09.01-06.44.40:209][783]LogModuleManager: Shutting down and abandoning module LandscapeEditor (180)
[2015.09.01-06.44.40:209][783]LogModuleManager: Shutting down and abandoning module ActorPickerMode (179)
[2015.09.01-06.44.40:209][783]LogModuleManager: Shutting down and abandoning module GeometryMode (178)
[2015.09.01-06.44.40:209][783]LogModuleManager: Shutting down and abandoning module TextureAlignMode (177)
[2015.09.01-06.44.40:209][783]LogModuleManager: Shutting down and abandoning module BspMode (176)
[2015.09.01-06.44.40:209][783]LogModuleManager: Shutting down and abandoning module PlacementMode (175)
[2015.09.01-06.44.40:209][783]LogModuleManager: Shutting down and abandoning module AutomationWorker (174)
[2015.09.01-06.44.40:209][783]LogModuleManager: Shutting down and abandoning module CharacterAI (173)
[2015.09.01-06.44.40:209][783]LogModuleManager: Shutting down and abandoning module SmartSnapping (172)
[2015.09.01-06.44.40:209][783]LogModuleManager: Shutting down and abandoning module ViewportSnapping (171)
[2015.09.01-06.44.40:209][783]LogModuleManager: Shutting down and abandoning module LogVisualizer (170)
[2015.09.01-06.44.40:209][783]LogModuleManager: Shutting down and abandoning module GameProjectGeneration (169)
[2015.09.01-06.44.40:209][783]LogModuleManager: Shutting down and abandoning module IntroTutorials (168)
[2015.09.01-06.44.40:209][783]LogModuleManager: Shutting down and abandoning module EditorLiveStreaming (167)
[2015.09.01-06.44.40:209][783]LogModuleManager: Shutting down and abandoning module IOSPlatformEditor (166)
[2015.09.01-06.44.40:209][783]LogModuleManager: Shutting down and abandoning module HTML5PlatformEditor (165)
[2015.09.01-06.44.40:209][783]LogModuleManager: Shutting down and abandoning module AndroidDeviceDetection (164)
[2015.09.01-06.44.40:259][783]LogModuleManager: Shutting down and abandoning module AndroidPlatformEditor (163)
[2015.09.01-06.44.40:259][783]LogModuleManager: Shutting down and abandoning module IOSRuntimeSettings (162)
[2015.09.01-06.44.40:259][783]LogModuleManager: Shutting down and abandoning module AndroidRuntimeSettings (161)
[2015.09.01-06.44.40:259][783]LogModuleManager: Shutting down and abandoning module MergeActors (160)
[2015.09.01-06.44.40:259][783]LogModuleManager: Shutting down and abandoning module SizeMap (159)
[2015.09.01-06.44.40:259][783]LogModuleManager: Shutting down and abandoning module TreeMap (158)
[2015.09.01-06.44.40:259][783]LogModuleManager: Shutting down and abandoning module ReferenceViewer (157)
[2015.09.01-06.44.40:259][783]LogModuleManager: Shutting down and abandoning module LocalizationDashboard (156)
[2015.09.01-06.44.40:259][783]LogModuleManager: Shutting down and abandoning module HardwareTargeting (155)
[2015.09.01-06.44.40:259][783]LogModuleManager: Shutting down and abandoning module DeviceProfileEditor (154)
[2015.09.01-06.44.40:259][783]LogModuleManager: Shutting down and abandoning module UndoHistory (153)
[2015.09.01-06.44.40:259][783]LogModuleManager: Shutting down and abandoning module GameplayTagsEditor (152)
[2015.09.01-06.44.40:259][783]LogModuleManager: Shutting down and abandoning module UserFeedback (151)
[2015.09.01-06.44.40:259][783]LogModuleManager: Shutting down and abandoning module XmlParser (150)
[2015.09.01-06.44.40:259][783]LogModuleManager: Shutting down and abandoning module Blutility (149)
[2015.09.01-06.44.40:259][783]LogModuleManager: Shutting down and abandoning module ProjectTargetPlatformEditor (148)
[2015.09.01-06.44.40:259][783]LogModuleManager: Shutting down and abandoning module ProjectSettingsViewer (147)
[2015.09.01-06.44.40:259][783]LogModuleManager: Shutting down and abandoning module InputBindingEditor (146)
[2015.09.01-06.44.40:259][783]LogModuleManager: Shutting down and abandoning module EditorSettingsViewer (145)
[2015.09.01-06.44.40:259][783]LogModuleManager: Shutting down and abandoning module SettingsEditor (144)
[2015.09.01-06.44.40:259][783]LogModuleManager: Shutting down and abandoning module ProjectLauncher (143)
[2015.09.01-06.44.40:259][783]LogModuleManager: Shutting down and abandoning module SessionFrontend (142)
[2015.09.01-06.44.40:259][783]LogModuleManager: Shutting down and abandoning module ProfilerClient (141)
[2015.09.01-06.44.40:259][783]LogModuleManager: Shutting down and abandoning module TargetDeviceServices (140)
[2015.09.01-06.44.40:259][783]LogModuleManager: Shutting down and abandoning module DeviceManager (139)
[2015.09.01-06.44.40:259][783]LogModuleManager: Shutting down and abandoning module AutomationController (138)
[2015.09.01-06.44.40:259][783]LogModuleManager: Shutting down and abandoning module AutomationWindow (137)
[2015.09.01-06.44.40:259][783]LogModuleManager: Shutting down and abandoning module Layers (136)
[2015.09.01-06.44.40:259][783]LogModuleManager: Shutting down and abandoning module ComponentVisualizers (135)
[2015.09.01-06.44.40:259][783]LogModuleManager: Shutting down and abandoning module DetailCustomizations (134)
[2015.09.01-06.44.40:259][783]LogModuleManager: Shutting down and abandoning module PackagesDialog (133)
[2015.09.01-06.44.40:260][783]LogModuleManager: Shutting down and abandoning module AssetRegistry (132)
[2015.09.01-06.44.40:399][783]LogModuleManager: Shutting down and abandoning module Persona (131)
[2015.09.01-06.44.40:399][783]LogModuleManager: Shutting down and abandoning module Kismet (130)
[2015.09.01-06.44.40:399][783]LogModuleManager: Shutting down and abandoning module GraphEditor (129)
[2015.09.01-06.44.40:399][783]LogModuleManager: Shutting down and abandoning module ClassViewer (128)
[2015.09.01-06.44.40:399][783]LogModuleManager: Shutting down and abandoning module Toolbox (127)
[2015.09.01-06.44.40:399][783]LogModuleManager: Shutting down and abandoning module ModuleUI (126)
[2015.09.01-06.44.40:399][783]LogModuleManager: Shutting down and abandoning module MovieSceneTools (125)
[2015.09.01-06.44.40:400][783]LogModuleManager: Shutting down and abandoning module OutputLog (124)
[2015.09.01-06.44.40:400][783]LogModuleManager: Shutting down and abandoning module GammaUI (123)
[2015.09.01-06.44.40:400][783]LogModuleManager: Shutting down and abandoning module Documentation (122)
[2015.09.01-06.44.40:400][783]LogModuleManager: Shutting down and abandoning module GameLiveStreaming (121)
[2015.09.01-06.44.40:400][783]LogModuleManager: Shutting down and abandoning module StreamingPauseRendering (120)
[2015.09.01-06.44.40:400][783]LogModuleManager: Shutting down and abandoning module AnalyticsET (119)
[2015.09.01-06.44.40:400][783]LogModuleManager: Shutting down and abandoning module Analytics (118)
[2015.09.01-06.44.40:400][783]LogModuleManager: Shutting down and abandoning module AITestSuite (117)
[2015.09.01-06.44.40:400][783]LogModuleManager: Shutting down and abandoning module GameplayDebugger (116)
[2015.09.01-06.44.40:400][783]LogModuleManager: Shutting down and abandoning module AIModule (115)
[2015.09.01-06.44.40:400][783]LogModuleManager: Shutting down and abandoning module ProfilerService (114)
[2015.09.01-06.44.40:550][783]LogModuleManager: Shutting down and abandoning module TaskGraph (113)
[2015.09.01-06.44.40:550][783]LogModuleManager: Shutting down and abandoning module SlateRemote (112)
[2015.09.01-06.44.40:550][783]LogModuleManager: Shutting down and abandoning module SteamVRController (111)
[2015.09.01-06.44.40:550][783]LogModuleManager: Shutting down and abandoning module SteamVR (110)
[2015.09.01-06.44.40:550][783]LogModuleManager: Shutting down and abandoning module ProceduralMeshComponent (109)
[2015.09.01-06.44.40:550][783]LogModuleManager: Shutting down and abandoning module OculusRift (108)
[2015.09.01-06.44.40:550][783]LogModuleManager: Shutting down and abandoning module LeapMotionController (107)
[2015.09.01-06.44.40:611][783]LogModuleManager: Shutting down and abandoning module CustomMeshComponent (106)
[2015.09.01-06.44.40:611][783]LogModuleManager: Shutting down and abandoning module CableComponent (105)
[2015.09.01-06.44.40:611][783]LogModuleManager: Shutting down and abandoning module MessagingDebugger (104)
[2015.09.01-06.44.40:611][783]LogModuleManager: Shutting down and abandoning module MediaPlayerEditor (103)
[2015.09.01-06.44.40:611][783]LogModuleManager: Shutting down and abandoning module SpeedTreeImporter (102)
[2015.09.01-06.44.40:611][783]LogModuleManager: Shutting down and abandoning module PluginBrowser (101)
[2015.09.01-06.44.40:611][783]LogModuleManager: Shutting down and abandoning module EpicSurvey (100)
[2015.09.01-06.44.40:611][783]LogModuleManager: Shutting down and abandoning module DesktopPlatform (99)
[2015.09.01-06.44.40:611][783]LogModuleManager: Shutting down and abandoning module VisualStudioSourceCodeAccess (98)
[2015.09.01-06.44.40:611][783]LogModuleManager: Shutting down and abandoning module UObjectPlugin (97)
[2015.09.01-06.44.40:611][783]LogModuleManager: Shutting down and abandoning module SubversionSourceControl (96)
[2015.09.01-06.44.40:611][783]LogModuleManager: Shutting down and abandoning module PerforceSourceControl (95)
[2015.09.01-06.44.40:611][783]LogModuleManager: Shutting down and abandoning module SourceControl (94)
[2015.09.01-06.44.40:611][783]LogModuleManager: Shutting down and abandoning module GitSourceControl (93)
[2015.09.01-06.44.40:611][783]LogModuleManager: Shutting down and abandoning module BlankPlugin (92)
[2015.09.01-06.44.40:611][783]LogModuleManager: Shutting down and abandoning module PaperTiledImporter (91)
[2015.09.01-06.44.40:611][783]LogModuleManager: Shutting down and abandoning module PaperSpriteSheetImporter (90)
[2015.09.01-06.44.40:611][783]LogModuleManager: Shutting down and abandoning module MeshPaint (89)
[2015.09.01-06.44.40:611][783]LogModuleManager: Shutting down and abandoning module SlateReflector (88)
[2015.09.01-06.44.40:611][783]LogModuleManager: Shutting down and abandoning module DirectoryWatcher (87)
[2015.09.01-06.44.40:613][783]LogModuleManager: Shutting down and abandoning module HotReload (86)
[2015.09.01-06.44.40:613][783]LogModuleManager: Shutting down and abandoning module MainFrame (85)
[2015.09.01-06.44.40:613][783]LogModuleManager: Shutting down and abandoning module LevelEditor (84)
[2015.09.01-06.44.40:614][783]LogModuleManager: Shutting down and abandoning module ContentBrowser (83)
[2015.09.01-06.44.40:614][783]LogModuleManager: Shutting down and abandoning module Paper2DEditor (82)
[2015.09.01-06.44.40:614][783]LogModuleManager: Shutting down and abandoning module RigerBigger (81)
[2015.09.01-06.44.40:614][783]LogModuleManager: Shutting down and abandoning module UdpMessaging (80)
[2015.09.01-06.44.40:716][783]LogModuleManager: Shutting down and abandoning module Paper2D (79)
[2015.09.01-06.44.40:716][783]LogModuleManager: Shutting down and abandoning module WindowsMoviePlayer (78)
[2015.09.01-06.44.40:718][783]LogModuleManager: Shutting down and abandoning module Media (77)
[2015.09.01-06.44.40:718][783]LogModuleManager: Shutting down and abandoning module WmfMedia (76)
[2015.09.01-06.44.40:718][783]LogModuleManager: Shutting down and abandoning module OnlineBlueprintSupport (75)
[2015.09.01-06.44.40:718][783]LogModuleManager: Shutting down and abandoning module PropertyEditor (74)
[2015.09.01-06.44.40:718][783]LogModuleManager: Shutting down and abandoning module BehaviorTreeEditor (73)
[2015.09.01-06.44.40:718][783]LogModuleManager: Shutting down and abandoning module FunctionalTesting (72)
[2015.09.01-06.44.40:718][783]LogModuleManager: Shutting down and abandoning module CollisionAnalyzer (71)
[2015.09.01-06.44.40:718][783]LogModuleManager: Shutting down and abandoning module WorkspaceMenuStructure (70)
[2015.09.01-06.44.40:718][783]LogModuleManager: Shutting down and abandoning module MessageLog (69)
[2015.09.01-06.44.40:718][783]LogModuleManager: Shutting down and abandoning module Sequencer (68)
[2015.09.01-06.44.40:718][783]LogModuleManager: Shutting down and abandoning module AssetTools (67)
[2015.09.01-06.44.40:718][783]LogModuleManager: Shutting down and abandoning module UMGEditor (66)
[2015.09.01-06.44.40:718][783]LogModuleManager: Shutting down and abandoning module UMG (65)
[2015.09.01-06.44.40:718][783]LogModuleManager: Shutting down and abandoning module Slate (64)
[2015.09.01-06.44.40:718][783]LogModuleManager: Shutting down and abandoning module EditorStyle (63)
[2015.09.01-06.44.40:721][783]LogModuleManager: Shutting down and abandoning module SessionServices (62)
[2015.09.01-06.44.40:721][783]LogModuleManager: Shutting down and abandoning module SourceCodeAccess (61)
[2015.09.01-06.44.40:721][783]LogModuleManager: Shutting down and abandoning module HeadMountedDisplay (60)
[2015.09.01-06.44.40:721][783]LogModuleManager: Shutting down and abandoning module XAudio2 (59)
[2015.09.01-06.44.40:721][783]LogModuleManager: Shutting down and abandoning module Networking (57)
[2015.09.01-06.44.40:721][783]LogModuleManager: Shutting down and abandoning module Core (56)
[2015.09.01-06.44.40:721][783]LogModuleManager: Shutting down and abandoning module KismetCompiler (55)
[2015.09.01-06.44.40:721][783]LogModuleManager: Shutting down and abandoning module PhysXFormats (54)
[2015.09.01-06.44.40:721][783]LogModuleManager: Shutting down and abandoning module MeshUtilities (53)
[2015.09.01-06.44.40:721][783]LogModuleManager: Shutting down and abandoning module DerivedDataCache (52)
[2015.09.01-06.44.40:723][783]LogDerivedDataCache: Shutdown
[2015.09.01-06.44.40:723][783]LogModuleManager: Shutting down and abandoning module ShaderFormatOpenGL (51)
[2015.09.01-06.44.40:723][783]LogModuleManager: Shutting down and abandoning module ShaderFormatD3D (50)
[2015.09.01-06.44.40:723][783]LogModuleManager: Shutting down and abandoning module MetalShaderFormat (49)
[2015.09.01-06.44.40:723][783]LogModuleManager: Shutting down and abandoning module TextureFormatUncompressed (48)
[2015.09.01-06.44.40:723][783]LogModuleManager: Shutting down and abandoning module TextureFormatPVR (47)
[2015.09.01-06.44.40:723][783]LogModuleManager: Shutting down and abandoning module TextureFormatIntelISPCTexComp (46)
[2015.09.01-06.44.40:723][783]LogModuleManager: Shutting down and abandoning module TextureFormatDXT (45)
[2015.09.01-06.44.40:723][783]LogModuleManager: Shutting down and abandoning module ImageWrapper (44)
[2015.09.01-06.44.40:723][783]LogModuleManager: Shutting down and abandoning module TextureFormatASTC (43)
[2015.09.01-06.44.40:723][783]LogModuleManager: Shutting down and abandoning module TextureFormatAndroid (42)
[2015.09.01-06.44.40:723][783]LogModuleManager: Shutting down and abandoning module AudioFormatOpus (41)
[2015.09.01-06.44.40:723][783]LogModuleManager: Shutting down and abandoning module AudioFormatOgg (40)
[2015.09.01-06.44.40:723][783]LogModuleManager: Shutting down and abandoning module AudioFormatADPCM (39)
[2015.09.01-06.44.40:723][783]LogModuleManager: Shutting down and abandoning module LinuxTargetPlatform (38)
[2015.09.01-06.44.40:723][783]LogModuleManager: Shutting down and abandoning module LinuxServerTargetPlatform (37)
[2015.09.01-06.44.40:723][783]LogModuleManager: Shutting down and abandoning module LinuxNoEditorTargetPlatform (36)
[2015.09.01-06.44.40:723][783]LogModuleManager: Shutting down and abandoning module Messaging (35)
[2015.09.01-06.44.40:723][783]LogModuleManager: Shutting down and abandoning module IOSTargetPlatform (34)
[2015.09.01-06.44.40:723][783]LogModuleManager: Shutting down and abandoning module HTML5TargetPlatform (33)
[2015.09.01-06.44.40:723][783]LogModuleManager: Shutting down and abandoning module Android_PVRTCTargetPlatform (32)
[2015.09.01-06.44.40:723][783]LogModuleManager: Shutting down and abandoning module Android_ETC2TargetPlatform (31)
[2015.09.01-06.44.40:723][783]LogModuleManager: Shutting down and abandoning module Android_ETC1TargetPlatform (30)
[2015.09.01-06.44.40:723][783]LogModuleManager: Shutting down and abandoning module Android_DXTTargetPlatform (29)
[2015.09.01-06.44.40:723][783]LogModuleManager: Shutting down and abandoning module Android_ATCTargetPlatform (28)
[2015.09.01-06.44.40:723][783]LogModuleManager: Shutting down and abandoning module Android_ASTCTargetPlatform (27)
[2015.09.01-06.44.40:723][783]LogModuleManager: Shutting down and abandoning module AndroidTargetPlatform (26)
[2015.09.01-06.44.40:723][783]LogModuleManager: Shutting down and abandoning module WindowsTargetPlatform (25)
[2015.09.01-06.44.40:723][783]LogModuleManager: Shutting down and abandoning module WindowsServerTargetPlatform (24)
[2015.09.01-06.44.40:723][783]LogModuleManager: Shutting down and abandoning module WindowsNoEditorTargetPlatform (23)
[2015.09.01-06.44.40:723][783]LogModuleManager: Shutting down and abandoning module WindowsClientTargetPlatform (22)
[2015.09.01-06.44.40:723][783]LogModuleManager: Shutting down and abandoning module DesktopTargetPlatform (21)
[2015.09.01-06.44.40:723][783]LogModuleManager: Shutting down and abandoning module TargetPlatform (20)
[2015.09.01-06.44.40:723][783]LogModuleManager: Shutting down and abandoning module InputCore (19)
[2015.09.01-06.44.40:723][783]LogModuleManager: Shutting down and abandoning module Settings (18)
[2015.09.01-06.44.40:723][783]LogModuleManager: Shutting down and abandoning module OnlineSubsystem (16)
[2015.09.01-06.44.40:723][783]LogModuleManager: Shutting down and abandoning module HTTP (15)
[2015.09.01-06.44.40:723][783]LogModuleManager: Shutting down and abandoning module ExampleDeviceProfileSelector (14)
[2015.09.01-06.44.40:723][783]LogModuleManager: Shutting down and abandoning module TextureCompressor (13)
[2015.09.01-06.44.40:724][783]LogModuleManager: Shutting down and abandoning module ShaderCore (12)
[2015.09.01-06.44.40:724][783]LogModuleManager: Shutting down and abandoning module Landscape (11)
[2015.09.01-06.44.40:724][783]LogModuleManager: Shutting down and abandoning module SlateRHIRenderer (10)
[2015.09.01-06.44.40:726][783]LogModuleManager: Shutting down and abandoning module OpenGLDrv (9)
[2015.09.01-06.44.40:726][783]LogModuleManager: Shutting down and abandoning module D3D11RHI (8)
[2015.09.01-06.44.40:726][783]LogModuleManager: Shutting down and abandoning module Renderer (7)
[2015.09.01-06.44.40:726][783]LogModuleManager: Shutting down and abandoning module Engine (6)
[2015.09.01-06.44.40:726][783]LogModuleManager: Shutting down and abandoning module CoreUObject (5)
[2015.09.01-06.44.40:726][783]LogModuleManager: Shutting down and abandoning module NetworkFile (4)
[2015.09.01-06.44.40:726][783]LogModuleManager: Shutting down and abandoning module StreamingFile (3)
[2015.09.01-06.44.40:726][783]LogModuleManager: Shutting down and abandoning module SandboxFile (2)
[2015.09.01-06.44.40:726][783]LogModuleManager: Shutting down and abandoning module PakFile (1)
[2015.09.01-06.44.40:726][783]LogExit: Exiting.
[2015.09.01-06.44.40:728][783]Log file closed, 09/01/15 02:44:40
